Symlinking /media/jetson/home/selfdriving/devel/share/gennodejs/ros/ultralytics_ros/_index.js
Symlinking /media/jetson/home/selfdriving/devel/share/gennodejs/ros/ultralytics_ros/msg/YoloResult.js
Symlinking /media/jetson/home/selfdriving/devel/share/gennodejs/ros/ultralytics_ros/msg/_index.js
Symlinking /media/jetson/home/selfdriving/devel/share/ultralytics_ros/cmake/ultralytics_rosConfig.cmake
Symlinking /media/jetson/home/selfdriving/devel/share/ultralytics_ros/cmake/ultralytics_ros-msg-extras.cmake
Symlinking /media/jetson/home/selfdriving/devel/share/ultralytics_ros/cmake/ultralytics_ros-msg-paths.cmake
Symlinking /media/jetson/home/selfdriving/devel/share/ultralytics_ros/cmake/ultralytics_rosConfig-version.cmake
Symlinking /media/jetson/home/selfdriving/devel/share/common-lisp/ros/ultralytics_ros/msg/_package_YoloResult.lisp
Symlinking /media/jetson/home/selfdriving/devel/share/common-lisp/ros/ultralytics_ros/msg/YoloResult.lisp
Symlinking /media/jetson/home/selfdriving/devel/share/common-lisp/ros/ultralytics_ros/msg/ultralytics_ros-msg.asd
Symlinking /media/jetson/home/selfdriving/devel/share/common-lisp/ros/ultralytics_ros/msg/_package.lisp
Symlinking /media/jetson/home/selfdriving/devel/share/roseus/ros/ultralytics_ros/manifest.l
Symlinking /media/jetson/home/selfdriving/devel/share/roseus/ros/ultralytics_ros/msg/YoloResult.l
Symlinking /media/jetson/home/selfdriving/devel/include/ultralytics_ros/YoloResult.h
Symlinking /media/jetson/home/selfdriving/devel/lib/pkgconfig/ultralytics_ros.pc
Symlinking /media/jetson/home/selfdriving/devel/lib/ultralytics_ros/tracker_with_cloud_node
Symlinking /media/jetson/home/selfdriving/devel/lib/python3/dist-packages/ultralytics_ros/__init__.py
Symlinking /media/jetson/home/selfdriving/devel/lib/python3/dist-packages/ultralytics_ros/msg/_YoloResult.py
Symlinking /media/jetson/home/selfdriving/devel/lib/python3/dist-packages/ultralytics_ros/msg/__init__.py
Cleaning: (/home/fachri/selfdriving/devel/.private/ultralytics_ros/cmake.lock, /home/fachri/selfdriving/devel/./cmake.lock)
Cleaning: (/home/fachri/selfdriving/devel/.private/ultralytics_ros/share/roseus/ros/ultralytics_ros/manifest.l, /home/fachri/selfdriving/devel/share/roseus/ros/ultralytics_ros/manifest.l)
Cleaning: (/home/fachri/selfdriving/devel/.private/ultralytics_ros/share/roseus/ros/ultralytics_ros/msg/YoloResult.l, /home/fachri/selfdriving/devel/share/roseus/ros/ultralytics_ros/msg/YoloResult.l)
Cleaning: (/home/fachri/selfdriving/devel/.private/ultralytics_ros/share/ultralytics_ros/cmake/ultralytics_rosConfig.cmake, /home/fachri/selfdriving/devel/share/ultralytics_ros/cmake/ultralytics_rosConfig.cmake)
Cleaning: (/home/fachri/selfdriving/devel/.private/ultralytics_ros/share/ultralytics_ros/cmake/ultralytics_rosConfig-version.cmake, /home/fachri/selfdriving/devel/share/ultralytics_ros/cmake/ultralytics_rosConfig-version.cmake)
Cleaning: (/home/fachri/selfdriving/devel/.private/ultralytics_ros/share/ultralytics_ros/cmake/ultralytics_ros-msg-paths.cmake, /home/fachri/selfdriving/devel/share/ultralytics_ros/cmake/ultralytics_ros-msg-paths.cmake)
Cleaning: (/home/fachri/selfdriving/devel/.private/ultralytics_ros/share/ultralytics_ros/cmake/ultralytics_ros-msg-extras.cmake, /home/fachri/selfdriving/devel/share/ultralytics_ros/cmake/ultralytics_ros-msg-extras.cmake)
Cleaning: (/home/fachri/selfdriving/devel/.private/ultralytics_ros/share/common-lisp/ros/ultralytics_ros/msg/_package.lisp, /home/fachri/selfdriving/devel/share/common-lisp/ros/ultralytics_ros/msg/_package.lisp)
Cleaning: (/home/fachri/selfdriving/devel/.private/ultralytics_ros/share/common-lisp/ros/ultralytics_ros/msg/_package_YoloResult.lisp, /home/fachri/selfdriving/devel/share/common-lisp/ros/ultralytics_ros/msg/_package_YoloResult.lisp)
Cleaning: (/home/fachri/selfdriving/devel/.private/ultralytics_ros/share/common-lisp/ros/ultralytics_ros/msg/YoloResult.lisp, /home/fachri/selfdriving/devel/share/common-lisp/ros/ultralytics_ros/msg/YoloResult.lisp)
Cleaning: (/home/fachri/selfdriving/devel/.private/ultralytics_ros/share/common-lisp/ros/ultralytics_ros/msg/ultralytics_ros-msg.asd, /home/fachri/selfdriving/devel/share/common-lisp/ros/ultralytics_ros/msg/ultralytics_ros-msg.asd)
Cleaning: (/home/fachri/selfdriving/devel/.private/ultralytics_ros/share/gennodejs/ros/ultralytics_ros/_index.js, /home/fachri/selfdriving/devel/share/gennodejs/ros/ultralytics_ros/_index.js)
Cleaning: (/home/fachri/selfdriving/devel/.private/ultralytics_ros/share/gennodejs/ros/ultralytics_ros/msg/YoloResult.js, /home/fachri/selfdriving/devel/share/gennodejs/ros/ultralytics_ros/msg/YoloResult.js)
Cleaning: (/home/fachri/selfdriving/devel/.private/ultralytics_ros/share/gennodejs/ros/ultralytics_ros/msg/_index.js, /home/fachri/selfdriving/devel/share/gennodejs/ros/ultralytics_ros/msg/_index.js)
Cleaning: (/home/fachri/selfdriving/devel/.private/ultralytics_ros/lib/python3/dist-packages/ultralytics_ros/__init__.py, /home/fachri/selfdriving/devel/lib/python3/dist-packages/ultralytics_ros/__init__.py)
Cleaning: (/home/fachri/selfdriving/devel/.private/ultralytics_ros/lib/python3/dist-packages/ultralytics_ros/msg/__init__.py, /home/fachri/selfdriving/devel/lib/python3/dist-packages/ultralytics_ros/msg/__init__.py)
Cleaning: (/home/fachri/selfdriving/devel/.private/ultralytics_ros/lib/python3/dist-packages/ultralytics_ros/msg/_YoloResult.py, /home/fachri/selfdriving/devel/lib/python3/dist-packages/ultralytics_ros/msg/_YoloResult.py)
Cleaning: (/home/fachri/selfdriving/devel/.private/ultralytics_ros/lib/pkgconfig/ultralytics_ros.pc, /home/fachri/selfdriving/devel/lib/pkgconfig/ultralytics_ros.pc)
Cleaning: (/home/fachri/selfdriving/devel/.private/ultralytics_ros/lib/ultralytics_ros/tracker_with_cloud_node, /home/fachri/selfdriving/devel/lib/ultralytics_ros/tracker_with_cloud_node)
Cleaning: (/home/fachri/selfdriving/devel/.private/ultralytics_ros/include/ultralytics_ros/YoloResult.h, /home/fachri/selfdriving/devel/include/ultralytics_ros/YoloResult.h)
Unlinking: /home/fachri/selfdriving/devel/share/roseus/ros/ultralytics_ros/manifest.l
Already unlinked: {}
Unlinking: /home/fachri/selfdriving/devel/share/roseus/ros/ultralytics_ros/msg/YoloResult.l
Already unlinked: {}
Unlinking: /home/fachri/selfdriving/devel/share/ultralytics_ros/cmake/ultralytics_rosConfig.cmake
Already unlinked: {}
Unlinking: /home/fachri/selfdriving/devel/share/ultralytics_ros/cmake/ultralytics_rosConfig-version.cmake
Already unlinked: {}
Unlinking: /home/fachri/selfdriving/devel/share/ultralytics_ros/cmake/ultralytics_ros-msg-paths.cmake
Already unlinked: {}
Unlinking: /home/fachri/selfdriving/devel/share/ultralytics_ros/cmake/ultralytics_ros-msg-extras.cmake
Already unlinked: {}
Unlinking: /home/fachri/selfdriving/devel/share/common-lisp/ros/ultralytics_ros/msg/_package.lisp
Already unlinked: {}
Unlinking: /home/fachri/selfdriving/devel/share/common-lisp/ros/ultralytics_ros/msg/_package_YoloResult.lisp
Already unlinked: {}
Unlinking: /home/fachri/selfdriving/devel/share/common-lisp/ros/ultralytics_ros/msg/YoloResult.lisp
Already unlinked: {}
Unlinking: /home/fachri/selfdriving/devel/share/common-lisp/ros/ultralytics_ros/msg/ultralytics_ros-msg.asd
Already unlinked: {}
Unlinking: /home/fachri/selfdriving/devel/share/gennodejs/ros/ultralytics_ros/_index.js
Already unlinked: {}
Unlinking: /home/fachri/selfdriving/devel/share/gennodejs/ros/ultralytics_ros/msg/YoloResult.js
Already unlinked: {}
Unlinking: /home/fachri/selfdriving/devel/share/gennodejs/ros/ultralytics_ros/msg/_index.js
Already unlinked: {}
Unlinking: /home/fachri/selfdriving/devel/lib/python3/dist-packages/ultralytics_ros/__init__.py
Already unlinked: {}
Unlinking: /home/fachri/selfdriving/devel/lib/python3/dist-packages/ultralytics_ros/msg/__init__.py
Already unlinked: {}
Unlinking: /home/fachri/selfdriving/devel/lib/python3/dist-packages/ultralytics_ros/msg/_YoloResult.py
Already unlinked: {}
Unlinking: /home/fachri/selfdriving/devel/lib/pkgconfig/ultralytics_ros.pc
Already unlinked: {}
Unlinking: /home/fachri/selfdriving/devel/lib/ultralytics_ros/tracker_with_cloud_node
Already unlinked: {}
Unlinking: /home/fachri/selfdriving/devel/include/ultralytics_ros/YoloResult.h
Already unlinked: {}
