[35m[1mScanning dependencies of target _detection_msgs_generate_messages_check_deps_BoundingBox[0m
[  0%] Built target _detection_msgs_generate_messages_check_deps_BoundingBox
[35m[1mScanning dependencies of target _detection_msgs_generate_messages_check_deps_BoundingBoxes[0m
[  0%] Built target _detection_msgs_generate_messages_check_deps_BoundingBoxes
[35m[1mScanning dependencies of target std_msgs_generate_messages_lisp[0m
[  0%] Built target std_msgs_generate_messages_lisp
[35m[1mScanning dependencies of target std_msgs_generate_messages_nodejs[0m
[  0%] Built target std_msgs_generate_messages_nodejs
[35m[1mScanning dependencies of target std_msgs_generate_messages_eus[0m
[  0%] Built target std_msgs_generate_messages_eus
[35m[1mScanning dependencies of target std_msgs_generate_messages_cpp[0m
[  0%] Built target std_msgs_generate_messages_cpp
[35m[1mScanning dependencies of target std_msgs_generate_messages_py[0m
[  0%] Built target std_msgs_generate_messages_py
[35m[1mScanning dependencies of target detection_msgs_generate_messages_lisp[0m
[  8%] [34m[1mGenerating Lisp code from detection_msgs/BoundingBoxes.msg[0m
[ 16%] [34m[1mGenerating Lisp code from detection_msgs/BoundingBox.msg[0m
[35m[1mScanning dependencies of target detection_msgs_generate_messages_nodejs[0m
[ 16%] Built target detection_msgs_generate_messages_lisp
[ 25%] [34m[1mGenerating Javascript code from detection_msgs/BoundingBox.msg[0m
[35m[1mScanning dependencies of target detection_msgs_generate_messages_eus[0m
[ 33%] [34m[1mGenerating EusLisp code from detection_msgs/BoundingBox.msg[0m
[ 41%] [34m[1mGenerating EusLisp code from detection_msgs/BoundingBoxes.msg[0m
[ 50%] [34m[1mGenerating Javascript code from detection_msgs/BoundingBoxes.msg[0m
[ 58%] [34m[1mGenerating EusLisp manifest code for detection_msgs[0m
[ 58%] Built target detection_msgs_generate_messages_nodejs
[35m[1mScanning dependencies of target detection_msgs_generate_messages_cpp[0m
[ 66%] [34m[1mGenerating C++ code from detection_msgs/BoundingBox.msg[0m
[ 75%] [34m[1mGenerating C++ code from detection_msgs/BoundingBoxes.msg[0m
[35m[1mScanning dependencies of target detection_msgs_generate_messages_py[0m
[ 83%] [34m[1mGenerating Python from MSG detection_msgs/BoundingBox[0m
[ 91%] [34m[1mGenerating Python from MSG detection_msgs/BoundingBoxes[0m
[ 91%] Built target detection_msgs_generate_messages_cpp
[ 91%] Built target detection_msgs_generate_messages_eus
[100%] [34m[1mGenerating Python msg __init__.py for detection_msgs[0m
[100%] Built target detection_msgs_generate_messages_py
[35m[1mScanning dependencies of target detection_msgs_generate_messages[0m
[100%] Built target detection_msgs_generate_messages
