Symlinking /media/jetson/home/selfdriving/devel/share/gennodejs/ros/zed_interfaces/_index.js
Symlinking /media/jetson/home/selfdriving/devel/share/gennodejs/ros/zed_interfaces/msg/Keypoint3D.js
Symlinking /media/jetson/home/selfdriving/devel/share/gennodejs/ros/zed_interfaces/msg/BoundingBox2Di.js
Symlinking /media/jetson/home/selfdriving/devel/share/gennodejs/ros/zed_interfaces/msg/Skeleton2D.js
Symlinking /media/jetson/home/selfdriving/devel/share/gennodejs/ros/zed_interfaces/msg/PosTrackStatus.js
Symlinking /media/jetson/home/selfdriving/devel/share/gennodejs/ros/zed_interfaces/msg/Object.js
Symlinking /media/jetson/home/selfdriving/devel/share/gennodejs/ros/zed_interfaces/msg/PlaneStamped.js
Symlinking /media/jetson/home/selfdriving/devel/share/gennodejs/ros/zed_interfaces/msg/_index.js
Symlinking /media/jetson/home/selfdriving/devel/share/gennodejs/ros/zed_interfaces/msg/RGBDSensors.js
Symlinking /media/jetson/home/selfdriving/devel/share/gennodejs/ros/zed_interfaces/msg/BoundingBox3D.js
Symlinking /media/jetson/home/selfdriving/devel/share/gennodejs/ros/zed_interfaces/msg/Skeleton3D.js
Symlinking /media/jetson/home/selfdriving/devel/share/gennodejs/ros/zed_interfaces/msg/BoundingBox2Df.js
Symlinking /media/jetson/home/selfdriving/devel/share/gennodejs/ros/zed_interfaces/msg/Keypoint2Di.js
Symlinking /media/jetson/home/selfdriving/devel/share/gennodejs/ros/zed_interfaces/msg/ObjectsStamped.js
Symlinking /media/jetson/home/selfdriving/devel/share/gennodejs/ros/zed_interfaces/msg/Keypoint2Df.js
Symlinking /media/jetson/home/selfdriving/devel/share/gennodejs/ros/zed_interfaces/srv/reset_tracking.js
Symlinking /media/jetson/home/selfdriving/devel/share/gennodejs/ros/zed_interfaces/srv/reset_odometry.js
Symlinking /media/jetson/home/selfdriving/devel/share/gennodejs/ros/zed_interfaces/srv/toggle_led.js
Symlinking /media/jetson/home/selfdriving/devel/share/gennodejs/ros/zed_interfaces/srv/reset_roi.js
Symlinking /media/jetson/home/selfdriving/devel/share/gennodejs/ros/zed_interfaces/srv/_index.js
Symlinking /media/jetson/home/selfdriving/devel/share/gennodejs/ros/zed_interfaces/srv/set_pose.js
Symlinking /media/jetson/home/selfdriving/devel/share/gennodejs/ros/zed_interfaces/srv/save_3d_map.js
Symlinking /media/jetson/home/selfdriving/devel/share/gennodejs/ros/zed_interfaces/srv/stop_remote_stream.js
Symlinking /media/jetson/home/selfdriving/devel/share/gennodejs/ros/zed_interfaces/srv/start_object_detection.js
Symlinking /media/jetson/home/selfdriving/devel/share/gennodejs/ros/zed_interfaces/srv/stop_3d_mapping.js
Symlinking /media/jetson/home/selfdriving/devel/share/gennodejs/ros/zed_interfaces/srv/set_led_status.js
Symlinking /media/jetson/home/selfdriving/devel/share/gennodejs/ros/zed_interfaces/srv/start_3d_mapping.js
Symlinking /media/jetson/home/selfdriving/devel/share/gennodejs/ros/zed_interfaces/srv/start_remote_stream.js
Symlinking /media/jetson/home/selfdriving/devel/share/gennodejs/ros/zed_interfaces/srv/save_area_memory.js
Symlinking /media/jetson/home/selfdriving/devel/share/gennodejs/ros/zed_interfaces/srv/start_svo_recording.js
Symlinking /media/jetson/home/selfdriving/devel/share/gennodejs/ros/zed_interfaces/srv/stop_svo_recording.js
Symlinking /media/jetson/home/selfdriving/devel/share/gennodejs/ros/zed_interfaces/srv/set_roi.js
Symlinking /media/jetson/home/selfdriving/devel/share/gennodejs/ros/zed_interfaces/srv/stop_object_detection.js
Symlinking /media/jetson/home/selfdriving/devel/share/zed_interfaces/cmake/zed_interfacesConfig.cmake
Symlinking /media/jetson/home/selfdriving/devel/share/zed_interfaces/cmake/zed_interfacesConfig-version.cmake
Symlinking /media/jetson/home/selfdriving/devel/share/zed_interfaces/cmake/zed_interfaces-msg-paths.cmake
Symlinking /media/jetson/home/selfdriving/devel/share/zed_interfaces/cmake/zed_interfaces-msg-extras.cmake
Symlinking /media/jetson/home/selfdriving/devel/share/common-lisp/ros/zed_interfaces/msg/_package_BoundingBox2Df.lisp
Symlinking /media/jetson/home/selfdriving/devel/share/common-lisp/ros/zed_interfaces/msg/_package_BoundingBox3D.lisp
Symlinking /media/jetson/home/selfdriving/devel/share/common-lisp/ros/zed_interfaces/msg/_package_ObjectsStamped.lisp
Symlinking /media/jetson/home/selfdriving/devel/share/common-lisp/ros/zed_interfaces/msg/_package_PosTrackStatus.lisp
Symlinking /media/jetson/home/selfdriving/devel/share/common-lisp/ros/zed_interfaces/msg/_package_Object.lisp
Symlinking /media/jetson/home/selfdriving/devel/share/common-lisp/ros/zed_interfaces/msg/_package_Skeleton2D.lisp
Symlinking /media/jetson/home/selfdriving/devel/share/common-lisp/ros/zed_interfaces/msg/_package_BoundingBox2Di.lisp
Symlinking /media/jetson/home/selfdriving/devel/share/common-lisp/ros/zed_interfaces/msg/BoundingBox2Df.lisp
Symlinking /media/jetson/home/selfdriving/devel/share/common-lisp/ros/zed_interfaces/msg/_package_RGBDSensors.lisp
Symlinking /media/jetson/home/selfdriving/devel/share/common-lisp/ros/zed_interfaces/msg/Keypoint2Df.lisp
Symlinking /media/jetson/home/selfdriving/devel/share/common-lisp/ros/zed_interfaces/msg/PosTrackStatus.lisp
Symlinking /media/jetson/home/selfdriving/devel/share/common-lisp/ros/zed_interfaces/msg/_package_Skeleton3D.lisp
Symlinking /media/jetson/home/selfdriving/devel/share/common-lisp/ros/zed_interfaces/msg/PlaneStamped.lisp
Symlinking /media/jetson/home/selfdriving/devel/share/common-lisp/ros/zed_interfaces/msg/_package_Keypoint2Df.lisp
Symlinking /media/jetson/home/selfdriving/devel/share/common-lisp/ros/zed_interfaces/msg/_package_PlaneStamped.lisp
Symlinking /media/jetson/home/selfdriving/devel/share/common-lisp/ros/zed_interfaces/msg/RGBDSensors.lisp
Symlinking /media/jetson/home/selfdriving/devel/share/common-lisp/ros/zed_interfaces/msg/Keypoint2Di.lisp
Symlinking /media/jetson/home/selfdriving/devel/share/common-lisp/ros/zed_interfaces/msg/ObjectsStamped.lisp
Symlinking /media/jetson/home/selfdriving/devel/share/common-lisp/ros/zed_interfaces/msg/Keypoint3D.lisp
Symlinking /media/jetson/home/selfdriving/devel/share/common-lisp/ros/zed_interfaces/msg/Skeleton3D.lisp
Symlinking /media/jetson/home/selfdriving/devel/share/common-lisp/ros/zed_interfaces/msg/BoundingBox2Di.lisp
Symlinking /media/jetson/home/selfdriving/devel/share/common-lisp/ros/zed_interfaces/msg/Skeleton2D.lisp
Symlinking /media/jetson/home/selfdriving/devel/share/common-lisp/ros/zed_interfaces/msg/_package_Keypoint3D.lisp
Symlinking /media/jetson/home/selfdriving/devel/share/common-lisp/ros/zed_interfaces/msg/_package_Keypoint2Di.lisp
Symlinking /media/jetson/home/selfdriving/devel/share/common-lisp/ros/zed_interfaces/msg/BoundingBox3D.lisp
Symlinking /media/jetson/home/selfdriving/devel/share/common-lisp/ros/zed_interfaces/msg/Object.lisp
Symlinking /media/jetson/home/selfdriving/devel/share/common-lisp/ros/zed_interfaces/msg/zed_interfaces-msg.asd
Symlinking /media/jetson/home/selfdriving/devel/share/common-lisp/ros/zed_interfaces/msg/_package.lisp
Symlinking /media/jetson/home/selfdriving/devel/share/common-lisp/ros/zed_interfaces/srv/set_led_status.lisp
Symlinking /media/jetson/home/selfdriving/devel/share/common-lisp/ros/zed_interfaces/srv/_package_save_3d_map.lisp
Symlinking /media/jetson/home/selfdriving/devel/share/common-lisp/ros/zed_interfaces/srv/_package_toggle_led.lisp
Symlinking /media/jetson/home/selfdriving/devel/share/common-lisp/ros/zed_interfaces/srv/_package_set_led_status.lisp
Symlinking /media/jetson/home/selfdriving/devel/share/common-lisp/ros/zed_interfaces/srv/_package_stop_object_detection.lisp
Symlinking /media/jetson/home/selfdriving/devel/share/common-lisp/ros/zed_interfaces/srv/_package_set_pose.lisp
Symlinking /media/jetson/home/selfdriving/devel/share/common-lisp/ros/zed_interfaces/srv/_package_stop_svo_recording.lisp
Symlinking /media/jetson/home/selfdriving/devel/share/common-lisp/ros/zed_interfaces/srv/_package_save_area_memory.lisp
Symlinking /media/jetson/home/selfdriving/devel/share/common-lisp/ros/zed_interfaces/srv/_package_start_3d_mapping.lisp
Symlinking /media/jetson/home/selfdriving/devel/share/common-lisp/ros/zed_interfaces/srv/toggle_led.lisp
Symlinking /media/jetson/home/selfdriving/devel/share/common-lisp/ros/zed_interfaces/srv/_package_reset_odometry.lisp
Symlinking /media/jetson/home/selfdriving/devel/share/common-lisp/ros/zed_interfaces/srv/start_object_detection.lisp
Symlinking /media/jetson/home/selfdriving/devel/share/common-lisp/ros/zed_interfaces/srv/stop_object_detection.lisp
Symlinking /media/jetson/home/selfdriving/devel/share/common-lisp/ros/zed_interfaces/srv/_package_start_remote_stream.lisp
Symlinking /media/jetson/home/selfdriving/devel/share/common-lisp/ros/zed_interfaces/srv/_package_stop_3d_mapping.lisp
Symlinking /media/jetson/home/selfdriving/devel/share/common-lisp/ros/zed_interfaces/srv/set_roi.lisp
Symlinking /media/jetson/home/selfdriving/devel/share/common-lisp/ros/zed_interfaces/srv/_package_start_svo_recording.lisp
Symlinking /media/jetson/home/selfdriving/devel/share/common-lisp/ros/zed_interfaces/srv/_package_start_object_detection.lisp
Symlinking /media/jetson/home/selfdriving/devel/share/common-lisp/ros/zed_interfaces/srv/reset_roi.lisp
Symlinking /media/jetson/home/selfdriving/devel/share/common-lisp/ros/zed_interfaces/srv/stop_remote_stream.lisp
Symlinking /media/jetson/home/selfdriving/devel/share/common-lisp/ros/zed_interfaces/srv/start_3d_mapping.lisp
Symlinking /media/jetson/home/selfdriving/devel/share/common-lisp/ros/zed_interfaces/srv/save_area_memory.lisp
Symlinking /media/jetson/home/selfdriving/devel/share/common-lisp/ros/zed_interfaces/srv/zed_interfaces-srv.asd
Symlinking /media/jetson/home/selfdriving/devel/share/common-lisp/ros/zed_interfaces/srv/_package_set_roi.lisp
Symlinking /media/jetson/home/selfdriving/devel/share/common-lisp/ros/zed_interfaces/srv/stop_svo_recording.lisp
Symlinking /media/jetson/home/selfdriving/devel/share/common-lisp/ros/zed_interfaces/srv/_package_stop_remote_stream.lisp
Symlinking /media/jetson/home/selfdriving/devel/share/common-lisp/ros/zed_interfaces/srv/stop_3d_mapping.lisp
Symlinking /media/jetson/home/selfdriving/devel/share/common-lisp/ros/zed_interfaces/srv/_package_reset_roi.lisp
Symlinking /media/jetson/home/selfdriving/devel/share/common-lisp/ros/zed_interfaces/srv/start_remote_stream.lisp
Symlinking /media/jetson/home/selfdriving/devel/share/common-lisp/ros/zed_interfaces/srv/set_pose.lisp
Symlinking /media/jetson/home/selfdriving/devel/share/common-lisp/ros/zed_interfaces/srv/_package_reset_tracking.lisp
Symlinking /media/jetson/home/selfdriving/devel/share/common-lisp/ros/zed_interfaces/srv/_package.lisp
Symlinking /media/jetson/home/selfdriving/devel/share/common-lisp/ros/zed_interfaces/srv/save_3d_map.lisp
Symlinking /media/jetson/home/selfdriving/devel/share/common-lisp/ros/zed_interfaces/srv/reset_tracking.lisp
Symlinking /media/jetson/home/selfdriving/devel/share/common-lisp/ros/zed_interfaces/srv/start_svo_recording.lisp
Symlinking /media/jetson/home/selfdriving/devel/share/common-lisp/ros/zed_interfaces/srv/reset_odometry.lisp
Symlinking /media/jetson/home/selfdriving/devel/share/roseus/ros/zed_interfaces/manifest.l
Symlinking /media/jetson/home/selfdriving/devel/share/roseus/ros/zed_interfaces/msg/Keypoint2Df.l
Symlinking /media/jetson/home/selfdriving/devel/share/roseus/ros/zed_interfaces/msg/PosTrackStatus.l
Symlinking /media/jetson/home/selfdriving/devel/share/roseus/ros/zed_interfaces/msg/Keypoint3D.l
Symlinking /media/jetson/home/selfdriving/devel/share/roseus/ros/zed_interfaces/msg/BoundingBox3D.l
Symlinking /media/jetson/home/selfdriving/devel/share/roseus/ros/zed_interfaces/msg/RGBDSensors.l
Symlinking /media/jetson/home/selfdriving/devel/share/roseus/ros/zed_interfaces/msg/Object.l
Symlinking /media/jetson/home/selfdriving/devel/share/roseus/ros/zed_interfaces/msg/Skeleton2D.l
Symlinking /media/jetson/home/selfdriving/devel/share/roseus/ros/zed_interfaces/msg/PlaneStamped.l
Symlinking /media/jetson/home/selfdriving/devel/share/roseus/ros/zed_interfaces/msg/Keypoint2Di.l
Symlinking /media/jetson/home/selfdriving/devel/share/roseus/ros/zed_interfaces/msg/BoundingBox2Di.l
Symlinking /media/jetson/home/selfdriving/devel/share/roseus/ros/zed_interfaces/msg/BoundingBox2Df.l
Symlinking /media/jetson/home/selfdriving/devel/share/roseus/ros/zed_interfaces/msg/Skeleton3D.l
Symlinking /media/jetson/home/selfdriving/devel/share/roseus/ros/zed_interfaces/msg/ObjectsStamped.l
Symlinking /media/jetson/home/selfdriving/devel/share/roseus/ros/zed_interfaces/srv/start_object_detection.l
Symlinking /media/jetson/home/selfdriving/devel/share/roseus/ros/zed_interfaces/srv/reset_roi.l
Symlinking /media/jetson/home/selfdriving/devel/share/roseus/ros/zed_interfaces/srv/reset_tracking.l
Symlinking /media/jetson/home/selfdriving/devel/share/roseus/ros/zed_interfaces/srv/reset_odometry.l
Symlinking /media/jetson/home/selfdriving/devel/share/roseus/ros/zed_interfaces/srv/set_pose.l
Symlinking /media/jetson/home/selfdriving/devel/share/roseus/ros/zed_interfaces/srv/save_3d_map.l
Symlinking /media/jetson/home/selfdriving/devel/share/roseus/ros/zed_interfaces/srv/toggle_led.l
Symlinking /media/jetson/home/selfdriving/devel/share/roseus/ros/zed_interfaces/srv/stop_3d_mapping.l
Symlinking /media/jetson/home/selfdriving/devel/share/roseus/ros/zed_interfaces/srv/save_area_memory.l
Symlinking /media/jetson/home/selfdriving/devel/share/roseus/ros/zed_interfaces/srv/stop_remote_stream.l
Symlinking /media/jetson/home/selfdriving/devel/share/roseus/ros/zed_interfaces/srv/start_3d_mapping.l
Symlinking /media/jetson/home/selfdriving/devel/share/roseus/ros/zed_interfaces/srv/set_roi.l
Symlinking /media/jetson/home/selfdriving/devel/share/roseus/ros/zed_interfaces/srv/start_svo_recording.l
Symlinking /media/jetson/home/selfdriving/devel/share/roseus/ros/zed_interfaces/srv/stop_svo_recording.l
Symlinking /media/jetson/home/selfdriving/devel/share/roseus/ros/zed_interfaces/srv/set_led_status.l
Symlinking /media/jetson/home/selfdriving/devel/share/roseus/ros/zed_interfaces/srv/start_remote_stream.l
Symlinking /media/jetson/home/selfdriving/devel/share/roseus/ros/zed_interfaces/srv/stop_object_detection.l
Symlinking /media/jetson/home/selfdriving/devel/include/zed_interfaces/set_led_status.h
Symlinking /media/jetson/home/selfdriving/devel/include/zed_interfaces/stop_object_detection.h
Symlinking /media/jetson/home/selfdriving/devel/include/zed_interfaces/save_3d_mapRequest.h
Symlinking /media/jetson/home/selfdriving/devel/include/zed_interfaces/save_area_memoryResponse.h
Symlinking /media/jetson/home/selfdriving/devel/include/zed_interfaces/PosTrackStatus.h
Symlinking /media/jetson/home/selfdriving/devel/include/zed_interfaces/Skeleton2D.h
Symlinking /media/jetson/home/selfdriving/devel/include/zed_interfaces/toggle_ledRequest.h
Symlinking /media/jetson/home/selfdriving/devel/include/zed_interfaces/reset_odometryResponse.h
Symlinking /media/jetson/home/selfdriving/devel/include/zed_interfaces/stop_svo_recording.h
Symlinking /media/jetson/home/selfdriving/devel/include/zed_interfaces/save_3d_map.h
Symlinking /media/jetson/home/selfdriving/devel/include/zed_interfaces/Object.h
Symlinking /media/jetson/home/selfdriving/devel/include/zed_interfaces/start_3d_mappingResponse.h
Symlinking /media/jetson/home/selfdriving/devel/include/zed_interfaces/stop_remote_stream.h
Symlinking /media/jetson/home/selfdriving/devel/include/zed_interfaces/BoundingBox2Df.h
Symlinking /media/jetson/home/selfdriving/devel/include/zed_interfaces/stop_svo_recordingRequest.h
Symlinking /media/jetson/home/selfdriving/devel/include/zed_interfaces/start_remote_streamResponse.h
Symlinking /media/jetson/home/selfdriving/devel/include/zed_interfaces/stop_svo_recordingResponse.h
Symlinking /media/jetson/home/selfdriving/devel/include/zed_interfaces/stop_object_detectionResponse.h
Symlinking /media/jetson/home/selfdriving/devel/include/zed_interfaces/start_3d_mapping.h
Symlinking /media/jetson/home/selfdriving/devel/include/zed_interfaces/set_roiResponse.h
Symlinking /media/jetson/home/selfdriving/devel/include/zed_interfaces/start_svo_recordingResponse.h
Symlinking /media/jetson/home/selfdriving/devel/include/zed_interfaces/stop_remote_streamRequest.h
Symlinking /media/jetson/home/selfdriving/devel/include/zed_interfaces/BoundingBox2Di.h
Symlinking /media/jetson/home/selfdriving/devel/include/zed_interfaces/reset_tracking.h
Symlinking /media/jetson/home/selfdriving/devel/include/zed_interfaces/toggle_led.h
Symlinking /media/jetson/home/selfdriving/devel/include/zed_interfaces/Keypoint3D.h
Symlinking /media/jetson/home/selfdriving/devel/include/zed_interfaces/start_svo_recording.h
Symlinking /media/jetson/home/selfdriving/devel/include/zed_interfaces/start_object_detection.h
Symlinking /media/jetson/home/selfdriving/devel/include/zed_interfaces/stop_3d_mapping.h
Symlinking /media/jetson/home/selfdriving/devel/include/zed_interfaces/reset_odometry.h
Symlinking /media/jetson/home/selfdriving/devel/include/zed_interfaces/reset_roiRequest.h
Symlinking /media/jetson/home/selfdriving/devel/include/zed_interfaces/save_area_memory.h
Symlinking /media/jetson/home/selfdriving/devel/include/zed_interfaces/Keypoint2Df.h
Symlinking /media/jetson/home/selfdriving/devel/include/zed_interfaces/start_object_detectionResponse.h
Symlinking /media/jetson/home/selfdriving/devel/include/zed_interfaces/set_roi.h
Symlinking /media/jetson/home/selfdriving/devel/include/zed_interfaces/start_remote_streamRequest.h
Symlinking /media/jetson/home/selfdriving/devel/include/zed_interfaces/save_3d_mapResponse.h
Symlinking /media/jetson/home/selfdriving/devel/include/zed_interfaces/reset_trackingResponse.h
Symlinking /media/jetson/home/selfdriving/devel/include/zed_interfaces/set_led_statusResponse.h
Symlinking /media/jetson/home/selfdriving/devel/include/zed_interfaces/set_poseResponse.h
Symlinking /media/jetson/home/selfdriving/devel/include/zed_interfaces/stop_object_detectionRequest.h
Symlinking /media/jetson/home/selfdriving/devel/include/zed_interfaces/start_remote_stream.h
Symlinking /media/jetson/home/selfdriving/devel/include/zed_interfaces/start_svo_recordingRequest.h
Symlinking /media/jetson/home/selfdriving/devel/include/zed_interfaces/reset_trackingRequest.h
Symlinking /media/jetson/home/selfdriving/devel/include/zed_interfaces/set_led_statusRequest.h
Symlinking /media/jetson/home/selfdriving/devel/include/zed_interfaces/save_area_memoryRequest.h
Symlinking /media/jetson/home/selfdriving/devel/include/zed_interfaces/reset_roi.h
Symlinking /media/jetson/home/selfdriving/devel/include/zed_interfaces/RGBDSensors.h
Symlinking /media/jetson/home/selfdriving/devel/include/zed_interfaces/stop_3d_mappingRequest.h
Symlinking /media/jetson/home/selfdriving/devel/include/zed_interfaces/toggle_ledResponse.h
Symlinking /media/jetson/home/selfdriving/devel/include/zed_interfaces/set_poseRequest.h
Symlinking /media/jetson/home/selfdriving/devel/include/zed_interfaces/stop_3d_mappingResponse.h
Symlinking /media/jetson/home/selfdriving/devel/include/zed_interfaces/reset_odometryRequest.h
Symlinking /media/jetson/home/selfdriving/devel/include/zed_interfaces/start_object_detectionRequest.h
Symlinking /media/jetson/home/selfdriving/devel/include/zed_interfaces/ObjectsStamped.h
Symlinking /media/jetson/home/selfdriving/devel/include/zed_interfaces/start_3d_mappingRequest.h
Symlinking /media/jetson/home/selfdriving/devel/include/zed_interfaces/reset_roiResponse.h
Symlinking /media/jetson/home/selfdriving/devel/include/zed_interfaces/BoundingBox3D.h
Symlinking /media/jetson/home/selfdriving/devel/include/zed_interfaces/set_pose.h
Symlinking /media/jetson/home/selfdriving/devel/include/zed_interfaces/stop_remote_streamResponse.h
Symlinking /media/jetson/home/selfdriving/devel/include/zed_interfaces/Keypoint2Di.h
Symlinking /media/jetson/home/selfdriving/devel/include/zed_interfaces/Skeleton3D.h
Symlinking /media/jetson/home/selfdriving/devel/include/zed_interfaces/PlaneStamped.h
Symlinking /media/jetson/home/selfdriving/devel/include/zed_interfaces/set_roiRequest.h
Symlinking /media/jetson/home/selfdriving/devel/lib/pkgconfig/zed_interfaces.pc
Symlinking /media/jetson/home/selfdriving/devel/lib/python3/dist-packages/zed_interfaces/__init__.py
Symlinking /media/jetson/home/selfdriving/devel/lib/python3/dist-packages/zed_interfaces/msg/_Keypoint3D.py
Symlinking /media/jetson/home/selfdriving/devel/lib/python3/dist-packages/zed_interfaces/msg/_PlaneStamped.py
Symlinking /media/jetson/home/selfdriving/devel/lib/python3/dist-packages/zed_interfaces/msg/_BoundingBox3D.py
Symlinking /media/jetson/home/selfdriving/devel/lib/python3/dist-packages/zed_interfaces/msg/_BoundingBox2Df.py
Symlinking /media/jetson/home/selfdriving/devel/lib/python3/dist-packages/zed_interfaces/msg/_Skeleton3D.py
Symlinking /media/jetson/home/selfdriving/devel/lib/python3/dist-packages/zed_interfaces/msg/_PosTrackStatus.py
Symlinking /media/jetson/home/selfdriving/devel/lib/python3/dist-packages/zed_interfaces/msg/_ObjectsStamped.py
Symlinking /media/jetson/home/selfdriving/devel/lib/python3/dist-packages/zed_interfaces/msg/_Keypoint2Di.py
Symlinking /media/jetson/home/selfdriving/devel/lib/python3/dist-packages/zed_interfaces/msg/_Keypoint2Df.py
Symlinking /media/jetson/home/selfdriving/devel/lib/python3/dist-packages/zed_interfaces/msg/_Object.py
Symlinking /media/jetson/home/selfdriving/devel/lib/python3/dist-packages/zed_interfaces/msg/_Skeleton2D.py
Symlinking /media/jetson/home/selfdriving/devel/lib/python3/dist-packages/zed_interfaces/msg/__init__.py
Symlinking /media/jetson/home/selfdriving/devel/lib/python3/dist-packages/zed_interfaces/msg/_RGBDSensors.py
Symlinking /media/jetson/home/selfdriving/devel/lib/python3/dist-packages/zed_interfaces/msg/_BoundingBox2Di.py
Symlinking /media/jetson/home/selfdriving/devel/lib/python3/dist-packages/zed_interfaces/srv/_start_remote_stream.py
Symlinking /media/jetson/home/selfdriving/devel/lib/python3/dist-packages/zed_interfaces/srv/_stop_svo_recording.py
Symlinking /media/jetson/home/selfdriving/devel/lib/python3/dist-packages/zed_interfaces/srv/_stop_object_detection.py
Symlinking /media/jetson/home/selfdriving/devel/lib/python3/dist-packages/zed_interfaces/srv/_stop_3d_mapping.py
Symlinking /media/jetson/home/selfdriving/devel/lib/python3/dist-packages/zed_interfaces/srv/_toggle_led.py
Symlinking /media/jetson/home/selfdriving/devel/lib/python3/dist-packages/zed_interfaces/srv/_start_3d_mapping.py
Symlinking /media/jetson/home/selfdriving/devel/lib/python3/dist-packages/zed_interfaces/srv/_save_area_memory.py
Symlinking /media/jetson/home/selfdriving/devel/lib/python3/dist-packages/zed_interfaces/srv/_start_svo_recording.py
Symlinking /media/jetson/home/selfdriving/devel/lib/python3/dist-packages/zed_interfaces/srv/_reset_roi.py
Symlinking /media/jetson/home/selfdriving/devel/lib/python3/dist-packages/zed_interfaces/srv/_start_object_detection.py
Symlinking /media/jetson/home/selfdriving/devel/lib/python3/dist-packages/zed_interfaces/srv/_set_pose.py
Symlinking /media/jetson/home/selfdriving/devel/lib/python3/dist-packages/zed_interfaces/srv/_reset_odometry.py
Symlinking /media/jetson/home/selfdriving/devel/lib/python3/dist-packages/zed_interfaces/srv/_set_roi.py
Symlinking /media/jetson/home/selfdriving/devel/lib/python3/dist-packages/zed_interfaces/srv/_set_led_status.py
Symlinking /media/jetson/home/selfdriving/devel/lib/python3/dist-packages/zed_interfaces/srv/__init__.py
Symlinking /media/jetson/home/selfdriving/devel/lib/python3/dist-packages/zed_interfaces/srv/_stop_remote_stream.py
Symlinking /media/jetson/home/selfdriving/devel/lib/python3/dist-packages/zed_interfaces/srv/_save_3d_map.py
Symlinking /media/jetson/home/selfdriving/devel/lib/python3/dist-packages/zed_interfaces/srv/_reset_tracking.py
Cleaning: (/home/fachri/selfdriving/devel/.private/zed_interfaces/cmake.lock, /home/fachri/selfdriving/devel/./cmake.lock)
Cleaning: (/home/fachri/selfdriving/devel/.private/zed_interfaces/share/roseus/ros/zed_interfaces/manifest.l, /home/fachri/selfdriving/devel/share/roseus/ros/zed_interfaces/manifest.l)
Cleaning: (/home/fachri/selfdriving/devel/.private/zed_interfaces/share/roseus/ros/zed_interfaces/srv/set_pose.l, /home/fachri/selfdriving/devel/share/roseus/ros/zed_interfaces/srv/set_pose.l)
Cleaning: (/home/fachri/selfdriving/devel/.private/zed_interfaces/share/roseus/ros/zed_interfaces/srv/stop_object_detection.l, /home/fachri/selfdriving/devel/share/roseus/ros/zed_interfaces/srv/stop_object_detection.l)
Cleaning: (/home/fachri/selfdriving/devel/.private/zed_interfaces/share/roseus/ros/zed_interfaces/srv/stop_3d_mapping.l, /home/fachri/selfdriving/devel/share/roseus/ros/zed_interfaces/srv/stop_3d_mapping.l)
Cleaning: (/home/fachri/selfdriving/devel/.private/zed_interfaces/share/roseus/ros/zed_interfaces/srv/set_roi.l, /home/fachri/selfdriving/devel/share/roseus/ros/zed_interfaces/srv/set_roi.l)
Cleaning: (/home/fachri/selfdriving/devel/.private/zed_interfaces/share/roseus/ros/zed_interfaces/srv/save_area_memory.l, /home/fachri/selfdriving/devel/share/roseus/ros/zed_interfaces/srv/save_area_memory.l)
Cleaning: (/home/fachri/selfdriving/devel/.private/zed_interfaces/share/roseus/ros/zed_interfaces/srv/stop_remote_stream.l, /home/fachri/selfdriving/devel/share/roseus/ros/zed_interfaces/srv/stop_remote_stream.l)
Cleaning: (/home/fachri/selfdriving/devel/.private/zed_interfaces/share/roseus/ros/zed_interfaces/srv/reset_roi.l, /home/fachri/selfdriving/devel/share/roseus/ros/zed_interfaces/srv/reset_roi.l)
Cleaning: (/home/fachri/selfdriving/devel/.private/zed_interfaces/share/roseus/ros/zed_interfaces/srv/start_svo_recording.l, /home/fachri/selfdriving/devel/share/roseus/ros/zed_interfaces/srv/start_svo_recording.l)
Cleaning: (/home/fachri/selfdriving/devel/.private/zed_interfaces/share/roseus/ros/zed_interfaces/srv/toggle_led.l, /home/fachri/selfdriving/devel/share/roseus/ros/zed_interfaces/srv/toggle_led.l)
Cleaning: (/home/fachri/selfdriving/devel/.private/zed_interfaces/share/roseus/ros/zed_interfaces/srv/stop_svo_recording.l, /home/fachri/selfdriving/devel/share/roseus/ros/zed_interfaces/srv/stop_svo_recording.l)
Cleaning: (/home/fachri/selfdriving/devel/.private/zed_interfaces/share/roseus/ros/zed_interfaces/srv/start_object_detection.l, /home/fachri/selfdriving/devel/share/roseus/ros/zed_interfaces/srv/start_object_detection.l)
Cleaning: (/home/fachri/selfdriving/devel/.private/zed_interfaces/share/roseus/ros/zed_interfaces/srv/reset_tracking.l, /home/fachri/selfdriving/devel/share/roseus/ros/zed_interfaces/srv/reset_tracking.l)
Cleaning: (/home/fachri/selfdriving/devel/.private/zed_interfaces/share/roseus/ros/zed_interfaces/srv/start_remote_stream.l, /home/fachri/selfdriving/devel/share/roseus/ros/zed_interfaces/srv/start_remote_stream.l)
Cleaning: (/home/fachri/selfdriving/devel/.private/zed_interfaces/share/roseus/ros/zed_interfaces/srv/reset_odometry.l, /home/fachri/selfdriving/devel/share/roseus/ros/zed_interfaces/srv/reset_odometry.l)
Cleaning: (/home/fachri/selfdriving/devel/.private/zed_interfaces/share/roseus/ros/zed_interfaces/srv/set_led_status.l, /home/fachri/selfdriving/devel/share/roseus/ros/zed_interfaces/srv/set_led_status.l)
Cleaning: (/home/fachri/selfdriving/devel/.private/zed_interfaces/share/roseus/ros/zed_interfaces/srv/save_3d_map.l, /home/fachri/selfdriving/devel/share/roseus/ros/zed_interfaces/srv/save_3d_map.l)
Cleaning: (/home/fachri/selfdriving/devel/.private/zed_interfaces/share/roseus/ros/zed_interfaces/srv/start_3d_mapping.l, /home/fachri/selfdriving/devel/share/roseus/ros/zed_interfaces/srv/start_3d_mapping.l)
Cleaning: (/home/fachri/selfdriving/devel/.private/zed_interfaces/share/roseus/ros/zed_interfaces/msg/BoundingBox2Df.l, /home/fachri/selfdriving/devel/share/roseus/ros/zed_interfaces/msg/BoundingBox2Df.l)
Cleaning: (/home/fachri/selfdriving/devel/.private/zed_interfaces/share/roseus/ros/zed_interfaces/msg/Object.l, /home/fachri/selfdriving/devel/share/roseus/ros/zed_interfaces/msg/Object.l)
Cleaning: (/home/fachri/selfdriving/devel/.private/zed_interfaces/share/roseus/ros/zed_interfaces/msg/PlaneStamped.l, /home/fachri/selfdriving/devel/share/roseus/ros/zed_interfaces/msg/PlaneStamped.l)
Cleaning: (/home/fachri/selfdriving/devel/.private/zed_interfaces/share/roseus/ros/zed_interfaces/msg/PosTrackStatus.l, /home/fachri/selfdriving/devel/share/roseus/ros/zed_interfaces/msg/PosTrackStatus.l)
Cleaning: (/home/fachri/selfdriving/devel/.private/zed_interfaces/share/roseus/ros/zed_interfaces/msg/ObjectsStamped.l, /home/fachri/selfdriving/devel/share/roseus/ros/zed_interfaces/msg/ObjectsStamped.l)
Cleaning: (/home/fachri/selfdriving/devel/.private/zed_interfaces/share/roseus/ros/zed_interfaces/msg/Keypoint2Df.l, /home/fachri/selfdriving/devel/share/roseus/ros/zed_interfaces/msg/Keypoint2Df.l)
Cleaning: (/home/fachri/selfdriving/devel/.private/zed_interfaces/share/roseus/ros/zed_interfaces/msg/BoundingBox2Di.l, /home/fachri/selfdriving/devel/share/roseus/ros/zed_interfaces/msg/BoundingBox2Di.l)
Cleaning: (/home/fachri/selfdriving/devel/.private/zed_interfaces/share/roseus/ros/zed_interfaces/msg/Keypoint3D.l, /home/fachri/selfdriving/devel/share/roseus/ros/zed_interfaces/msg/Keypoint3D.l)
Cleaning: (/home/fachri/selfdriving/devel/.private/zed_interfaces/share/roseus/ros/zed_interfaces/msg/Skeleton3D.l, /home/fachri/selfdriving/devel/share/roseus/ros/zed_interfaces/msg/Skeleton3D.l)
Cleaning: (/home/fachri/selfdriving/devel/.private/zed_interfaces/share/roseus/ros/zed_interfaces/msg/RGBDSensors.l, /home/fachri/selfdriving/devel/share/roseus/ros/zed_interfaces/msg/RGBDSensors.l)
Cleaning: (/home/fachri/selfdriving/devel/.private/zed_interfaces/share/roseus/ros/zed_interfaces/msg/BoundingBox3D.l, /home/fachri/selfdriving/devel/share/roseus/ros/zed_interfaces/msg/BoundingBox3D.l)
Cleaning: (/home/fachri/selfdriving/devel/.private/zed_interfaces/share/roseus/ros/zed_interfaces/msg/Skeleton2D.l, /home/fachri/selfdriving/devel/share/roseus/ros/zed_interfaces/msg/Skeleton2D.l)
Cleaning: (/home/fachri/selfdriving/devel/.private/zed_interfaces/share/roseus/ros/zed_interfaces/msg/Keypoint2Di.l, /home/fachri/selfdriving/devel/share/roseus/ros/zed_interfaces/msg/Keypoint2Di.l)
Cleaning: (/home/fachri/selfdriving/devel/.private/zed_interfaces/share/zed_interfaces/cmake/zed_interfacesConfig-version.cmake, /home/fachri/selfdriving/devel/share/zed_interfaces/cmake/zed_interfacesConfig-version.cmake)
Cleaning: (/home/fachri/selfdriving/devel/.private/zed_interfaces/share/zed_interfaces/cmake/zed_interfaces-msg-extras.cmake, /home/fachri/selfdriving/devel/share/zed_interfaces/cmake/zed_interfaces-msg-extras.cmake)
Cleaning: (/home/fachri/selfdriving/devel/.private/zed_interfaces/share/zed_interfaces/cmake/zed_interfaces-msg-paths.cmake, /home/fachri/selfdriving/devel/share/zed_interfaces/cmake/zed_interfaces-msg-paths.cmake)
Cleaning: (/home/fachri/selfdriving/devel/.private/zed_interfaces/share/zed_interfaces/cmake/zed_interfacesConfig.cmake, /home/fachri/selfdriving/devel/share/zed_interfaces/cmake/zed_interfacesConfig.cmake)
Cleaning: (/home/fachri/selfdriving/devel/.private/zed_interfaces/share/common-lisp/ros/zed_interfaces/srv/_package_stop_svo_recording.lisp, /home/fachri/selfdriving/devel/share/common-lisp/ros/zed_interfaces/srv/_package_stop_svo_recording.lisp)
Cleaning: (/home/fachri/selfdriving/devel/.private/zed_interfaces/share/common-lisp/ros/zed_interfaces/srv/save_area_memory.lisp, /home/fachri/selfdriving/devel/share/common-lisp/ros/zed_interfaces/srv/save_area_memory.lisp)
Cleaning: (/home/fachri/selfdriving/devel/.private/zed_interfaces/share/common-lisp/ros/zed_interfaces/srv/_package_set_led_status.lisp, /home/fachri/selfdriving/devel/share/common-lisp/ros/zed_interfaces/srv/_package_set_led_status.lisp)
Cleaning: (/home/fachri/selfdriving/devel/.private/zed_interfaces/share/common-lisp/ros/zed_interfaces/srv/set_pose.lisp, /home/fachri/selfdriving/devel/share/common-lisp/ros/zed_interfaces/srv/set_pose.lisp)
Cleaning: (/home/fachri/selfdriving/devel/.private/zed_interfaces/share/common-lisp/ros/zed_interfaces/srv/_package_start_3d_mapping.lisp, /home/fachri/selfdriving/devel/share/common-lisp/ros/zed_interfaces/srv/_package_start_3d_mapping.lisp)
Cleaning: (/home/fachri/selfdriving/devel/.private/zed_interfaces/share/common-lisp/ros/zed_interfaces/srv/start_svo_recording.lisp, /home/fachri/selfdriving/devel/share/common-lisp/ros/zed_interfaces/srv/start_svo_recording.lisp)
Cleaning: (/home/fachri/selfdriving/devel/.private/zed_interfaces/share/common-lisp/ros/zed_interfaces/srv/_package_reset_tracking.lisp, /home/fachri/selfdriving/devel/share/common-lisp/ros/zed_interfaces/srv/_package_reset_tracking.lisp)
Cleaning: (/home/fachri/selfdriving/devel/.private/zed_interfaces/share/common-lisp/ros/zed_interfaces/srv/save_3d_map.lisp, /home/fachri/selfdriving/devel/share/common-lisp/ros/zed_interfaces/srv/save_3d_map.lisp)
Cleaning: (/home/fachri/selfdriving/devel/.private/zed_interfaces/share/common-lisp/ros/zed_interfaces/srv/_package.lisp, /home/fachri/selfdriving/devel/share/common-lisp/ros/zed_interfaces/srv/_package.lisp)
Cleaning: (/home/fachri/selfdriving/devel/.private/zed_interfaces/share/common-lisp/ros/zed_interfaces/srv/reset_odometry.lisp, /home/fachri/selfdriving/devel/share/common-lisp/ros/zed_interfaces/srv/reset_odometry.lisp)
Cleaning: (/home/fachri/selfdriving/devel/.private/zed_interfaces/share/common-lisp/ros/zed_interfaces/srv/_package_reset_odometry.lisp, /home/fachri/selfdriving/devel/share/common-lisp/ros/zed_interfaces/srv/_package_reset_odometry.lisp)
Cleaning: (/home/fachri/selfdriving/devel/.private/zed_interfaces/share/common-lisp/ros/zed_interfaces/srv/reset_tracking.lisp, /home/fachri/selfdriving/devel/share/common-lisp/ros/zed_interfaces/srv/reset_tracking.lisp)
Cleaning: (/home/fachri/selfdriving/devel/.private/zed_interfaces/share/common-lisp/ros/zed_interfaces/srv/_package_reset_roi.lisp, /home/fachri/selfdriving/devel/share/common-lisp/ros/zed_interfaces/srv/_package_reset_roi.lisp)
Cleaning: (/home/fachri/selfdriving/devel/.private/zed_interfaces/share/common-lisp/ros/zed_interfaces/srv/_package_set_pose.lisp, /home/fachri/selfdriving/devel/share/common-lisp/ros/zed_interfaces/srv/_package_set_pose.lisp)
Cleaning: (/home/fachri/selfdriving/devel/.private/zed_interfaces/share/common-lisp/ros/zed_interfaces/srv/_package_toggle_led.lisp, /home/fachri/selfdriving/devel/share/common-lisp/ros/zed_interfaces/srv/_package_toggle_led.lisp)
Cleaning: (/home/fachri/selfdriving/devel/.private/zed_interfaces/share/common-lisp/ros/zed_interfaces/srv/_package_save_3d_map.lisp, /home/fachri/selfdriving/devel/share/common-lisp/ros/zed_interfaces/srv/_package_save_3d_map.lisp)
Cleaning: (/home/fachri/selfdriving/devel/.private/zed_interfaces/share/common-lisp/ros/zed_interfaces/srv/zed_interfaces-srv.asd, /home/fachri/selfdriving/devel/share/common-lisp/ros/zed_interfaces/srv/zed_interfaces-srv.asd)
Cleaning: (/home/fachri/selfdriving/devel/.private/zed_interfaces/share/common-lisp/ros/zed_interfaces/srv/_package_stop_3d_mapping.lisp, /home/fachri/selfdriving/devel/share/common-lisp/ros/zed_interfaces/srv/_package_stop_3d_mapping.lisp)
Cleaning: (/home/fachri/selfdriving/devel/.private/zed_interfaces/share/common-lisp/ros/zed_interfaces/srv/_package_start_svo_recording.lisp, /home/fachri/selfdriving/devel/share/common-lisp/ros/zed_interfaces/srv/_package_start_svo_recording.lisp)
Cleaning: (/home/fachri/selfdriving/devel/.private/zed_interfaces/share/common-lisp/ros/zed_interfaces/srv/_package_start_remote_stream.lisp, /home/fachri/selfdriving/devel/share/common-lisp/ros/zed_interfaces/srv/_package_start_remote_stream.lisp)
Cleaning: (/home/fachri/selfdriving/devel/.private/zed_interfaces/share/common-lisp/ros/zed_interfaces/srv/reset_roi.lisp, /home/fachri/selfdriving/devel/share/common-lisp/ros/zed_interfaces/srv/reset_roi.lisp)
Cleaning: (/home/fachri/selfdriving/devel/.private/zed_interfaces/share/common-lisp/ros/zed_interfaces/srv/_package_start_object_detection.lisp, /home/fachri/selfdriving/devel/share/common-lisp/ros/zed_interfaces/srv/_package_start_object_detection.lisp)
Cleaning: (/home/fachri/selfdriving/devel/.private/zed_interfaces/share/common-lisp/ros/zed_interfaces/srv/set_led_status.lisp, /home/fachri/selfdriving/devel/share/common-lisp/ros/zed_interfaces/srv/set_led_status.lisp)
Cleaning: (/home/fachri/selfdriving/devel/.private/zed_interfaces/share/common-lisp/ros/zed_interfaces/srv/stop_object_detection.lisp, /home/fachri/selfdriving/devel/share/common-lisp/ros/zed_interfaces/srv/stop_object_detection.lisp)
Cleaning: (/home/fachri/selfdriving/devel/.private/zed_interfaces/share/common-lisp/ros/zed_interfaces/srv/stop_svo_recording.lisp, /home/fachri/selfdriving/devel/share/common-lisp/ros/zed_interfaces/srv/stop_svo_recording.lisp)
Cleaning: (/home/fachri/selfdriving/devel/.private/zed_interfaces/share/common-lisp/ros/zed_interfaces/srv/start_remote_stream.lisp, /home/fachri/selfdriving/devel/share/common-lisp/ros/zed_interfaces/srv/start_remote_stream.lisp)
Cleaning: (/home/fachri/selfdriving/devel/.private/zed_interfaces/share/common-lisp/ros/zed_interfaces/srv/start_object_detection.lisp, /home/fachri/selfdriving/devel/share/common-lisp/ros/zed_interfaces/srv/start_object_detection.lisp)
Cleaning: (/home/fachri/selfdriving/devel/.private/zed_interfaces/share/common-lisp/ros/zed_interfaces/srv/start_3d_mapping.lisp, /home/fachri/selfdriving/devel/share/common-lisp/ros/zed_interfaces/srv/start_3d_mapping.lisp)
Cleaning: (/home/fachri/selfdriving/devel/.private/zed_interfaces/share/common-lisp/ros/zed_interfaces/srv/_package_set_roi.lisp, /home/fachri/selfdriving/devel/share/common-lisp/ros/zed_interfaces/srv/_package_set_roi.lisp)
Cleaning: (/home/fachri/selfdriving/devel/.private/zed_interfaces/share/common-lisp/ros/zed_interfaces/srv/stop_3d_mapping.lisp, /home/fachri/selfdriving/devel/share/common-lisp/ros/zed_interfaces/srv/stop_3d_mapping.lisp)
Cleaning: (/home/fachri/selfdriving/devel/.private/zed_interfaces/share/common-lisp/ros/zed_interfaces/srv/_package_save_area_memory.lisp, /home/fachri/selfdriving/devel/share/common-lisp/ros/zed_interfaces/srv/_package_save_area_memory.lisp)
Cleaning: (/home/fachri/selfdriving/devel/.private/zed_interfaces/share/common-lisp/ros/zed_interfaces/srv/set_roi.lisp, /home/fachri/selfdriving/devel/share/common-lisp/ros/zed_interfaces/srv/set_roi.lisp)
Cleaning: (/home/fachri/selfdriving/devel/.private/zed_interfaces/share/common-lisp/ros/zed_interfaces/srv/_package_stop_object_detection.lisp, /home/fachri/selfdriving/devel/share/common-lisp/ros/zed_interfaces/srv/_package_stop_object_detection.lisp)
Cleaning: (/home/fachri/selfdriving/devel/.private/zed_interfaces/share/common-lisp/ros/zed_interfaces/srv/toggle_led.lisp, /home/fachri/selfdriving/devel/share/common-lisp/ros/zed_interfaces/srv/toggle_led.lisp)
Cleaning: (/home/fachri/selfdriving/devel/.private/zed_interfaces/share/common-lisp/ros/zed_interfaces/srv/_package_stop_remote_stream.lisp, /home/fachri/selfdriving/devel/share/common-lisp/ros/zed_interfaces/srv/_package_stop_remote_stream.lisp)
Cleaning: (/home/fachri/selfdriving/devel/.private/zed_interfaces/share/common-lisp/ros/zed_interfaces/srv/stop_remote_stream.lisp, /home/fachri/selfdriving/devel/share/common-lisp/ros/zed_interfaces/srv/stop_remote_stream.lisp)
Cleaning: (/home/fachri/selfdriving/devel/.private/zed_interfaces/share/common-lisp/ros/zed_interfaces/msg/PlaneStamped.lisp, /home/fachri/selfdriving/devel/share/common-lisp/ros/zed_interfaces/msg/PlaneStamped.lisp)
Cleaning: (/home/fachri/selfdriving/devel/.private/zed_interfaces/share/common-lisp/ros/zed_interfaces/msg/_package_BoundingBox2Di.lisp, /home/fachri/selfdriving/devel/share/common-lisp/ros/zed_interfaces/msg/_package_BoundingBox2Di.lisp)
Cleaning: (/home/fachri/selfdriving/devel/.private/zed_interfaces/share/common-lisp/ros/zed_interfaces/msg/_package_ObjectsStamped.lisp, /home/fachri/selfdriving/devel/share/common-lisp/ros/zed_interfaces/msg/_package_ObjectsStamped.lisp)
Cleaning: (/home/fachri/selfdriving/devel/.private/zed_interfaces/share/common-lisp/ros/zed_interfaces/msg/PosTrackStatus.lisp, /home/fachri/selfdriving/devel/share/common-lisp/ros/zed_interfaces/msg/PosTrackStatus.lisp)
Cleaning: (/home/fachri/selfdriving/devel/.private/zed_interfaces/share/common-lisp/ros/zed_interfaces/msg/_package_Keypoint2Df.lisp, /home/fachri/selfdriving/devel/share/common-lisp/ros/zed_interfaces/msg/_package_Keypoint2Df.lisp)
Cleaning: (/home/fachri/selfdriving/devel/.private/zed_interfaces/share/common-lisp/ros/zed_interfaces/msg/ObjectsStamped.lisp, /home/fachri/selfdriving/devel/share/common-lisp/ros/zed_interfaces/msg/ObjectsStamped.lisp)
Cleaning: (/home/fachri/selfdriving/devel/.private/zed_interfaces/share/common-lisp/ros/zed_interfaces/msg/_package_Skeleton3D.lisp, /home/fachri/selfdriving/devel/share/common-lisp/ros/zed_interfaces/msg/_package_Skeleton3D.lisp)
Cleaning: (/home/fachri/selfdriving/devel/.private/zed_interfaces/share/common-lisp/ros/zed_interfaces/msg/_package.lisp, /home/fachri/selfdriving/devel/share/common-lisp/ros/zed_interfaces/msg/_package.lisp)
Cleaning: (/home/fachri/selfdriving/devel/.private/zed_interfaces/share/common-lisp/ros/zed_interfaces/msg/Keypoint3D.lisp, /home/fachri/selfdriving/devel/share/common-lisp/ros/zed_interfaces/msg/Keypoint3D.lisp)
Cleaning: (/home/fachri/selfdriving/devel/.private/zed_interfaces/share/common-lisp/ros/zed_interfaces/msg/BoundingBox2Df.lisp, /home/fachri/selfdriving/devel/share/common-lisp/ros/zed_interfaces/msg/BoundingBox2Df.lisp)
Cleaning: (/home/fachri/selfdriving/devel/.private/zed_interfaces/share/common-lisp/ros/zed_interfaces/msg/_package_RGBDSensors.lisp, /home/fachri/selfdriving/devel/share/common-lisp/ros/zed_interfaces/msg/_package_RGBDSensors.lisp)
Cleaning: (/home/fachri/selfdriving/devel/.private/zed_interfaces/share/common-lisp/ros/zed_interfaces/msg/_package_BoundingBox2Df.lisp, /home/fachri/selfdriving/devel/share/common-lisp/ros/zed_interfaces/msg/_package_BoundingBox2Df.lisp)
Cleaning: (/home/fachri/selfdriving/devel/.private/zed_interfaces/share/common-lisp/ros/zed_interfaces/msg/_package_PlaneStamped.lisp, /home/fachri/selfdriving/devel/share/common-lisp/ros/zed_interfaces/msg/_package_PlaneStamped.lisp)
Cleaning: (/home/fachri/selfdriving/devel/.private/zed_interfaces/share/common-lisp/ros/zed_interfaces/msg/RGBDSensors.lisp, /home/fachri/selfdriving/devel/share/common-lisp/ros/zed_interfaces/msg/RGBDSensors.lisp)
Cleaning: (/home/fachri/selfdriving/devel/.private/zed_interfaces/share/common-lisp/ros/zed_interfaces/msg/zed_interfaces-msg.asd, /home/fachri/selfdriving/devel/share/common-lisp/ros/zed_interfaces/msg/zed_interfaces-msg.asd)
Cleaning: (/home/fachri/selfdriving/devel/.private/zed_interfaces/share/common-lisp/ros/zed_interfaces/msg/_package_Keypoint3D.lisp, /home/fachri/selfdriving/devel/share/common-lisp/ros/zed_interfaces/msg/_package_Keypoint3D.lisp)
Cleaning: (/home/fachri/selfdriving/devel/.private/zed_interfaces/share/common-lisp/ros/zed_interfaces/msg/_package_BoundingBox3D.lisp, /home/fachri/selfdriving/devel/share/common-lisp/ros/zed_interfaces/msg/_package_BoundingBox3D.lisp)
Cleaning: (/home/fachri/selfdriving/devel/.private/zed_interfaces/share/common-lisp/ros/zed_interfaces/msg/BoundingBox3D.lisp, /home/fachri/selfdriving/devel/share/common-lisp/ros/zed_interfaces/msg/BoundingBox3D.lisp)
Cleaning: (/home/fachri/selfdriving/devel/.private/zed_interfaces/share/common-lisp/ros/zed_interfaces/msg/Keypoint2Di.lisp, /home/fachri/selfdriving/devel/share/common-lisp/ros/zed_interfaces/msg/Keypoint2Di.lisp)
Cleaning: (/home/fachri/selfdriving/devel/.private/zed_interfaces/share/common-lisp/ros/zed_interfaces/msg/_package_Object.lisp, /home/fachri/selfdriving/devel/share/common-lisp/ros/zed_interfaces/msg/_package_Object.lisp)
Cleaning: (/home/fachri/selfdriving/devel/.private/zed_interfaces/share/common-lisp/ros/zed_interfaces/msg/_package_Keypoint2Di.lisp, /home/fachri/selfdriving/devel/share/common-lisp/ros/zed_interfaces/msg/_package_Keypoint2Di.lisp)
Cleaning: (/home/fachri/selfdriving/devel/.private/zed_interfaces/share/common-lisp/ros/zed_interfaces/msg/Keypoint2Df.lisp, /home/fachri/selfdriving/devel/share/common-lisp/ros/zed_interfaces/msg/Keypoint2Df.lisp)
Cleaning: (/home/fachri/selfdriving/devel/.private/zed_interfaces/share/common-lisp/ros/zed_interfaces/msg/Object.lisp, /home/fachri/selfdriving/devel/share/common-lisp/ros/zed_interfaces/msg/Object.lisp)
Cleaning: (/home/fachri/selfdriving/devel/.private/zed_interfaces/share/common-lisp/ros/zed_interfaces/msg/_package_Skeleton2D.lisp, /home/fachri/selfdriving/devel/share/common-lisp/ros/zed_interfaces/msg/_package_Skeleton2D.lisp)
Cleaning: (/home/fachri/selfdriving/devel/.private/zed_interfaces/share/common-lisp/ros/zed_interfaces/msg/Skeleton3D.lisp, /home/fachri/selfdriving/devel/share/common-lisp/ros/zed_interfaces/msg/Skeleton3D.lisp)
Cleaning: (/home/fachri/selfdriving/devel/.private/zed_interfaces/share/common-lisp/ros/zed_interfaces/msg/BoundingBox2Di.lisp, /home/fachri/selfdriving/devel/share/common-lisp/ros/zed_interfaces/msg/BoundingBox2Di.lisp)
Cleaning: (/home/fachri/selfdriving/devel/.private/zed_interfaces/share/common-lisp/ros/zed_interfaces/msg/Skeleton2D.lisp, /home/fachri/selfdriving/devel/share/common-lisp/ros/zed_interfaces/msg/Skeleton2D.lisp)
Cleaning: (/home/fachri/selfdriving/devel/.private/zed_interfaces/share/common-lisp/ros/zed_interfaces/msg/_package_PosTrackStatus.lisp, /home/fachri/selfdriving/devel/share/common-lisp/ros/zed_interfaces/msg/_package_PosTrackStatus.lisp)
Cleaning: (/home/fachri/selfdriving/devel/.private/zed_interfaces/share/gennodejs/ros/zed_interfaces/_index.js, /home/fachri/selfdriving/devel/share/gennodejs/ros/zed_interfaces/_index.js)
Cleaning: (/home/fachri/selfdriving/devel/.private/zed_interfaces/share/gennodejs/ros/zed_interfaces/srv/stop_object_detection.js, /home/fachri/selfdriving/devel/share/gennodejs/ros/zed_interfaces/srv/stop_object_detection.js)
Cleaning: (/home/fachri/selfdriving/devel/.private/zed_interfaces/share/gennodejs/ros/zed_interfaces/srv/reset_roi.js, /home/fachri/selfdriving/devel/share/gennodejs/ros/zed_interfaces/srv/reset_roi.js)
Cleaning: (/home/fachri/selfdriving/devel/.private/zed_interfaces/share/gennodejs/ros/zed_interfaces/srv/start_remote_stream.js, /home/fachri/selfdriving/devel/share/gennodejs/ros/zed_interfaces/srv/start_remote_stream.js)
Cleaning: (/home/fachri/selfdriving/devel/.private/zed_interfaces/share/gennodejs/ros/zed_interfaces/srv/set_led_status.js, /home/fachri/selfdriving/devel/share/gennodejs/ros/zed_interfaces/srv/set_led_status.js)
Cleaning: (/home/fachri/selfdriving/devel/.private/zed_interfaces/share/gennodejs/ros/zed_interfaces/srv/stop_remote_stream.js, /home/fachri/selfdriving/devel/share/gennodejs/ros/zed_interfaces/srv/stop_remote_stream.js)
Cleaning: (/home/fachri/selfdriving/devel/.private/zed_interfaces/share/gennodejs/ros/zed_interfaces/srv/stop_3d_mapping.js, /home/fachri/selfdriving/devel/share/gennodejs/ros/zed_interfaces/srv/stop_3d_mapping.js)
Cleaning: (/home/fachri/selfdriving/devel/.private/zed_interfaces/share/gennodejs/ros/zed_interfaces/srv/start_3d_mapping.js, /home/fachri/selfdriving/devel/share/gennodejs/ros/zed_interfaces/srv/start_3d_mapping.js)
Cleaning: (/home/fachri/selfdriving/devel/.private/zed_interfaces/share/gennodejs/ros/zed_interfaces/srv/set_roi.js, /home/fachri/selfdriving/devel/share/gennodejs/ros/zed_interfaces/srv/set_roi.js)
Cleaning: (/home/fachri/selfdriving/devel/.private/zed_interfaces/share/gennodejs/ros/zed_interfaces/srv/start_svo_recording.js, /home/fachri/selfdriving/devel/share/gennodejs/ros/zed_interfaces/srv/start_svo_recording.js)
Cleaning: (/home/fachri/selfdriving/devel/.private/zed_interfaces/share/gennodejs/ros/zed_interfaces/srv/save_area_memory.js, /home/fachri/selfdriving/devel/share/gennodejs/ros/zed_interfaces/srv/save_area_memory.js)
Cleaning: (/home/fachri/selfdriving/devel/.private/zed_interfaces/share/gennodejs/ros/zed_interfaces/srv/stop_svo_recording.js, /home/fachri/selfdriving/devel/share/gennodejs/ros/zed_interfaces/srv/stop_svo_recording.js)
Cleaning: (/home/fachri/selfdriving/devel/.private/zed_interfaces/share/gennodejs/ros/zed_interfaces/srv/save_3d_map.js, /home/fachri/selfdriving/devel/share/gennodejs/ros/zed_interfaces/srv/save_3d_map.js)
Cleaning: (/home/fachri/selfdriving/devel/.private/zed_interfaces/share/gennodejs/ros/zed_interfaces/srv/toggle_led.js, /home/fachri/selfdriving/devel/share/gennodejs/ros/zed_interfaces/srv/toggle_led.js)
Cleaning: (/home/fachri/selfdriving/devel/.private/zed_interfaces/share/gennodejs/ros/zed_interfaces/srv/reset_tracking.js, /home/fachri/selfdriving/devel/share/gennodejs/ros/zed_interfaces/srv/reset_tracking.js)
Cleaning: (/home/fachri/selfdriving/devel/.private/zed_interfaces/share/gennodejs/ros/zed_interfaces/srv/reset_odometry.js, /home/fachri/selfdriving/devel/share/gennodejs/ros/zed_interfaces/srv/reset_odometry.js)
Cleaning: (/home/fachri/selfdriving/devel/.private/zed_interfaces/share/gennodejs/ros/zed_interfaces/srv/start_object_detection.js, /home/fachri/selfdriving/devel/share/gennodejs/ros/zed_interfaces/srv/start_object_detection.js)
Cleaning: (/home/fachri/selfdriving/devel/.private/zed_interfaces/share/gennodejs/ros/zed_interfaces/srv/set_pose.js, /home/fachri/selfdriving/devel/share/gennodejs/ros/zed_interfaces/srv/set_pose.js)
Cleaning: (/home/fachri/selfdriving/devel/.private/zed_interfaces/share/gennodejs/ros/zed_interfaces/srv/_index.js, /home/fachri/selfdriving/devel/share/gennodejs/ros/zed_interfaces/srv/_index.js)
Cleaning: (/home/fachri/selfdriving/devel/.private/zed_interfaces/share/gennodejs/ros/zed_interfaces/msg/PlaneStamped.js, /home/fachri/selfdriving/devel/share/gennodejs/ros/zed_interfaces/msg/PlaneStamped.js)
Cleaning: (/home/fachri/selfdriving/devel/.private/zed_interfaces/share/gennodejs/ros/zed_interfaces/msg/BoundingBox3D.js, /home/fachri/selfdriving/devel/share/gennodejs/ros/zed_interfaces/msg/BoundingBox3D.js)
Cleaning: (/home/fachri/selfdriving/devel/.private/zed_interfaces/share/gennodejs/ros/zed_interfaces/msg/PosTrackStatus.js, /home/fachri/selfdriving/devel/share/gennodejs/ros/zed_interfaces/msg/PosTrackStatus.js)
Cleaning: (/home/fachri/selfdriving/devel/.private/zed_interfaces/share/gennodejs/ros/zed_interfaces/msg/RGBDSensors.js, /home/fachri/selfdriving/devel/share/gennodejs/ros/zed_interfaces/msg/RGBDSensors.js)
Cleaning: (/home/fachri/selfdriving/devel/.private/zed_interfaces/share/gennodejs/ros/zed_interfaces/msg/Keypoint2Df.js, /home/fachri/selfdriving/devel/share/gennodejs/ros/zed_interfaces/msg/Keypoint2Df.js)
Cleaning: (/home/fachri/selfdriving/devel/.private/zed_interfaces/share/gennodejs/ros/zed_interfaces/msg/BoundingBox2Di.js, /home/fachri/selfdriving/devel/share/gennodejs/ros/zed_interfaces/msg/BoundingBox2Di.js)
Cleaning: (/home/fachri/selfdriving/devel/.private/zed_interfaces/share/gennodejs/ros/zed_interfaces/msg/Skeleton2D.js, /home/fachri/selfdriving/devel/share/gennodejs/ros/zed_interfaces/msg/Skeleton2D.js)
Cleaning: (/home/fachri/selfdriving/devel/.private/zed_interfaces/share/gennodejs/ros/zed_interfaces/msg/Keypoint3D.js, /home/fachri/selfdriving/devel/share/gennodejs/ros/zed_interfaces/msg/Keypoint3D.js)
Cleaning: (/home/fachri/selfdriving/devel/.private/zed_interfaces/share/gennodejs/ros/zed_interfaces/msg/Skeleton3D.js, /home/fachri/selfdriving/devel/share/gennodejs/ros/zed_interfaces/msg/Skeleton3D.js)
Cleaning: (/home/fachri/selfdriving/devel/.private/zed_interfaces/share/gennodejs/ros/zed_interfaces/msg/ObjectsStamped.js, /home/fachri/selfdriving/devel/share/gennodejs/ros/zed_interfaces/msg/ObjectsStamped.js)
Cleaning: (/home/fachri/selfdriving/devel/.private/zed_interfaces/share/gennodejs/ros/zed_interfaces/msg/BoundingBox2Df.js, /home/fachri/selfdriving/devel/share/gennodejs/ros/zed_interfaces/msg/BoundingBox2Df.js)
Cleaning: (/home/fachri/selfdriving/devel/.private/zed_interfaces/share/gennodejs/ros/zed_interfaces/msg/Keypoint2Di.js, /home/fachri/selfdriving/devel/share/gennodejs/ros/zed_interfaces/msg/Keypoint2Di.js)
Cleaning: (/home/fachri/selfdriving/devel/.private/zed_interfaces/share/gennodejs/ros/zed_interfaces/msg/Object.js, /home/fachri/selfdriving/devel/share/gennodejs/ros/zed_interfaces/msg/Object.js)
Cleaning: (/home/fachri/selfdriving/devel/.private/zed_interfaces/share/gennodejs/ros/zed_interfaces/msg/_index.js, /home/fachri/selfdriving/devel/share/gennodejs/ros/zed_interfaces/msg/_index.js)
Cleaning: (/home/fachri/selfdriving/devel/.private/zed_interfaces/lib/python3/dist-packages/zed_interfaces/__init__.py, /home/fachri/selfdriving/devel/lib/python3/dist-packages/zed_interfaces/__init__.py)
Cleaning: (/home/fachri/selfdriving/devel/.private/zed_interfaces/lib/python3/dist-packages/zed_interfaces/srv/_start_remote_stream.py, /home/fachri/selfdriving/devel/lib/python3/dist-packages/zed_interfaces/srv/_start_remote_stream.py)
Cleaning: (/home/fachri/selfdriving/devel/.private/zed_interfaces/lib/python3/dist-packages/zed_interfaces/srv/_reset_roi.py, /home/fachri/selfdriving/devel/lib/python3/dist-packages/zed_interfaces/srv/_reset_roi.py)
Cleaning: (/home/fachri/selfdriving/devel/.private/zed_interfaces/lib/python3/dist-packages/zed_interfaces/srv/_start_3d_mapping.py, /home/fachri/selfdriving/devel/lib/python3/dist-packages/zed_interfaces/srv/_start_3d_mapping.py)
Cleaning: (/home/fachri/selfdriving/devel/.private/zed_interfaces/lib/python3/dist-packages/zed_interfaces/srv/_save_3d_map.py, /home/fachri/selfdriving/devel/lib/python3/dist-packages/zed_interfaces/srv/_save_3d_map.py)
Cleaning: (/home/fachri/selfdriving/devel/.private/zed_interfaces/lib/python3/dist-packages/zed_interfaces/srv/_stop_3d_mapping.py, /home/fachri/selfdriving/devel/lib/python3/dist-packages/zed_interfaces/srv/_stop_3d_mapping.py)
Cleaning: (/home/fachri/selfdriving/devel/.private/zed_interfaces/lib/python3/dist-packages/zed_interfaces/srv/_reset_odometry.py, /home/fachri/selfdriving/devel/lib/python3/dist-packages/zed_interfaces/srv/_reset_odometry.py)
Cleaning: (/home/fachri/selfdriving/devel/.private/zed_interfaces/lib/python3/dist-packages/zed_interfaces/srv/_toggle_led.py, /home/fachri/selfdriving/devel/lib/python3/dist-packages/zed_interfaces/srv/_toggle_led.py)
Cleaning: (/home/fachri/selfdriving/devel/.private/zed_interfaces/lib/python3/dist-packages/zed_interfaces/srv/_stop_object_detection.py, /home/fachri/selfdriving/devel/lib/python3/dist-packages/zed_interfaces/srv/_stop_object_detection.py)
Cleaning: (/home/fachri/selfdriving/devel/.private/zed_interfaces/lib/python3/dist-packages/zed_interfaces/srv/_save_area_memory.py, /home/fachri/selfdriving/devel/lib/python3/dist-packages/zed_interfaces/srv/_save_area_memory.py)
Cleaning: (/home/fachri/selfdriving/devel/.private/zed_interfaces/lib/python3/dist-packages/zed_interfaces/srv/_set_pose.py, /home/fachri/selfdriving/devel/lib/python3/dist-packages/zed_interfaces/srv/_set_pose.py)
Cleaning: (/home/fachri/selfdriving/devel/.private/zed_interfaces/lib/python3/dist-packages/zed_interfaces/srv/_reset_tracking.py, /home/fachri/selfdriving/devel/lib/python3/dist-packages/zed_interfaces/srv/_reset_tracking.py)
Cleaning: (/home/fachri/selfdriving/devel/.private/zed_interfaces/lib/python3/dist-packages/zed_interfaces/srv/_stop_remote_stream.py, /home/fachri/selfdriving/devel/lib/python3/dist-packages/zed_interfaces/srv/_stop_remote_stream.py)
Cleaning: (/home/fachri/selfdriving/devel/.private/zed_interfaces/lib/python3/dist-packages/zed_interfaces/srv/__init__.py, /home/fachri/selfdriving/devel/lib/python3/dist-packages/zed_interfaces/srv/__init__.py)
Cleaning: (/home/fachri/selfdriving/devel/.private/zed_interfaces/lib/python3/dist-packages/zed_interfaces/srv/_set_roi.py, /home/fachri/selfdriving/devel/lib/python3/dist-packages/zed_interfaces/srv/_set_roi.py)
Cleaning: (/home/fachri/selfdriving/devel/.private/zed_interfaces/lib/python3/dist-packages/zed_interfaces/srv/_start_object_detection.py, /home/fachri/selfdriving/devel/lib/python3/dist-packages/zed_interfaces/srv/_start_object_detection.py)
Cleaning: (/home/fachri/selfdriving/devel/.private/zed_interfaces/lib/python3/dist-packages/zed_interfaces/srv/_stop_svo_recording.py, /home/fachri/selfdriving/devel/lib/python3/dist-packages/zed_interfaces/srv/_stop_svo_recording.py)
Cleaning: (/home/fachri/selfdriving/devel/.private/zed_interfaces/lib/python3/dist-packages/zed_interfaces/srv/_start_svo_recording.py, /home/fachri/selfdriving/devel/lib/python3/dist-packages/zed_interfaces/srv/_start_svo_recording.py)
Cleaning: (/home/fachri/selfdriving/devel/.private/zed_interfaces/lib/python3/dist-packages/zed_interfaces/srv/_set_led_status.py, /home/fachri/selfdriving/devel/lib/python3/dist-packages/zed_interfaces/srv/_set_led_status.py)
Cleaning: (/home/fachri/selfdriving/devel/.private/zed_interfaces/lib/python3/dist-packages/zed_interfaces/msg/_BoundingBox2Di.py, /home/fachri/selfdriving/devel/lib/python3/dist-packages/zed_interfaces/msg/_BoundingBox2Di.py)
Cleaning: (/home/fachri/selfdriving/devel/.private/zed_interfaces/lib/python3/dist-packages/zed_interfaces/msg/_BoundingBox2Df.py, /home/fachri/selfdriving/devel/lib/python3/dist-packages/zed_interfaces/msg/_BoundingBox2Df.py)
Cleaning: (/home/fachri/selfdriving/devel/.private/zed_interfaces/lib/python3/dist-packages/zed_interfaces/msg/_Object.py, /home/fachri/selfdriving/devel/lib/python3/dist-packages/zed_interfaces/msg/_Object.py)
Cleaning: (/home/fachri/selfdriving/devel/.private/zed_interfaces/lib/python3/dist-packages/zed_interfaces/msg/_Skeleton2D.py, /home/fachri/selfdriving/devel/lib/python3/dist-packages/zed_interfaces/msg/_Skeleton2D.py)
Cleaning: (/home/fachri/selfdriving/devel/.private/zed_interfaces/lib/python3/dist-packages/zed_interfaces/msg/_Skeleton3D.py, /home/fachri/selfdriving/devel/lib/python3/dist-packages/zed_interfaces/msg/_Skeleton3D.py)
Cleaning: (/home/fachri/selfdriving/devel/.private/zed_interfaces/lib/python3/dist-packages/zed_interfaces/msg/_PlaneStamped.py, /home/fachri/selfdriving/devel/lib/python3/dist-packages/zed_interfaces/msg/_PlaneStamped.py)
Cleaning: (/home/fachri/selfdriving/devel/.private/zed_interfaces/lib/python3/dist-packages/zed_interfaces/msg/_RGBDSensors.py, /home/fachri/selfdriving/devel/lib/python3/dist-packages/zed_interfaces/msg/_RGBDSensors.py)
Cleaning: (/home/fachri/selfdriving/devel/.private/zed_interfaces/lib/python3/dist-packages/zed_interfaces/msg/_BoundingBox3D.py, /home/fachri/selfdriving/devel/lib/python3/dist-packages/zed_interfaces/msg/_BoundingBox3D.py)
Cleaning: (/home/fachri/selfdriving/devel/.private/zed_interfaces/lib/python3/dist-packages/zed_interfaces/msg/__init__.py, /home/fachri/selfdriving/devel/lib/python3/dist-packages/zed_interfaces/msg/__init__.py)
Cleaning: (/home/fachri/selfdriving/devel/.private/zed_interfaces/lib/python3/dist-packages/zed_interfaces/msg/_PosTrackStatus.py, /home/fachri/selfdriving/devel/lib/python3/dist-packages/zed_interfaces/msg/_PosTrackStatus.py)
Cleaning: (/home/fachri/selfdriving/devel/.private/zed_interfaces/lib/python3/dist-packages/zed_interfaces/msg/_Keypoint2Df.py, /home/fachri/selfdriving/devel/lib/python3/dist-packages/zed_interfaces/msg/_Keypoint2Df.py)
Cleaning: (/home/fachri/selfdriving/devel/.private/zed_interfaces/lib/python3/dist-packages/zed_interfaces/msg/_Keypoint3D.py, /home/fachri/selfdriving/devel/lib/python3/dist-packages/zed_interfaces/msg/_Keypoint3D.py)
Cleaning: (/home/fachri/selfdriving/devel/.private/zed_interfaces/lib/python3/dist-packages/zed_interfaces/msg/_ObjectsStamped.py, /home/fachri/selfdriving/devel/lib/python3/dist-packages/zed_interfaces/msg/_ObjectsStamped.py)
Cleaning: (/home/fachri/selfdriving/devel/.private/zed_interfaces/lib/python3/dist-packages/zed_interfaces/msg/_Keypoint2Di.py, /home/fachri/selfdriving/devel/lib/python3/dist-packages/zed_interfaces/msg/_Keypoint2Di.py)
Cleaning: (/home/fachri/selfdriving/devel/.private/zed_interfaces/lib/pkgconfig/zed_interfaces.pc, /home/fachri/selfdriving/devel/lib/pkgconfig/zed_interfaces.pc)
Cleaning: (/home/fachri/selfdriving/devel/.private/zed_interfaces/include/zed_interfaces/stop_object_detectionResponse.h, /home/fachri/selfdriving/devel/include/zed_interfaces/stop_object_detectionResponse.h)
Cleaning: (/home/fachri/selfdriving/devel/.private/zed_interfaces/include/zed_interfaces/reset_roiResponse.h, /home/fachri/selfdriving/devel/include/zed_interfaces/reset_roiResponse.h)
Cleaning: (/home/fachri/selfdriving/devel/.private/zed_interfaces/include/zed_interfaces/Skeleton2D.h, /home/fachri/selfdriving/devel/include/zed_interfaces/Skeleton2D.h)
Cleaning: (/home/fachri/selfdriving/devel/.private/zed_interfaces/include/zed_interfaces/stop_3d_mappingRequest.h, /home/fachri/selfdriving/devel/include/zed_interfaces/stop_3d_mappingRequest.h)
Cleaning: (/home/fachri/selfdriving/devel/.private/zed_interfaces/include/zed_interfaces/stop_object_detection.h, /home/fachri/selfdriving/devel/include/zed_interfaces/stop_object_detection.h)
Cleaning: (/home/fachri/selfdriving/devel/.private/zed_interfaces/include/zed_interfaces/reset_tracking.h, /home/fachri/selfdriving/devel/include/zed_interfaces/reset_tracking.h)
Cleaning: (/home/fachri/selfdriving/devel/.private/zed_interfaces/include/zed_interfaces/start_remote_streamRequest.h, /home/fachri/selfdriving/devel/include/zed_interfaces/start_remote_streamRequest.h)
Cleaning: (/home/fachri/selfdriving/devel/.private/zed_interfaces/include/zed_interfaces/stop_3d_mapping.h, /home/fachri/selfdriving/devel/include/zed_interfaces/stop_3d_mapping.h)
Cleaning: (/home/fachri/selfdriving/devel/.private/zed_interfaces/include/zed_interfaces/start_3d_mapping.h, /home/fachri/selfdriving/devel/include/zed_interfaces/start_3d_mapping.h)
Cleaning: (/home/fachri/selfdriving/devel/.private/zed_interfaces/include/zed_interfaces/BoundingBox3D.h, /home/fachri/selfdriving/devel/include/zed_interfaces/BoundingBox3D.h)
Cleaning: (/home/fachri/selfdriving/devel/.private/zed_interfaces/include/zed_interfaces/start_remote_streamResponse.h, /home/fachri/selfdriving/devel/include/zed_interfaces/start_remote_streamResponse.h)
Cleaning: (/home/fachri/selfdriving/devel/.private/zed_interfaces/include/zed_interfaces/stop_svo_recordingRequest.h, /home/fachri/selfdriving/devel/include/zed_interfaces/stop_svo_recordingRequest.h)
Cleaning: (/home/fachri/selfdriving/devel/.private/zed_interfaces/include/zed_interfaces/PosTrackStatus.h, /home/fachri/selfdriving/devel/include/zed_interfaces/PosTrackStatus.h)
Cleaning: (/home/fachri/selfdriving/devel/.private/zed_interfaces/include/zed_interfaces/stop_svo_recordingResponse.h, /home/fachri/selfdriving/devel/include/zed_interfaces/stop_svo_recordingResponse.h)
Cleaning: (/home/fachri/selfdriving/devel/.private/zed_interfaces/include/zed_interfaces/start_object_detectionResponse.h, /home/fachri/selfdriving/devel/include/zed_interfaces/start_object_detectionResponse.h)
Cleaning: (/home/fachri/selfdriving/devel/.private/zed_interfaces/include/zed_interfaces/start_svo_recording.h, /home/fachri/selfdriving/devel/include/zed_interfaces/start_svo_recording.h)
Cleaning: (/home/fachri/selfdriving/devel/.private/zed_interfaces/include/zed_interfaces/PlaneStamped.h, /home/fachri/selfdriving/devel/include/zed_interfaces/PlaneStamped.h)
Cleaning: (/home/fachri/selfdriving/devel/.private/zed_interfaces/include/zed_interfaces/start_remote_stream.h, /home/fachri/selfdriving/devel/include/zed_interfaces/start_remote_stream.h)
Cleaning: (/home/fachri/selfdriving/devel/.private/zed_interfaces/include/zed_interfaces/stop_svo_recording.h, /home/fachri/selfdriving/devel/include/zed_interfaces/stop_svo_recording.h)
Cleaning: (/home/fachri/selfdriving/devel/.private/zed_interfaces/include/zed_interfaces/set_roi.h, /home/fachri/selfdriving/devel/include/zed_interfaces/set_roi.h)
Cleaning: (/home/fachri/selfdriving/devel/.private/zed_interfaces/include/zed_interfaces/save_3d_map.h, /home/fachri/selfdriving/devel/include/zed_interfaces/save_3d_map.h)
Cleaning: (/home/fachri/selfdriving/devel/.private/zed_interfaces/include/zed_interfaces/save_3d_mapRequest.h, /home/fachri/selfdriving/devel/include/zed_interfaces/save_3d_mapRequest.h)
Cleaning: (/home/fachri/selfdriving/devel/.private/zed_interfaces/include/zed_interfaces/save_3d_mapResponse.h, /home/fachri/selfdriving/devel/include/zed_interfaces/save_3d_mapResponse.h)
Cleaning: (/home/fachri/selfdriving/devel/.private/zed_interfaces/include/zed_interfaces/reset_roi.h, /home/fachri/selfdriving/devel/include/zed_interfaces/reset_roi.h)
Cleaning: (/home/fachri/selfdriving/devel/.private/zed_interfaces/include/zed_interfaces/Skeleton3D.h, /home/fachri/selfdriving/devel/include/zed_interfaces/Skeleton3D.h)
Cleaning: (/home/fachri/selfdriving/devel/.private/zed_interfaces/include/zed_interfaces/save_area_memoryRequest.h, /home/fachri/selfdriving/devel/include/zed_interfaces/save_area_memoryRequest.h)
Cleaning: (/home/fachri/selfdriving/devel/.private/zed_interfaces/include/zed_interfaces/Object.h, /home/fachri/selfdriving/devel/include/zed_interfaces/Object.h)
Cleaning: (/home/fachri/selfdriving/devel/.private/zed_interfaces/include/zed_interfaces/reset_odometryResponse.h, /home/fachri/selfdriving/devel/include/zed_interfaces/reset_odometryResponse.h)
Cleaning: (/home/fachri/selfdriving/devel/.private/zed_interfaces/include/zed_interfaces/start_3d_mappingResponse.h, /home/fachri/selfdriving/devel/include/zed_interfaces/start_3d_mappingResponse.h)
Cleaning: (/home/fachri/selfdriving/devel/.private/zed_interfaces/include/zed_interfaces/BoundingBox2Df.h, /home/fachri/selfdriving/devel/include/zed_interfaces/BoundingBox2Df.h)
Cleaning: (/home/fachri/selfdriving/devel/.private/zed_interfaces/include/zed_interfaces/Keypoint3D.h, /home/fachri/selfdriving/devel/include/zed_interfaces/Keypoint3D.h)
Cleaning: (/home/fachri/selfdriving/devel/.private/zed_interfaces/include/zed_interfaces/start_svo_recordingRequest.h, /home/fachri/selfdriving/devel/include/zed_interfaces/start_svo_recordingRequest.h)
Cleaning: (/home/fachri/selfdriving/devel/.private/zed_interfaces/include/zed_interfaces/stop_3d_mappingResponse.h, /home/fachri/selfdriving/devel/include/zed_interfaces/stop_3d_mappingResponse.h)
Cleaning: (/home/fachri/selfdriving/devel/.private/zed_interfaces/include/zed_interfaces/stop_object_detectionRequest.h, /home/fachri/selfdriving/devel/include/zed_interfaces/stop_object_detectionRequest.h)
Cleaning: (/home/fachri/selfdriving/devel/.private/zed_interfaces/include/zed_interfaces/start_3d_mappingRequest.h, /home/fachri/selfdriving/devel/include/zed_interfaces/start_3d_mappingRequest.h)
Cleaning: (/home/fachri/selfdriving/devel/.private/zed_interfaces/include/zed_interfaces/set_led_status.h, /home/fachri/selfdriving/devel/include/zed_interfaces/set_led_status.h)
Cleaning: (/home/fachri/selfdriving/devel/.private/zed_interfaces/include/zed_interfaces/Keypoint2Di.h, /home/fachri/selfdriving/devel/include/zed_interfaces/Keypoint2Di.h)
Cleaning: (/home/fachri/selfdriving/devel/.private/zed_interfaces/include/zed_interfaces/toggle_ledRequest.h, /home/fachri/selfdriving/devel/include/zed_interfaces/toggle_ledRequest.h)
Cleaning: (/home/fachri/selfdriving/devel/.private/zed_interfaces/include/zed_interfaces/stop_remote_streamRequest.h, /home/fachri/selfdriving/devel/include/zed_interfaces/stop_remote_streamRequest.h)
Cleaning: (/home/fachri/selfdriving/devel/.private/zed_interfaces/include/zed_interfaces/BoundingBox2Di.h, /home/fachri/selfdriving/devel/include/zed_interfaces/BoundingBox2Di.h)
Cleaning: (/home/fachri/selfdriving/devel/.private/zed_interfaces/include/zed_interfaces/RGBDSensors.h, /home/fachri/selfdriving/devel/include/zed_interfaces/RGBDSensors.h)
Cleaning: (/home/fachri/selfdriving/devel/.private/zed_interfaces/include/zed_interfaces/set_led_statusRequest.h, /home/fachri/selfdriving/devel/include/zed_interfaces/set_led_statusRequest.h)
Cleaning: (/home/fachri/selfdriving/devel/.private/zed_interfaces/include/zed_interfaces/save_area_memoryResponse.h, /home/fachri/selfdriving/devel/include/zed_interfaces/save_area_memoryResponse.h)
Cleaning: (/home/fachri/selfdriving/devel/.private/zed_interfaces/include/zed_interfaces/reset_roiRequest.h, /home/fachri/selfdriving/devel/include/zed_interfaces/reset_roiRequest.h)
Cleaning: (/home/fachri/selfdriving/devel/.private/zed_interfaces/include/zed_interfaces/stop_remote_streamResponse.h, /home/fachri/selfdriving/devel/include/zed_interfaces/stop_remote_streamResponse.h)
Cleaning: (/home/fachri/selfdriving/devel/.private/zed_interfaces/include/zed_interfaces/save_area_memory.h, /home/fachri/selfdriving/devel/include/zed_interfaces/save_area_memory.h)
Cleaning: (/home/fachri/selfdriving/devel/.private/zed_interfaces/include/zed_interfaces/set_poseRequest.h, /home/fachri/selfdriving/devel/include/zed_interfaces/set_poseRequest.h)
Cleaning: (/home/fachri/selfdriving/devel/.private/zed_interfaces/include/zed_interfaces/set_poseResponse.h, /home/fachri/selfdriving/devel/include/zed_interfaces/set_poseResponse.h)
Cleaning: (/home/fachri/selfdriving/devel/.private/zed_interfaces/include/zed_interfaces/reset_trackingResponse.h, /home/fachri/selfdriving/devel/include/zed_interfaces/reset_trackingResponse.h)
Cleaning: (/home/fachri/selfdriving/devel/.private/zed_interfaces/include/zed_interfaces/reset_odometry.h, /home/fachri/selfdriving/devel/include/zed_interfaces/reset_odometry.h)
Cleaning: (/home/fachri/selfdriving/devel/.private/zed_interfaces/include/zed_interfaces/start_svo_recordingResponse.h, /home/fachri/selfdriving/devel/include/zed_interfaces/start_svo_recordingResponse.h)
Cleaning: (/home/fachri/selfdriving/devel/.private/zed_interfaces/include/zed_interfaces/start_object_detection.h, /home/fachri/selfdriving/devel/include/zed_interfaces/start_object_detection.h)
Cleaning: (/home/fachri/selfdriving/devel/.private/zed_interfaces/include/zed_interfaces/ObjectsStamped.h, /home/fachri/selfdriving/devel/include/zed_interfaces/ObjectsStamped.h)
Cleaning: (/home/fachri/selfdriving/devel/.private/zed_interfaces/include/zed_interfaces/set_pose.h, /home/fachri/selfdriving/devel/include/zed_interfaces/set_pose.h)
Cleaning: (/home/fachri/selfdriving/devel/.private/zed_interfaces/include/zed_interfaces/start_object_detectionRequest.h, /home/fachri/selfdriving/devel/include/zed_interfaces/start_object_detectionRequest.h)
Cleaning: (/home/fachri/selfdriving/devel/.private/zed_interfaces/include/zed_interfaces/set_roiResponse.h, /home/fachri/selfdriving/devel/include/zed_interfaces/set_roiResponse.h)
Cleaning: (/home/fachri/selfdriving/devel/.private/zed_interfaces/include/zed_interfaces/toggle_led.h, /home/fachri/selfdriving/devel/include/zed_interfaces/toggle_led.h)
Cleaning: (/home/fachri/selfdriving/devel/.private/zed_interfaces/include/zed_interfaces/set_roiRequest.h, /home/fachri/selfdriving/devel/include/zed_interfaces/set_roiRequest.h)
Cleaning: (/home/fachri/selfdriving/devel/.private/zed_interfaces/include/zed_interfaces/stop_remote_stream.h, /home/fachri/selfdriving/devel/include/zed_interfaces/stop_remote_stream.h)
Cleaning: (/home/fachri/selfdriving/devel/.private/zed_interfaces/include/zed_interfaces/toggle_ledResponse.h, /home/fachri/selfdriving/devel/include/zed_interfaces/toggle_ledResponse.h)
Cleaning: (/home/fachri/selfdriving/devel/.private/zed_interfaces/include/zed_interfaces/Keypoint2Df.h, /home/fachri/selfdriving/devel/include/zed_interfaces/Keypoint2Df.h)
Cleaning: (/home/fachri/selfdriving/devel/.private/zed_interfaces/include/zed_interfaces/reset_trackingRequest.h, /home/fachri/selfdriving/devel/include/zed_interfaces/reset_trackingRequest.h)
Cleaning: (/home/fachri/selfdriving/devel/.private/zed_interfaces/include/zed_interfaces/reset_odometryRequest.h, /home/fachri/selfdriving/devel/include/zed_interfaces/reset_odometryRequest.h)
Cleaning: (/home/fachri/selfdriving/devel/.private/zed_interfaces/include/zed_interfaces/set_led_statusResponse.h, /home/fachri/selfdriving/devel/include/zed_interfaces/set_led_statusResponse.h)
Unlinking: /home/fachri/selfdriving/devel/share/roseus/ros/zed_interfaces/manifest.l
Already unlinked: {}
Unlinking: /home/fachri/selfdriving/devel/share/roseus/ros/zed_interfaces/srv/set_pose.l
Already unlinked: {}
Unlinking: /home/fachri/selfdriving/devel/share/roseus/ros/zed_interfaces/srv/stop_object_detection.l
Already unlinked: {}
Unlinking: /home/fachri/selfdriving/devel/share/roseus/ros/zed_interfaces/srv/stop_3d_mapping.l
Already unlinked: {}
Unlinking: /home/fachri/selfdriving/devel/share/roseus/ros/zed_interfaces/srv/set_roi.l
Already unlinked: {}
Unlinking: /home/fachri/selfdriving/devel/share/roseus/ros/zed_interfaces/srv/save_area_memory.l
Already unlinked: {}
Unlinking: /home/fachri/selfdriving/devel/share/roseus/ros/zed_interfaces/srv/stop_remote_stream.l
Already unlinked: {}
Unlinking: /home/fachri/selfdriving/devel/share/roseus/ros/zed_interfaces/srv/reset_roi.l
Already unlinked: {}
Unlinking: /home/fachri/selfdriving/devel/share/roseus/ros/zed_interfaces/srv/start_svo_recording.l
Already unlinked: {}
Unlinking: /home/fachri/selfdriving/devel/share/roseus/ros/zed_interfaces/srv/toggle_led.l
Already unlinked: {}
Unlinking: /home/fachri/selfdriving/devel/share/roseus/ros/zed_interfaces/srv/stop_svo_recording.l
Already unlinked: {}
Unlinking: /home/fachri/selfdriving/devel/share/roseus/ros/zed_interfaces/srv/start_object_detection.l
Already unlinked: {}
Unlinking: /home/fachri/selfdriving/devel/share/roseus/ros/zed_interfaces/srv/reset_tracking.l
Already unlinked: {}
Unlinking: /home/fachri/selfdriving/devel/share/roseus/ros/zed_interfaces/srv/start_remote_stream.l
Already unlinked: {}
Unlinking: /home/fachri/selfdriving/devel/share/roseus/ros/zed_interfaces/srv/reset_odometry.l
Already unlinked: {}
Unlinking: /home/fachri/selfdriving/devel/share/roseus/ros/zed_interfaces/srv/set_led_status.l
Already unlinked: {}
Unlinking: /home/fachri/selfdriving/devel/share/roseus/ros/zed_interfaces/srv/save_3d_map.l
Already unlinked: {}
Unlinking: /home/fachri/selfdriving/devel/share/roseus/ros/zed_interfaces/srv/start_3d_mapping.l
Already unlinked: {}
Unlinking: /home/fachri/selfdriving/devel/share/roseus/ros/zed_interfaces/msg/BoundingBox2Df.l
Already unlinked: {}
Unlinking: /home/fachri/selfdriving/devel/share/roseus/ros/zed_interfaces/msg/Object.l
Already unlinked: {}
Unlinking: /home/fachri/selfdriving/devel/share/roseus/ros/zed_interfaces/msg/PlaneStamped.l
Already unlinked: {}
Unlinking: /home/fachri/selfdriving/devel/share/roseus/ros/zed_interfaces/msg/PosTrackStatus.l
Already unlinked: {}
Unlinking: /home/fachri/selfdriving/devel/share/roseus/ros/zed_interfaces/msg/ObjectsStamped.l
Already unlinked: {}
Unlinking: /home/fachri/selfdriving/devel/share/roseus/ros/zed_interfaces/msg/Keypoint2Df.l
Already unlinked: {}
Unlinking: /home/fachri/selfdriving/devel/share/roseus/ros/zed_interfaces/msg/BoundingBox2Di.l
Already unlinked: {}
Unlinking: /home/fachri/selfdriving/devel/share/roseus/ros/zed_interfaces/msg/Keypoint3D.l
Already unlinked: {}
Unlinking: /home/fachri/selfdriving/devel/share/roseus/ros/zed_interfaces/msg/Skeleton3D.l
Already unlinked: {}
Unlinking: /home/fachri/selfdriving/devel/share/roseus/ros/zed_interfaces/msg/RGBDSensors.l
Already unlinked: {}
Unlinking: /home/fachri/selfdriving/devel/share/roseus/ros/zed_interfaces/msg/BoundingBox3D.l
Already unlinked: {}
Unlinking: /home/fachri/selfdriving/devel/share/roseus/ros/zed_interfaces/msg/Skeleton2D.l
Already unlinked: {}
Unlinking: /home/fachri/selfdriving/devel/share/roseus/ros/zed_interfaces/msg/Keypoint2Di.l
Already unlinked: {}
Unlinking: /home/fachri/selfdriving/devel/share/zed_interfaces/cmake/zed_interfacesConfig-version.cmake
Already unlinked: {}
Unlinking: /home/fachri/selfdriving/devel/share/zed_interfaces/cmake/zed_interfaces-msg-extras.cmake
Already unlinked: {}
Unlinking: /home/fachri/selfdriving/devel/share/zed_interfaces/cmake/zed_interfaces-msg-paths.cmake
Already unlinked: {}
Unlinking: /home/fachri/selfdriving/devel/share/zed_interfaces/cmake/zed_interfacesConfig.cmake
Already unlinked: {}
Unlinking: /home/fachri/selfdriving/devel/share/common-lisp/ros/zed_interfaces/srv/_package_stop_svo_recording.lisp
Already unlinked: {}
Unlinking: /home/fachri/selfdriving/devel/share/common-lisp/ros/zed_interfaces/srv/save_area_memory.lisp
Already unlinked: {}
Unlinking: /home/fachri/selfdriving/devel/share/common-lisp/ros/zed_interfaces/srv/_package_set_led_status.lisp
Already unlinked: {}
Unlinking: /home/fachri/selfdriving/devel/share/common-lisp/ros/zed_interfaces/srv/set_pose.lisp
Already unlinked: {}
Unlinking: /home/fachri/selfdriving/devel/share/common-lisp/ros/zed_interfaces/srv/_package_start_3d_mapping.lisp
Already unlinked: {}
Unlinking: /home/fachri/selfdriving/devel/share/common-lisp/ros/zed_interfaces/srv/start_svo_recording.lisp
Already unlinked: {}
Unlinking: /home/fachri/selfdriving/devel/share/common-lisp/ros/zed_interfaces/srv/_package_reset_tracking.lisp
Already unlinked: {}
Unlinking: /home/fachri/selfdriving/devel/share/common-lisp/ros/zed_interfaces/srv/save_3d_map.lisp
Already unlinked: {}
Unlinking: /home/fachri/selfdriving/devel/share/common-lisp/ros/zed_interfaces/srv/_package.lisp
Already unlinked: {}
Unlinking: /home/fachri/selfdriving/devel/share/common-lisp/ros/zed_interfaces/srv/reset_odometry.lisp
Already unlinked: {}
Unlinking: /home/fachri/selfdriving/devel/share/common-lisp/ros/zed_interfaces/srv/_package_reset_odometry.lisp
Already unlinked: {}
Unlinking: /home/fachri/selfdriving/devel/share/common-lisp/ros/zed_interfaces/srv/reset_tracking.lisp
Already unlinked: {}
Unlinking: /home/fachri/selfdriving/devel/share/common-lisp/ros/zed_interfaces/srv/_package_reset_roi.lisp
Already unlinked: {}
Unlinking: /home/fachri/selfdriving/devel/share/common-lisp/ros/zed_interfaces/srv/_package_set_pose.lisp
Already unlinked: {}
Unlinking: /home/fachri/selfdriving/devel/share/common-lisp/ros/zed_interfaces/srv/_package_toggle_led.lisp
Already unlinked: {}
Unlinking: /home/fachri/selfdriving/devel/share/common-lisp/ros/zed_interfaces/srv/_package_save_3d_map.lisp
Already unlinked: {}
Unlinking: /home/fachri/selfdriving/devel/share/common-lisp/ros/zed_interfaces/srv/zed_interfaces-srv.asd
Already unlinked: {}
Unlinking: /home/fachri/selfdriving/devel/share/common-lisp/ros/zed_interfaces/srv/_package_stop_3d_mapping.lisp
Already unlinked: {}
Unlinking: /home/fachri/selfdriving/devel/share/common-lisp/ros/zed_interfaces/srv/_package_start_svo_recording.lisp
Already unlinked: {}
Unlinking: /home/fachri/selfdriving/devel/share/common-lisp/ros/zed_interfaces/srv/_package_start_remote_stream.lisp
Already unlinked: {}
Unlinking: /home/fachri/selfdriving/devel/share/common-lisp/ros/zed_interfaces/srv/reset_roi.lisp
Already unlinked: {}
Unlinking: /home/fachri/selfdriving/devel/share/common-lisp/ros/zed_interfaces/srv/_package_start_object_detection.lisp
Already unlinked: {}
Unlinking: /home/fachri/selfdriving/devel/share/common-lisp/ros/zed_interfaces/srv/set_led_status.lisp
Already unlinked: {}
Unlinking: /home/fachri/selfdriving/devel/share/common-lisp/ros/zed_interfaces/srv/stop_object_detection.lisp
Already unlinked: {}
Unlinking: /home/fachri/selfdriving/devel/share/common-lisp/ros/zed_interfaces/srv/stop_svo_recording.lisp
Already unlinked: {}
Unlinking: /home/fachri/selfdriving/devel/share/common-lisp/ros/zed_interfaces/srv/start_remote_stream.lisp
Already unlinked: {}
Unlinking: /home/fachri/selfdriving/devel/share/common-lisp/ros/zed_interfaces/srv/start_object_detection.lisp
Already unlinked: {}
Unlinking: /home/fachri/selfdriving/devel/share/common-lisp/ros/zed_interfaces/srv/start_3d_mapping.lisp
Already unlinked: {}
Unlinking: /home/fachri/selfdriving/devel/share/common-lisp/ros/zed_interfaces/srv/_package_set_roi.lisp
Already unlinked: {}
Unlinking: /home/fachri/selfdriving/devel/share/common-lisp/ros/zed_interfaces/srv/stop_3d_mapping.lisp
Already unlinked: {}
Unlinking: /home/fachri/selfdriving/devel/share/common-lisp/ros/zed_interfaces/srv/_package_save_area_memory.lisp
Already unlinked: {}
Unlinking: /home/fachri/selfdriving/devel/share/common-lisp/ros/zed_interfaces/srv/set_roi.lisp
Already unlinked: {}
Unlinking: /home/fachri/selfdriving/devel/share/common-lisp/ros/zed_interfaces/srv/_package_stop_object_detection.lisp
Already unlinked: {}
Unlinking: /home/fachri/selfdriving/devel/share/common-lisp/ros/zed_interfaces/srv/toggle_led.lisp
Already unlinked: {}
Unlinking: /home/fachri/selfdriving/devel/share/common-lisp/ros/zed_interfaces/srv/_package_stop_remote_stream.lisp
Already unlinked: {}
Unlinking: /home/fachri/selfdriving/devel/share/common-lisp/ros/zed_interfaces/srv/stop_remote_stream.lisp
Already unlinked: {}
Unlinking: /home/fachri/selfdriving/devel/share/common-lisp/ros/zed_interfaces/msg/PlaneStamped.lisp
Already unlinked: {}
Unlinking: /home/fachri/selfdriving/devel/share/common-lisp/ros/zed_interfaces/msg/_package_BoundingBox2Di.lisp
Already unlinked: {}
Unlinking: /home/fachri/selfdriving/devel/share/common-lisp/ros/zed_interfaces/msg/_package_ObjectsStamped.lisp
Already unlinked: {}
Unlinking: /home/fachri/selfdriving/devel/share/common-lisp/ros/zed_interfaces/msg/PosTrackStatus.lisp
Already unlinked: {}
Unlinking: /home/fachri/selfdriving/devel/share/common-lisp/ros/zed_interfaces/msg/_package_Keypoint2Df.lisp
Already unlinked: {}
Unlinking: /home/fachri/selfdriving/devel/share/common-lisp/ros/zed_interfaces/msg/ObjectsStamped.lisp
Already unlinked: {}
Unlinking: /home/fachri/selfdriving/devel/share/common-lisp/ros/zed_interfaces/msg/_package_Skeleton3D.lisp
Already unlinked: {}
Unlinking: /home/fachri/selfdriving/devel/share/common-lisp/ros/zed_interfaces/msg/_package.lisp
Already unlinked: {}
Unlinking: /home/fachri/selfdriving/devel/share/common-lisp/ros/zed_interfaces/msg/Keypoint3D.lisp
Already unlinked: {}
Unlinking: /home/fachri/selfdriving/devel/share/common-lisp/ros/zed_interfaces/msg/BoundingBox2Df.lisp
Already unlinked: {}
Unlinking: /home/fachri/selfdriving/devel/share/common-lisp/ros/zed_interfaces/msg/_package_RGBDSensors.lisp
Already unlinked: {}
Unlinking: /home/fachri/selfdriving/devel/share/common-lisp/ros/zed_interfaces/msg/_package_BoundingBox2Df.lisp
Already unlinked: {}
Unlinking: /home/fachri/selfdriving/devel/share/common-lisp/ros/zed_interfaces/msg/_package_PlaneStamped.lisp
Already unlinked: {}
Unlinking: /home/fachri/selfdriving/devel/share/common-lisp/ros/zed_interfaces/msg/RGBDSensors.lisp
Already unlinked: {}
Unlinking: /home/fachri/selfdriving/devel/share/common-lisp/ros/zed_interfaces/msg/zed_interfaces-msg.asd
Already unlinked: {}
Unlinking: /home/fachri/selfdriving/devel/share/common-lisp/ros/zed_interfaces/msg/_package_Keypoint3D.lisp
Already unlinked: {}
Unlinking: /home/fachri/selfdriving/devel/share/common-lisp/ros/zed_interfaces/msg/_package_BoundingBox3D.lisp
Already unlinked: {}
Unlinking: /home/fachri/selfdriving/devel/share/common-lisp/ros/zed_interfaces/msg/BoundingBox3D.lisp
Already unlinked: {}
Unlinking: /home/fachri/selfdriving/devel/share/common-lisp/ros/zed_interfaces/msg/Keypoint2Di.lisp
Already unlinked: {}
Unlinking: /home/fachri/selfdriving/devel/share/common-lisp/ros/zed_interfaces/msg/_package_Object.lisp
Already unlinked: {}
Unlinking: /home/fachri/selfdriving/devel/share/common-lisp/ros/zed_interfaces/msg/_package_Keypoint2Di.lisp
Already unlinked: {}
Unlinking: /home/fachri/selfdriving/devel/share/common-lisp/ros/zed_interfaces/msg/Keypoint2Df.lisp
Already unlinked: {}
Unlinking: /home/fachri/selfdriving/devel/share/common-lisp/ros/zed_interfaces/msg/Object.lisp
Already unlinked: {}
Unlinking: /home/fachri/selfdriving/devel/share/common-lisp/ros/zed_interfaces/msg/_package_Skeleton2D.lisp
Already unlinked: {}
Unlinking: /home/fachri/selfdriving/devel/share/common-lisp/ros/zed_interfaces/msg/Skeleton3D.lisp
Already unlinked: {}
Unlinking: /home/fachri/selfdriving/devel/share/common-lisp/ros/zed_interfaces/msg/BoundingBox2Di.lisp
Already unlinked: {}
Unlinking: /home/fachri/selfdriving/devel/share/common-lisp/ros/zed_interfaces/msg/Skeleton2D.lisp
Already unlinked: {}
Unlinking: /home/fachri/selfdriving/devel/share/common-lisp/ros/zed_interfaces/msg/_package_PosTrackStatus.lisp
Already unlinked: {}
Unlinking: /home/fachri/selfdriving/devel/share/gennodejs/ros/zed_interfaces/_index.js
Already unlinked: {}
Unlinking: /home/fachri/selfdriving/devel/share/gennodejs/ros/zed_interfaces/srv/stop_object_detection.js
Already unlinked: {}
Unlinking: /home/fachri/selfdriving/devel/share/gennodejs/ros/zed_interfaces/srv/reset_roi.js
Already unlinked: {}
Unlinking: /home/fachri/selfdriving/devel/share/gennodejs/ros/zed_interfaces/srv/start_remote_stream.js
Already unlinked: {}
Unlinking: /home/fachri/selfdriving/devel/share/gennodejs/ros/zed_interfaces/srv/set_led_status.js
Already unlinked: {}
Unlinking: /home/fachri/selfdriving/devel/share/gennodejs/ros/zed_interfaces/srv/stop_remote_stream.js
Already unlinked: {}
Unlinking: /home/fachri/selfdriving/devel/share/gennodejs/ros/zed_interfaces/srv/stop_3d_mapping.js
Already unlinked: {}
Unlinking: /home/fachri/selfdriving/devel/share/gennodejs/ros/zed_interfaces/srv/start_3d_mapping.js
Already unlinked: {}
Unlinking: /home/fachri/selfdriving/devel/share/gennodejs/ros/zed_interfaces/srv/set_roi.js
Already unlinked: {}
Unlinking: /home/fachri/selfdriving/devel/share/gennodejs/ros/zed_interfaces/srv/start_svo_recording.js
Already unlinked: {}
Unlinking: /home/fachri/selfdriving/devel/share/gennodejs/ros/zed_interfaces/srv/save_area_memory.js
Already unlinked: {}
Unlinking: /home/fachri/selfdriving/devel/share/gennodejs/ros/zed_interfaces/srv/stop_svo_recording.js
Already unlinked: {}
Unlinking: /home/fachri/selfdriving/devel/share/gennodejs/ros/zed_interfaces/srv/save_3d_map.js
Already unlinked: {}
Unlinking: /home/fachri/selfdriving/devel/share/gennodejs/ros/zed_interfaces/srv/toggle_led.js
Already unlinked: {}
Unlinking: /home/fachri/selfdriving/devel/share/gennodejs/ros/zed_interfaces/srv/reset_tracking.js
Already unlinked: {}
Unlinking: /home/fachri/selfdriving/devel/share/gennodejs/ros/zed_interfaces/srv/reset_odometry.js
Already unlinked: {}
Unlinking: /home/fachri/selfdriving/devel/share/gennodejs/ros/zed_interfaces/srv/start_object_detection.js
Already unlinked: {}
Unlinking: /home/fachri/selfdriving/devel/share/gennodejs/ros/zed_interfaces/srv/set_pose.js
Already unlinked: {}
Unlinking: /home/fachri/selfdriving/devel/share/gennodejs/ros/zed_interfaces/srv/_index.js
Already unlinked: {}
Unlinking: /home/fachri/selfdriving/devel/share/gennodejs/ros/zed_interfaces/msg/PlaneStamped.js
Already unlinked: {}
Unlinking: /home/fachri/selfdriving/devel/share/gennodejs/ros/zed_interfaces/msg/BoundingBox3D.js
Already unlinked: {}
Unlinking: /home/fachri/selfdriving/devel/share/gennodejs/ros/zed_interfaces/msg/PosTrackStatus.js
Already unlinked: {}
Unlinking: /home/fachri/selfdriving/devel/share/gennodejs/ros/zed_interfaces/msg/RGBDSensors.js
Already unlinked: {}
Unlinking: /home/fachri/selfdriving/devel/share/gennodejs/ros/zed_interfaces/msg/Keypoint2Df.js
Already unlinked: {}
Unlinking: /home/fachri/selfdriving/devel/share/gennodejs/ros/zed_interfaces/msg/BoundingBox2Di.js
Already unlinked: {}
Unlinking: /home/fachri/selfdriving/devel/share/gennodejs/ros/zed_interfaces/msg/Skeleton2D.js
Already unlinked: {}
Unlinking: /home/fachri/selfdriving/devel/share/gennodejs/ros/zed_interfaces/msg/Keypoint3D.js
Already unlinked: {}
Unlinking: /home/fachri/selfdriving/devel/share/gennodejs/ros/zed_interfaces/msg/Skeleton3D.js
Already unlinked: {}
Unlinking: /home/fachri/selfdriving/devel/share/gennodejs/ros/zed_interfaces/msg/ObjectsStamped.js
Already unlinked: {}
Unlinking: /home/fachri/selfdriving/devel/share/gennodejs/ros/zed_interfaces/msg/BoundingBox2Df.js
Already unlinked: {}
Unlinking: /home/fachri/selfdriving/devel/share/gennodejs/ros/zed_interfaces/msg/Keypoint2Di.js
Already unlinked: {}
Unlinking: /home/fachri/selfdriving/devel/share/gennodejs/ros/zed_interfaces/msg/Object.js
Already unlinked: {}
Unlinking: /home/fachri/selfdriving/devel/share/gennodejs/ros/zed_interfaces/msg/_index.js
Already unlinked: {}
Unlinking: /home/fachri/selfdriving/devel/lib/python3/dist-packages/zed_interfaces/__init__.py
Already unlinked: {}
Unlinking: /home/fachri/selfdriving/devel/lib/python3/dist-packages/zed_interfaces/srv/_start_remote_stream.py
Already unlinked: {}
Unlinking: /home/fachri/selfdriving/devel/lib/python3/dist-packages/zed_interfaces/srv/_reset_roi.py
Already unlinked: {}
Unlinking: /home/fachri/selfdriving/devel/lib/python3/dist-packages/zed_interfaces/srv/_start_3d_mapping.py
Already unlinked: {}
Unlinking: /home/fachri/selfdriving/devel/lib/python3/dist-packages/zed_interfaces/srv/_save_3d_map.py
Already unlinked: {}
Unlinking: /home/fachri/selfdriving/devel/lib/python3/dist-packages/zed_interfaces/srv/_stop_3d_mapping.py
Already unlinked: {}
Unlinking: /home/fachri/selfdriving/devel/lib/python3/dist-packages/zed_interfaces/srv/_reset_odometry.py
Already unlinked: {}
Unlinking: /home/fachri/selfdriving/devel/lib/python3/dist-packages/zed_interfaces/srv/_toggle_led.py
Already unlinked: {}
Unlinking: /home/fachri/selfdriving/devel/lib/python3/dist-packages/zed_interfaces/srv/_stop_object_detection.py
Already unlinked: {}
Unlinking: /home/fachri/selfdriving/devel/lib/python3/dist-packages/zed_interfaces/srv/_save_area_memory.py
Already unlinked: {}
Unlinking: /home/fachri/selfdriving/devel/lib/python3/dist-packages/zed_interfaces/srv/_set_pose.py
Already unlinked: {}
Unlinking: /home/fachri/selfdriving/devel/lib/python3/dist-packages/zed_interfaces/srv/_reset_tracking.py
Already unlinked: {}
Unlinking: /home/fachri/selfdriving/devel/lib/python3/dist-packages/zed_interfaces/srv/_stop_remote_stream.py
Already unlinked: {}
Unlinking: /home/fachri/selfdriving/devel/lib/python3/dist-packages/zed_interfaces/srv/__init__.py
Already unlinked: {}
Unlinking: /home/fachri/selfdriving/devel/lib/python3/dist-packages/zed_interfaces/srv/_set_roi.py
Already unlinked: {}
Unlinking: /home/fachri/selfdriving/devel/lib/python3/dist-packages/zed_interfaces/srv/_start_object_detection.py
Already unlinked: {}
Unlinking: /home/fachri/selfdriving/devel/lib/python3/dist-packages/zed_interfaces/srv/_stop_svo_recording.py
Already unlinked: {}
Unlinking: /home/fachri/selfdriving/devel/lib/python3/dist-packages/zed_interfaces/srv/_start_svo_recording.py
Already unlinked: {}
Unlinking: /home/fachri/selfdriving/devel/lib/python3/dist-packages/zed_interfaces/srv/_set_led_status.py
Already unlinked: {}
Unlinking: /home/fachri/selfdriving/devel/lib/python3/dist-packages/zed_interfaces/msg/_BoundingBox2Di.py
Already unlinked: {}
Unlinking: /home/fachri/selfdriving/devel/lib/python3/dist-packages/zed_interfaces/msg/_BoundingBox2Df.py
Already unlinked: {}
Unlinking: /home/fachri/selfdriving/devel/lib/python3/dist-packages/zed_interfaces/msg/_Object.py
Already unlinked: {}
Unlinking: /home/fachri/selfdriving/devel/lib/python3/dist-packages/zed_interfaces/msg/_Skeleton2D.py
Already unlinked: {}
Unlinking: /home/fachri/selfdriving/devel/lib/python3/dist-packages/zed_interfaces/msg/_Skeleton3D.py
Already unlinked: {}
Unlinking: /home/fachri/selfdriving/devel/lib/python3/dist-packages/zed_interfaces/msg/_PlaneStamped.py
Already unlinked: {}
Unlinking: /home/fachri/selfdriving/devel/lib/python3/dist-packages/zed_interfaces/msg/_RGBDSensors.py
Already unlinked: {}
Unlinking: /home/fachri/selfdriving/devel/lib/python3/dist-packages/zed_interfaces/msg/_BoundingBox3D.py
Already unlinked: {}
Unlinking: /home/fachri/selfdriving/devel/lib/python3/dist-packages/zed_interfaces/msg/__init__.py
Already unlinked: {}
Unlinking: /home/fachri/selfdriving/devel/lib/python3/dist-packages/zed_interfaces/msg/_PosTrackStatus.py
Already unlinked: {}
Unlinking: /home/fachri/selfdriving/devel/lib/python3/dist-packages/zed_interfaces/msg/_Keypoint2Df.py
Already unlinked: {}
Unlinking: /home/fachri/selfdriving/devel/lib/python3/dist-packages/zed_interfaces/msg/_Keypoint3D.py
Already unlinked: {}
Unlinking: /home/fachri/selfdriving/devel/lib/python3/dist-packages/zed_interfaces/msg/_ObjectsStamped.py
Already unlinked: {}
Unlinking: /home/fachri/selfdriving/devel/lib/python3/dist-packages/zed_interfaces/msg/_Keypoint2Di.py
Already unlinked: {}
Unlinking: /home/fachri/selfdriving/devel/lib/pkgconfig/zed_interfaces.pc
Already unlinked: {}
Unlinking: /home/fachri/selfdriving/devel/include/zed_interfaces/stop_object_detectionResponse.h
Already unlinked: {}
Unlinking: /home/fachri/selfdriving/devel/include/zed_interfaces/reset_roiResponse.h
Already unlinked: {}
Unlinking: /home/fachri/selfdriving/devel/include/zed_interfaces/Skeleton2D.h
Already unlinked: {}
Unlinking: /home/fachri/selfdriving/devel/include/zed_interfaces/stop_3d_mappingRequest.h
Already unlinked: {}
Unlinking: /home/fachri/selfdriving/devel/include/zed_interfaces/stop_object_detection.h
Already unlinked: {}
Unlinking: /home/fachri/selfdriving/devel/include/zed_interfaces/reset_tracking.h
Already unlinked: {}
Unlinking: /home/fachri/selfdriving/devel/include/zed_interfaces/start_remote_streamRequest.h
Already unlinked: {}
Unlinking: /home/fachri/selfdriving/devel/include/zed_interfaces/stop_3d_mapping.h
Already unlinked: {}
Unlinking: /home/fachri/selfdriving/devel/include/zed_interfaces/start_3d_mapping.h
Already unlinked: {}
Unlinking: /home/fachri/selfdriving/devel/include/zed_interfaces/BoundingBox3D.h
Already unlinked: {}
Unlinking: /home/fachri/selfdriving/devel/include/zed_interfaces/start_remote_streamResponse.h
Already unlinked: {}
Unlinking: /home/fachri/selfdriving/devel/include/zed_interfaces/stop_svo_recordingRequest.h
Already unlinked: {}
Unlinking: /home/fachri/selfdriving/devel/include/zed_interfaces/PosTrackStatus.h
Already unlinked: {}
Unlinking: /home/fachri/selfdriving/devel/include/zed_interfaces/stop_svo_recordingResponse.h
Already unlinked: {}
Unlinking: /home/fachri/selfdriving/devel/include/zed_interfaces/start_object_detectionResponse.h
Already unlinked: {}
Unlinking: /home/fachri/selfdriving/devel/include/zed_interfaces/start_svo_recording.h
Already unlinked: {}
Unlinking: /home/fachri/selfdriving/devel/include/zed_interfaces/PlaneStamped.h
Already unlinked: {}
Unlinking: /home/fachri/selfdriving/devel/include/zed_interfaces/start_remote_stream.h
Already unlinked: {}
Unlinking: /home/fachri/selfdriving/devel/include/zed_interfaces/stop_svo_recording.h
Already unlinked: {}
Unlinking: /home/fachri/selfdriving/devel/include/zed_interfaces/set_roi.h
Already unlinked: {}
Unlinking: /home/fachri/selfdriving/devel/include/zed_interfaces/save_3d_map.h
Already unlinked: {}
Unlinking: /home/fachri/selfdriving/devel/include/zed_interfaces/save_3d_mapRequest.h
Already unlinked: {}
Unlinking: /home/fachri/selfdriving/devel/include/zed_interfaces/save_3d_mapResponse.h
Already unlinked: {}
Unlinking: /home/fachri/selfdriving/devel/include/zed_interfaces/reset_roi.h
Already unlinked: {}
Unlinking: /home/fachri/selfdriving/devel/include/zed_interfaces/Skeleton3D.h
Already unlinked: {}
Unlinking: /home/fachri/selfdriving/devel/include/zed_interfaces/save_area_memoryRequest.h
Already unlinked: {}
Unlinking: /home/fachri/selfdriving/devel/include/zed_interfaces/Object.h
Already unlinked: {}
Unlinking: /home/fachri/selfdriving/devel/include/zed_interfaces/reset_odometryResponse.h
Already unlinked: {}
Unlinking: /home/fachri/selfdriving/devel/include/zed_interfaces/start_3d_mappingResponse.h
Already unlinked: {}
Unlinking: /home/fachri/selfdriving/devel/include/zed_interfaces/BoundingBox2Df.h
Already unlinked: {}
Unlinking: /home/fachri/selfdriving/devel/include/zed_interfaces/Keypoint3D.h
Already unlinked: {}
Unlinking: /home/fachri/selfdriving/devel/include/zed_interfaces/start_svo_recordingRequest.h
Already unlinked: {}
Unlinking: /home/fachri/selfdriving/devel/include/zed_interfaces/stop_3d_mappingResponse.h
Already unlinked: {}
Unlinking: /home/fachri/selfdriving/devel/include/zed_interfaces/stop_object_detectionRequest.h
Already unlinked: {}
Unlinking: /home/fachri/selfdriving/devel/include/zed_interfaces/start_3d_mappingRequest.h
Already unlinked: {}
Unlinking: /home/fachri/selfdriving/devel/include/zed_interfaces/set_led_status.h
Already unlinked: {}
Unlinking: /home/fachri/selfdriving/devel/include/zed_interfaces/Keypoint2Di.h
Already unlinked: {}
Unlinking: /home/fachri/selfdriving/devel/include/zed_interfaces/toggle_ledRequest.h
Already unlinked: {}
Unlinking: /home/fachri/selfdriving/devel/include/zed_interfaces/stop_remote_streamRequest.h
Already unlinked: {}
Unlinking: /home/fachri/selfdriving/devel/include/zed_interfaces/BoundingBox2Di.h
Already unlinked: {}
Unlinking: /home/fachri/selfdriving/devel/include/zed_interfaces/RGBDSensors.h
Already unlinked: {}
Unlinking: /home/fachri/selfdriving/devel/include/zed_interfaces/set_led_statusRequest.h
Already unlinked: {}
Unlinking: /home/fachri/selfdriving/devel/include/zed_interfaces/save_area_memoryResponse.h
Already unlinked: {}
Unlinking: /home/fachri/selfdriving/devel/include/zed_interfaces/reset_roiRequest.h
Already unlinked: {}
Unlinking: /home/fachri/selfdriving/devel/include/zed_interfaces/stop_remote_streamResponse.h
Already unlinked: {}
Unlinking: /home/fachri/selfdriving/devel/include/zed_interfaces/save_area_memory.h
Already unlinked: {}
Unlinking: /home/fachri/selfdriving/devel/include/zed_interfaces/set_poseRequest.h
Already unlinked: {}
Unlinking: /home/fachri/selfdriving/devel/include/zed_interfaces/set_poseResponse.h
Already unlinked: {}
Unlinking: /home/fachri/selfdriving/devel/include/zed_interfaces/reset_trackingResponse.h
Already unlinked: {}
Unlinking: /home/fachri/selfdriving/devel/include/zed_interfaces/reset_odometry.h
Already unlinked: {}
Unlinking: /home/fachri/selfdriving/devel/include/zed_interfaces/start_svo_recordingResponse.h
Already unlinked: {}
Unlinking: /home/fachri/selfdriving/devel/include/zed_interfaces/start_object_detection.h
Already unlinked: {}
Unlinking: /home/fachri/selfdriving/devel/include/zed_interfaces/ObjectsStamped.h
Already unlinked: {}
Unlinking: /home/fachri/selfdriving/devel/include/zed_interfaces/set_pose.h
Already unlinked: {}
Unlinking: /home/fachri/selfdriving/devel/include/zed_interfaces/start_object_detectionRequest.h
Already unlinked: {}
Unlinking: /home/fachri/selfdriving/devel/include/zed_interfaces/set_roiResponse.h
Already unlinked: {}
Unlinking: /home/fachri/selfdriving/devel/include/zed_interfaces/toggle_led.h
Already unlinked: {}
Unlinking: /home/fachri/selfdriving/devel/include/zed_interfaces/set_roiRequest.h
Already unlinked: {}
Unlinking: /home/fachri/selfdriving/devel/include/zed_interfaces/stop_remote_stream.h
Already unlinked: {}
Unlinking: /home/fachri/selfdriving/devel/include/zed_interfaces/toggle_ledResponse.h
Already unlinked: {}
Unlinking: /home/fachri/selfdriving/devel/include/zed_interfaces/Keypoint2Df.h
Already unlinked: {}
Unlinking: /home/fachri/selfdriving/devel/include/zed_interfaces/reset_trackingRequest.h
Already unlinked: {}
Unlinking: /home/fachri/selfdriving/devel/include/zed_interfaces/reset_odometryRequest.h
Already unlinked: {}
Unlinking: /home/fachri/selfdriving/devel/include/zed_interfaces/set_led_statusResponse.h
Already unlinked: {}
