Symlinking /media/jetson/home/selfdriving/devel/share/gennodejs/ros/zed_interfaces/_index.js
Symlinking /media/jetson/home/selfdriving/devel/share/gennodejs/ros/zed_interfaces/msg/Keypoint3D.js
Symlinking /media/jetson/home/selfdriving/devel/share/gennodejs/ros/zed_interfaces/msg/BoundingBox2Di.js
Symlinking /media/jetson/home/selfdriving/devel/share/gennodejs/ros/zed_interfaces/msg/Skeleton2D.js
Symlinking /media/jetson/home/selfdriving/devel/share/gennodejs/ros/zed_interfaces/msg/PosTrackStatus.js
Symlinking /media/jetson/home/selfdriving/devel/share/gennodejs/ros/zed_interfaces/msg/Object.js
Symlinking /media/jetson/home/selfdriving/devel/share/gennodejs/ros/zed_interfaces/msg/PlaneStamped.js
Symlinking /media/jetson/home/selfdriving/devel/share/gennodejs/ros/zed_interfaces/msg/_index.js
Symlinking /media/jetson/home/selfdriving/devel/share/gennodejs/ros/zed_interfaces/msg/RGBDSensors.js
Symlinking /media/jetson/home/selfdriving/devel/share/gennodejs/ros/zed_interfaces/msg/BoundingBox3D.js
Symlinking /media/jetson/home/selfdriving/devel/share/gennodejs/ros/zed_interfaces/msg/Skeleton3D.js
Symlinking /media/jetson/home/selfdriving/devel/share/gennodejs/ros/zed_interfaces/msg/BoundingBox2Df.js
Symlinking /media/jetson/home/selfdriving/devel/share/gennodejs/ros/zed_interfaces/msg/Keypoint2Di.js
Symlinking /media/jetson/home/selfdriving/devel/share/gennodejs/ros/zed_interfaces/msg/ObjectsStamped.js
Symlinking /media/jetson/home/selfdriving/devel/share/gennodejs/ros/zed_interfaces/msg/Keypoint2Df.js
Symlinking /media/jetson/home/selfdriving/devel/share/gennodejs/ros/zed_interfaces/srv/reset_tracking.js
Symlinking /media/jetson/home/selfdriving/devel/share/gennodejs/ros/zed_interfaces/srv/reset_odometry.js
Symlinking /media/jetson/home/selfdriving/devel/share/gennodejs/ros/zed_interfaces/srv/toggle_led.js
Symlinking /media/jetson/home/selfdriving/devel/share/gennodejs/ros/zed_interfaces/srv/reset_roi.js
Symlinking /media/jetson/home/selfdriving/devel/share/gennodejs/ros/zed_interfaces/srv/_index.js
Symlinking /media/jetson/home/selfdriving/devel/share/gennodejs/ros/zed_interfaces/srv/set_pose.js
Symlinking /media/jetson/home/selfdriving/devel/share/gennodejs/ros/zed_interfaces/srv/save_3d_map.js
Symlinking /media/jetson/home/selfdriving/devel/share/gennodejs/ros/zed_interfaces/srv/stop_remote_stream.js
Symlinking /media/jetson/home/selfdriving/devel/share/gennodejs/ros/zed_interfaces/srv/start_object_detection.js
Symlinking /media/jetson/home/selfdriving/devel/share/gennodejs/ros/zed_interfaces/srv/stop_3d_mapping.js
Symlinking /media/jetson/home/selfdriving/devel/share/gennodejs/ros/zed_interfaces/srv/set_led_status.js
Symlinking /media/jetson/home/selfdriving/devel/share/gennodejs/ros/zed_interfaces/srv/start_3d_mapping.js
Symlinking /media/jetson/home/selfdriving/devel/share/gennodejs/ros/zed_interfaces/srv/start_remote_stream.js
Symlinking /media/jetson/home/selfdriving/devel/share/gennodejs/ros/zed_interfaces/srv/save_area_memory.js
Symlinking /media/jetson/home/selfdriving/devel/share/gennodejs/ros/zed_interfaces/srv/start_svo_recording.js
Symlinking /media/jetson/home/selfdriving/devel/share/gennodejs/ros/zed_interfaces/srv/stop_svo_recording.js
Symlinking /media/jetson/home/selfdriving/devel/share/gennodejs/ros/zed_interfaces/srv/set_roi.js
Symlinking /media/jetson/home/selfdriving/devel/share/gennodejs/ros/zed_interfaces/srv/stop_object_detection.js
Symlinking /media/jetson/home/selfdriving/devel/share/zed_interfaces/cmake/zed_interfacesConfig.cmake
Symlinking /media/jetson/home/selfdriving/devel/share/zed_interfaces/cmake/zed_interfacesConfig-version.cmake
Symlinking /media/jetson/home/selfdriving/devel/share/zed_interfaces/cmake/zed_interfaces-msg-paths.cmake
Symlinking /media/jetson/home/selfdriving/devel/share/zed_interfaces/cmake/zed_interfaces-msg-extras.cmake
Symlinking /media/jetson/home/selfdriving/devel/share/common-lisp/ros/zed_interfaces/msg/_package_BoundingBox2Df.lisp
Symlinking /media/jetson/home/selfdriving/devel/share/common-lisp/ros/zed_interfaces/msg/_package_BoundingBox3D.lisp
Symlinking /media/jetson/home/selfdriving/devel/share/common-lisp/ros/zed_interfaces/msg/_package_ObjectsStamped.lisp
Symlinking /media/jetson/home/selfdriving/devel/share/common-lisp/ros/zed_interfaces/msg/_package_PosTrackStatus.lisp
Symlinking /media/jetson/home/selfdriving/devel/share/common-lisp/ros/zed_interfaces/msg/_package_Object.lisp
Symlinking /media/jetson/home/selfdriving/devel/share/common-lisp/ros/zed_interfaces/msg/_package_Skeleton2D.lisp
Symlinking /media/jetson/home/selfdriving/devel/share/common-lisp/ros/zed_interfaces/msg/_package_BoundingBox2Di.lisp
Symlinking /media/jetson/home/selfdriving/devel/share/common-lisp/ros/zed_interfaces/msg/BoundingBox2Df.lisp
Symlinking /media/jetson/home/selfdriving/devel/share/common-lisp/ros/zed_interfaces/msg/_package_RGBDSensors.lisp
Symlinking /media/jetson/home/selfdriving/devel/share/common-lisp/ros/zed_interfaces/msg/Keypoint2Df.lisp
Symlinking /media/jetson/home/selfdriving/devel/share/common-lisp/ros/zed_interfaces/msg/PosTrackStatus.lisp
Symlinking /media/jetson/home/selfdriving/devel/share/common-lisp/ros/zed_interfaces/msg/_package_Skeleton3D.lisp
Symlinking /media/jetson/home/selfdriving/devel/share/common-lisp/ros/zed_interfaces/msg/PlaneStamped.lisp
Symlinking /media/jetson/home/selfdriving/devel/share/common-lisp/ros/zed_interfaces/msg/_package_Keypoint2Df.lisp
Symlinking /media/jetson/home/selfdriving/devel/share/common-lisp/ros/zed_interfaces/msg/_package_PlaneStamped.lisp
Symlinking /media/jetson/home/selfdriving/devel/share/common-lisp/ros/zed_interfaces/msg/RGBDSensors.lisp
Symlinking /media/jetson/home/selfdriving/devel/share/common-lisp/ros/zed_interfaces/msg/Keypoint2Di.lisp
Symlinking /media/jetson/home/selfdriving/devel/share/common-lisp/ros/zed_interfaces/msg/ObjectsStamped.lisp
Symlinking /media/jetson/home/selfdriving/devel/share/common-lisp/ros/zed_interfaces/msg/Keypoint3D.lisp
Symlinking /media/jetson/home/selfdriving/devel/share/common-lisp/ros/zed_interfaces/msg/Skeleton3D.lisp
Symlinking /media/jetson/home/selfdriving/devel/share/common-lisp/ros/zed_interfaces/msg/BoundingBox2Di.lisp
Symlinking /media/jetson/home/selfdriving/devel/share/common-lisp/ros/zed_interfaces/msg/Skeleton2D.lisp
Symlinking /media/jetson/home/selfdriving/devel/share/common-lisp/ros/zed_interfaces/msg/_package_Keypoint3D.lisp
Symlinking /media/jetson/home/selfdriving/devel/share/common-lisp/ros/zed_interfaces/msg/_package_Keypoint2Di.lisp
Symlinking /media/jetson/home/selfdriving/devel/share/common-lisp/ros/zed_interfaces/msg/BoundingBox3D.lisp
Symlinking /media/jetson/home/selfdriving/devel/share/common-lisp/ros/zed_interfaces/msg/Object.lisp
Symlinking /media/jetson/home/selfdriving/devel/share/common-lisp/ros/zed_interfaces/msg/zed_interfaces-msg.asd
Symlinking /media/jetson/home/selfdriving/devel/share/common-lisp/ros/zed_interfaces/msg/_package.lisp
Symlinking /media/jetson/home/selfdriving/devel/share/common-lisp/ros/zed_interfaces/srv/set_led_status.lisp
Symlinking /media/jetson/home/selfdriving/devel/share/common-lisp/ros/zed_interfaces/srv/_package_save_3d_map.lisp
Symlinking /media/jetson/home/selfdriving/devel/share/common-lisp/ros/zed_interfaces/srv/_package_toggle_led.lisp
Symlinking /media/jetson/home/selfdriving/devel/share/common-lisp/ros/zed_interfaces/srv/_package_set_led_status.lisp
Symlinking /media/jetson/home/selfdriving/devel/share/common-lisp/ros/zed_interfaces/srv/_package_stop_object_detection.lisp
Symlinking /media/jetson/home/selfdriving/devel/share/common-lisp/ros/zed_interfaces/srv/_package_set_pose.lisp
Symlinking /media/jetson/home/selfdriving/devel/share/common-lisp/ros/zed_interfaces/srv/_package_stop_svo_recording.lisp
Symlinking /media/jetson/home/selfdriving/devel/share/common-lisp/ros/zed_interfaces/srv/_package_save_area_memory.lisp
Symlinking /media/jetson/home/selfdriving/devel/share/common-lisp/ros/zed_interfaces/srv/_package_start_3d_mapping.lisp
Symlinking /media/jetson/home/selfdriving/devel/share/common-lisp/ros/zed_interfaces/srv/toggle_led.lisp
Symlinking /media/jetson/home/selfdriving/devel/share/common-lisp/ros/zed_interfaces/srv/_package_reset_odometry.lisp
Symlinking /media/jetson/home/selfdriving/devel/share/common-lisp/ros/zed_interfaces/srv/start_object_detection.lisp
Symlinking /media/jetson/home/selfdriving/devel/share/common-lisp/ros/zed_interfaces/srv/stop_object_detection.lisp
Symlinking /media/jetson/home/selfdriving/devel/share/common-lisp/ros/zed_interfaces/srv/_package_start_remote_stream.lisp
Symlinking /media/jetson/home/selfdriving/devel/share/common-lisp/ros/zed_interfaces/srv/_package_stop_3d_mapping.lisp
Symlinking /media/jetson/home/selfdriving/devel/share/common-lisp/ros/zed_interfaces/srv/set_roi.lisp
Symlinking /media/jetson/home/selfdriving/devel/share/common-lisp/ros/zed_interfaces/srv/_package_start_svo_recording.lisp
Symlinking /media/jetson/home/selfdriving/devel/share/common-lisp/ros/zed_interfaces/srv/_package_start_object_detection.lisp
Symlinking /media/jetson/home/selfdriving/devel/share/common-lisp/ros/zed_interfaces/srv/reset_roi.lisp
Symlinking /media/jetson/home/selfdriving/devel/share/common-lisp/ros/zed_interfaces/srv/stop_remote_stream.lisp
Symlinking /media/jetson/home/selfdriving/devel/share/common-lisp/ros/zed_interfaces/srv/start_3d_mapping.lisp
Symlinking /media/jetson/home/selfdriving/devel/share/common-lisp/ros/zed_interfaces/srv/save_area_memory.lisp
Symlinking /media/jetson/home/selfdriving/devel/share/common-lisp/ros/zed_interfaces/srv/zed_interfaces-srv.asd
Symlinking /media/jetson/home/selfdriving/devel/share/common-lisp/ros/zed_interfaces/srv/_package_set_roi.lisp
Symlinking /media/jetson/home/selfdriving/devel/share/common-lisp/ros/zed_interfaces/srv/stop_svo_recording.lisp
Symlinking /media/jetson/home/selfdriving/devel/share/common-lisp/ros/zed_interfaces/srv/_package_stop_remote_stream.lisp
Symlinking /media/jetson/home/selfdriving/devel/share/common-lisp/ros/zed_interfaces/srv/stop_3d_mapping.lisp
Symlinking /media/jetson/home/selfdriving/devel/share/common-lisp/ros/zed_interfaces/srv/_package_reset_roi.lisp
Symlinking /media/jetson/home/selfdriving/devel/share/common-lisp/ros/zed_interfaces/srv/start_remote_stream.lisp
Symlinking /media/jetson/home/selfdriving/devel/share/common-lisp/ros/zed_interfaces/srv/set_pose.lisp
Symlinking /media/jetson/home/selfdriving/devel/share/common-lisp/ros/zed_interfaces/srv/_package_reset_tracking.lisp
Symlinking /media/jetson/home/selfdriving/devel/share/common-lisp/ros/zed_interfaces/srv/_package.lisp
Symlinking /media/jetson/home/selfdriving/devel/share/common-lisp/ros/zed_interfaces/srv/save_3d_map.lisp
Symlinking /media/jetson/home/selfdriving/devel/share/common-lisp/ros/zed_interfaces/srv/reset_tracking.lisp
Symlinking /media/jetson/home/selfdriving/devel/share/common-lisp/ros/zed_interfaces/srv/start_svo_recording.lisp
Symlinking /media/jetson/home/selfdriving/devel/share/common-lisp/ros/zed_interfaces/srv/reset_odometry.lisp
Symlinking /media/jetson/home/selfdriving/devel/share/roseus/ros/zed_interfaces/manifest.l
Symlinking /media/jetson/home/selfdriving/devel/share/roseus/ros/zed_interfaces/msg/Keypoint2Df.l
Symlinking /media/jetson/home/selfdriving/devel/share/roseus/ros/zed_interfaces/msg/PosTrackStatus.l
Symlinking /media/jetson/home/selfdriving/devel/share/roseus/ros/zed_interfaces/msg/Keypoint3D.l
Symlinking /media/jetson/home/selfdriving/devel/share/roseus/ros/zed_interfaces/msg/BoundingBox3D.l
Symlinking /media/jetson/home/selfdriving/devel/share/roseus/ros/zed_interfaces/msg/RGBDSensors.l
Symlinking /media/jetson/home/selfdriving/devel/share/roseus/ros/zed_interfaces/msg/Object.l
Symlinking /media/jetson/home/selfdriving/devel/share/roseus/ros/zed_interfaces/msg/Skeleton2D.l
Symlinking /media/jetson/home/selfdriving/devel/share/roseus/ros/zed_interfaces/msg/PlaneStamped.l
Symlinking /media/jetson/home/selfdriving/devel/share/roseus/ros/zed_interfaces/msg/Keypoint2Di.l
Symlinking /media/jetson/home/selfdriving/devel/share/roseus/ros/zed_interfaces/msg/BoundingBox2Di.l
Symlinking /media/jetson/home/selfdriving/devel/share/roseus/ros/zed_interfaces/msg/BoundingBox2Df.l
Symlinking /media/jetson/home/selfdriving/devel/share/roseus/ros/zed_interfaces/msg/Skeleton3D.l
Symlinking /media/jetson/home/selfdriving/devel/share/roseus/ros/zed_interfaces/msg/ObjectsStamped.l
Symlinking /media/jetson/home/selfdriving/devel/share/roseus/ros/zed_interfaces/srv/start_object_detection.l
Symlinking /media/jetson/home/selfdriving/devel/share/roseus/ros/zed_interfaces/srv/reset_roi.l
Symlinking /media/jetson/home/selfdriving/devel/share/roseus/ros/zed_interfaces/srv/reset_tracking.l
Symlinking /media/jetson/home/selfdriving/devel/share/roseus/ros/zed_interfaces/srv/reset_odometry.l
Symlinking /media/jetson/home/selfdriving/devel/share/roseus/ros/zed_interfaces/srv/set_pose.l
Symlinking /media/jetson/home/selfdriving/devel/share/roseus/ros/zed_interfaces/srv/save_3d_map.l
Symlinking /media/jetson/home/selfdriving/devel/share/roseus/ros/zed_interfaces/srv/toggle_led.l
Symlinking /media/jetson/home/selfdriving/devel/share/roseus/ros/zed_interfaces/srv/stop_3d_mapping.l
Symlinking /media/jetson/home/selfdriving/devel/share/roseus/ros/zed_interfaces/srv/save_area_memory.l
Symlinking /media/jetson/home/selfdriving/devel/share/roseus/ros/zed_interfaces/srv/stop_remote_stream.l
Symlinking /media/jetson/home/selfdriving/devel/share/roseus/ros/zed_interfaces/srv/start_3d_mapping.l
Symlinking /media/jetson/home/selfdriving/devel/share/roseus/ros/zed_interfaces/srv/set_roi.l
Symlinking /media/jetson/home/selfdriving/devel/share/roseus/ros/zed_interfaces/srv/start_svo_recording.l
Symlinking /media/jetson/home/selfdriving/devel/share/roseus/ros/zed_interfaces/srv/stop_svo_recording.l
Symlinking /media/jetson/home/selfdriving/devel/share/roseus/ros/zed_interfaces/srv/set_led_status.l
Symlinking /media/jetson/home/selfdriving/devel/share/roseus/ros/zed_interfaces/srv/start_remote_stream.l
Symlinking /media/jetson/home/selfdriving/devel/share/roseus/ros/zed_interfaces/srv/stop_object_detection.l
Symlinking /media/jetson/home/selfdriving/devel/include/zed_interfaces/set_led_status.h
Symlinking /media/jetson/home/selfdriving/devel/include/zed_interfaces/stop_object_detection.h
Symlinking /media/jetson/home/selfdriving/devel/include/zed_interfaces/save_3d_mapRequest.h
Symlinking /media/jetson/home/selfdriving/devel/include/zed_interfaces/save_area_memoryResponse.h
Symlinking /media/jetson/home/selfdriving/devel/include/zed_interfaces/PosTrackStatus.h
Symlinking /media/jetson/home/selfdriving/devel/include/zed_interfaces/Skeleton2D.h
Symlinking /media/jetson/home/selfdriving/devel/include/zed_interfaces/toggle_ledRequest.h
Symlinking /media/jetson/home/selfdriving/devel/include/zed_interfaces/reset_odometryResponse.h
Symlinking /media/jetson/home/selfdriving/devel/include/zed_interfaces/stop_svo_recording.h
Symlinking /media/jetson/home/selfdriving/devel/include/zed_interfaces/save_3d_map.h
Symlinking /media/jetson/home/selfdriving/devel/include/zed_interfaces/Object.h
Symlinking /media/jetson/home/selfdriving/devel/include/zed_interfaces/start_3d_mappingResponse.h
Symlinking /media/jetson/home/selfdriving/devel/include/zed_interfaces/stop_remote_stream.h
Symlinking /media/jetson/home/selfdriving/devel/include/zed_interfaces/BoundingBox2Df.h
Symlinking /media/jetson/home/selfdriving/devel/include/zed_interfaces/stop_svo_recordingRequest.h
Symlinking /media/jetson/home/selfdriving/devel/include/zed_interfaces/start_remote_streamResponse.h
Symlinking /media/jetson/home/selfdriving/devel/include/zed_interfaces/stop_svo_recordingResponse.h
Symlinking /media/jetson/home/selfdriving/devel/include/zed_interfaces/stop_object_detectionResponse.h
Symlinking /media/jetson/home/selfdriving/devel/include/zed_interfaces/start_3d_mapping.h
Symlinking /media/jetson/home/selfdriving/devel/include/zed_interfaces/set_roiResponse.h
Symlinking /media/jetson/home/selfdriving/devel/include/zed_interfaces/start_svo_recordingResponse.h
Symlinking /media/jetson/home/selfdriving/devel/include/zed_interfaces/stop_remote_streamRequest.h
Symlinking /media/jetson/home/selfdriving/devel/include/zed_interfaces/BoundingBox2Di.h
Symlinking /media/jetson/home/selfdriving/devel/include/zed_interfaces/reset_tracking.h
Symlinking /media/jetson/home/selfdriving/devel/include/zed_interfaces/toggle_led.h
Symlinking /media/jetson/home/selfdriving/devel/include/zed_interfaces/Keypoint3D.h
Symlinking /media/jetson/home/selfdriving/devel/include/zed_interfaces/start_svo_recording.h
Symlinking /media/jetson/home/selfdriving/devel/include/zed_interfaces/start_object_detection.h
Symlinking /media/jetson/home/selfdriving/devel/include/zed_interfaces/stop_3d_mapping.h
Symlinking /media/jetson/home/selfdriving/devel/include/zed_interfaces/reset_odometry.h
Symlinking /media/jetson/home/selfdriving/devel/include/zed_interfaces/reset_roiRequest.h
Symlinking /media/jetson/home/selfdriving/devel/include/zed_interfaces/save_area_memory.h
Symlinking /media/jetson/home/selfdriving/devel/include/zed_interfaces/Keypoint2Df.h
Symlinking /media/jetson/home/selfdriving/devel/include/zed_interfaces/start_object_detectionResponse.h
Symlinking /media/jetson/home/selfdriving/devel/include/zed_interfaces/set_roi.h
Symlinking /media/jetson/home/selfdriving/devel/include/zed_interfaces/start_remote_streamRequest.h
Symlinking /media/jetson/home/selfdriving/devel/include/zed_interfaces/save_3d_mapResponse.h
Symlinking /media/jetson/home/selfdriving/devel/include/zed_interfaces/reset_trackingResponse.h
Symlinking /media/jetson/home/selfdriving/devel/include/zed_interfaces/set_led_statusResponse.h
Symlinking /media/jetson/home/selfdriving/devel/include/zed_interfaces/set_poseResponse.h
Symlinking /media/jetson/home/selfdriving/devel/include/zed_interfaces/stop_object_detectionRequest.h
Symlinking /media/jetson/home/selfdriving/devel/include/zed_interfaces/start_remote_stream.h
Symlinking /media/jetson/home/selfdriving/devel/include/zed_interfaces/start_svo_recordingRequest.h
Symlinking /media/jetson/home/selfdriving/devel/include/zed_interfaces/reset_trackingRequest.h
Symlinking /media/jetson/home/selfdriving/devel/include/zed_interfaces/set_led_statusRequest.h
Symlinking /media/jetson/home/selfdriving/devel/include/zed_interfaces/save_area_memoryRequest.h
Symlinking /media/jetson/home/selfdriving/devel/include/zed_interfaces/reset_roi.h
Symlinking /media/jetson/home/selfdriving/devel/include/zed_interfaces/RGBDSensors.h
Symlinking /media/jetson/home/selfdriving/devel/include/zed_interfaces/stop_3d_mappingRequest.h
Symlinking /media/jetson/home/selfdriving/devel/include/zed_interfaces/toggle_ledResponse.h
Symlinking /media/jetson/home/selfdriving/devel/include/zed_interfaces/set_poseRequest.h
Symlinking /media/jetson/home/selfdriving/devel/include/zed_interfaces/stop_3d_mappingResponse.h
Symlinking /media/jetson/home/selfdriving/devel/include/zed_interfaces/reset_odometryRequest.h
Symlinking /media/jetson/home/selfdriving/devel/include/zed_interfaces/start_object_detectionRequest.h
Symlinking /media/jetson/home/selfdriving/devel/include/zed_interfaces/ObjectsStamped.h
Symlinking /media/jetson/home/selfdriving/devel/include/zed_interfaces/start_3d_mappingRequest.h
Symlinking /media/jetson/home/selfdriving/devel/include/zed_interfaces/reset_roiResponse.h
Symlinking /media/jetson/home/selfdriving/devel/include/zed_interfaces/BoundingBox3D.h
Symlinking /media/jetson/home/selfdriving/devel/include/zed_interfaces/set_pose.h
Symlinking /media/jetson/home/selfdriving/devel/include/zed_interfaces/stop_remote_streamResponse.h
Symlinking /media/jetson/home/selfdriving/devel/include/zed_interfaces/Keypoint2Di.h
Symlinking /media/jetson/home/selfdriving/devel/include/zed_interfaces/Skeleton3D.h
Symlinking /media/jetson/home/selfdriving/devel/include/zed_interfaces/PlaneStamped.h
Symlinking /media/jetson/home/selfdriving/devel/include/zed_interfaces/set_roiRequest.h
Symlinking /media/jetson/home/selfdriving/devel/lib/pkgconfig/zed_interfaces.pc
Symlinking /media/jetson/home/selfdriving/devel/lib/python3/dist-packages/zed_interfaces/__init__.py
Symlinking /media/jetson/home/selfdriving/devel/lib/python3/dist-packages/zed_interfaces/msg/_Keypoint3D.py
Symlinking /media/jetson/home/selfdriving/devel/lib/python3/dist-packages/zed_interfaces/msg/_PlaneStamped.py
Symlinking /media/jetson/home/selfdriving/devel/lib/python3/dist-packages/zed_interfaces/msg/_BoundingBox3D.py
Symlinking /media/jetson/home/selfdriving/devel/lib/python3/dist-packages/zed_interfaces/msg/_BoundingBox2Df.py
Symlinking /media/jetson/home/selfdriving/devel/lib/python3/dist-packages/zed_interfaces/msg/_Skeleton3D.py
Symlinking /media/jetson/home/selfdriving/devel/lib/python3/dist-packages/zed_interfaces/msg/_PosTrackStatus.py
Symlinking /media/jetson/home/selfdriving/devel/lib/python3/dist-packages/zed_interfaces/msg/_ObjectsStamped.py
Symlinking /media/jetson/home/selfdriving/devel/lib/python3/dist-packages/zed_interfaces/msg/_Keypoint2Di.py
Symlinking /media/jetson/home/selfdriving/devel/lib/python3/dist-packages/zed_interfaces/msg/_Keypoint2Df.py
Symlinking /media/jetson/home/selfdriving/devel/lib/python3/dist-packages/zed_interfaces/msg/_Object.py
Symlinking /media/jetson/home/selfdriving/devel/lib/python3/dist-packages/zed_interfaces/msg/_Skeleton2D.py
Symlinking /media/jetson/home/selfdriving/devel/lib/python3/dist-packages/zed_interfaces/msg/__init__.py
Symlinking /media/jetson/home/selfdriving/devel/lib/python3/dist-packages/zed_interfaces/msg/_RGBDSensors.py
Symlinking /media/jetson/home/selfdriving/devel/lib/python3/dist-packages/zed_interfaces/msg/_BoundingBox2Di.py
Symlinking /media/jetson/home/selfdriving/devel/lib/python3/dist-packages/zed_interfaces/srv/_start_remote_stream.py
Symlinking /media/jetson/home/selfdriving/devel/lib/python3/dist-packages/zed_interfaces/srv/_stop_svo_recording.py
Symlinking /media/jetson/home/selfdriving/devel/lib/python3/dist-packages/zed_interfaces/srv/_stop_object_detection.py
Symlinking /media/jetson/home/selfdriving/devel/lib/python3/dist-packages/zed_interfaces/srv/_stop_3d_mapping.py
Symlinking /media/jetson/home/selfdriving/devel/lib/python3/dist-packages/zed_interfaces/srv/_toggle_led.py
Symlinking /media/jetson/home/selfdriving/devel/lib/python3/dist-packages/zed_interfaces/srv/_start_3d_mapping.py
Symlinking /media/jetson/home/selfdriving/devel/lib/python3/dist-packages/zed_interfaces/srv/_save_area_memory.py
Symlinking /media/jetson/home/selfdriving/devel/lib/python3/dist-packages/zed_interfaces/srv/_start_svo_recording.py
Symlinking /media/jetson/home/selfdriving/devel/lib/python3/dist-packages/zed_interfaces/srv/_reset_roi.py
Symlinking /media/jetson/home/selfdriving/devel/lib/python3/dist-packages/zed_interfaces/srv/_start_object_detection.py
Symlinking /media/jetson/home/selfdriving/devel/lib/python3/dist-packages/zed_interfaces/srv/_set_pose.py
Symlinking /media/jetson/home/selfdriving/devel/lib/python3/dist-packages/zed_interfaces/srv/_reset_odometry.py
Symlinking /media/jetson/home/selfdriving/devel/lib/python3/dist-packages/zed_interfaces/srv/_set_roi.py
Symlinking /media/jetson/home/selfdriving/devel/lib/python3/dist-packages/zed_interfaces/srv/_set_led_status.py
Symlinking /media/jetson/home/selfdriving/devel/lib/python3/dist-packages/zed_interfaces/srv/__init__.py
Symlinking /media/jetson/home/selfdriving/devel/lib/python3/dist-packages/zed_interfaces/srv/_stop_remote_stream.py
Symlinking /media/jetson/home/selfdriving/devel/lib/python3/dist-packages/zed_interfaces/srv/_save_3d_map.py
Symlinking /media/jetson/home/selfdriving/devel/lib/python3/dist-packages/zed_interfaces/srv/_reset_tracking.py
