Performing C SOURCE FILE Test CMAKE_HAVE_LIBC_PTHREAD failed with the following output:
Change Dir: /media/jetson/home/selfdriving/build/realsense2_camera/CMakeFiles/CMakeTmp

Run Build Command(s):/usr/bin/make cmTC_5d037/fast && /usr/bin/make -f CMakeFiles/cmTC_5d037.dir/build.make CMakeFiles/cmTC_5d037.dir/build
make[1]: Entering directory '/media/jetson/home/selfdriving/build/realsense2_camera/CMakeFiles/CMakeTmp'
Building C object CMakeFiles/cmTC_5d037.dir/src.c.o
/usr/bin/cc   -fPIC -DCMAKE_HAVE_LIBC_PTHREAD   -o CMakeFiles/cmTC_5d037.dir/src.c.o   -c /media/jetson/home/selfdriving/build/realsense2_camera/CMakeFiles/CMakeTmp/src.c
Linking C executable cmTC_5d037
/usr/bin/cmake -E cmake_link_script CMakeFiles/cmTC_5d037.dir/link.txt --verbose=1
/usr/bin/cc -fPIC -DCMAKE_HAVE_LIBC_PTHREAD    -rdynamic CMakeFiles/cmTC_5d037.dir/src.c.o  -o cmTC_5d037 
/usr/bin/ld: CMakeFiles/cmTC_5d037.dir/src.c.o: in function `main':
src.c:(.text+0x48): undefined reference to `pthread_create'
/usr/bin/ld: src.c:(.text+0x50): undefined reference to `pthread_detach'
/usr/bin/ld: src.c:(.text+0x5c): undefined reference to `pthread_join'
collect2: error: ld returned 1 exit status
make[1]: *** [CMakeFiles/cmTC_5d037.dir/build.make:87: cmTC_5d037] Error 1
make[1]: Leaving directory '/media/jetson/home/selfdriving/build/realsense2_camera/CMakeFiles/CMakeTmp'
make: *** [Makefile:121: cmTC_5d037/fast] Error 2


Source file was:
#include <pthread.h>

void* test_func(void* data)
{
  return data;
}

int main(void)
{
  pthread_t thread;
  pthread_create(&thread, NULL, test_func, NULL);
  pthread_detach(thread);
  pthread_join(thread, NULL);
  pthread_atfork(NULL, NULL, NULL);
  pthread_exit(NULL);

  return 0;
}

Determining if the function pthread_create exists in the pthreads failed with the following output:
Change Dir: /media/jetson/home/selfdriving/build/realsense2_camera/CMakeFiles/CMakeTmp

Run Build Command(s):/usr/bin/make cmTC_e7441/fast && /usr/bin/make -f CMakeFiles/cmTC_e7441.dir/build.make CMakeFiles/cmTC_e7441.dir/build
make[1]: Entering directory '/media/jetson/home/selfdriving/build/realsense2_camera/CMakeFiles/CMakeTmp'
Building C object CMakeFiles/cmTC_e7441.dir/CheckFunctionExists.c.o
/usr/bin/cc   -fPIC -DCHECK_FUNCTION_EXISTS=pthread_create   -o CMakeFiles/cmTC_e7441.dir/CheckFunctionExists.c.o   -c /usr/share/cmake-3.16/Modules/CheckFunctionExists.c
Linking C executable cmTC_e7441
/usr/bin/cmake -E cmake_link_script CMakeFiles/cmTC_e7441.dir/link.txt --verbose=1
/usr/bin/cc -fPIC -DCHECK_FUNCTION_EXISTS=pthread_create    -rdynamic CMakeFiles/cmTC_e7441.dir/CheckFunctionExists.c.o  -o cmTC_e7441  -lpthreads 
/usr/bin/ld: cannot find -lpthreads
collect2: error: ld returned 1 exit status
make[1]: *** [CMakeFiles/cmTC_e7441.dir/build.make:87: cmTC_e7441] Error 1
make[1]: Leaving directory '/media/jetson/home/selfdriving/build/realsense2_camera/CMakeFiles/CMakeTmp'
make: *** [Makefile:121: cmTC_e7441/fast] Error 2



