Determining if the function sgemm_ exists failed with the following output:
Change Dir: /media/jetson/home/selfdriving/build/zed_nodelets/CMakeFiles/CMakeTmp

Run Build Command(s):/usr/bin/make cmTC_d6f42/fast && /usr/bin/make -f CMakeFiles/cmTC_d6f42.dir/build.make CMakeFiles/cmTC_d6f42.dir/build
make[1]: Entering directory '/media/jetson/home/selfdriving/build/zed_nodelets/CMakeFiles/CMakeTmp'
Building C object CMakeFiles/cmTC_d6f42.dir/CheckFunctionExists.c.o
/usr/bin/cc   -DCHECK_FUNCTION_EXISTS=sgemm_   -o CMakeFiles/cmTC_d6f42.dir/CheckFunctionExists.c.o   -c /usr/share/cmake-3.16/Modules/CheckFunctionExists.c
Linking C executable cmTC_d6f42
/usr/bin/cmake -E cmake_link_script CMakeFiles/cmTC_d6f42.dir/link.txt --verbose=1
/usr/bin/cc  -DCHECK_FUNCTION_EXISTS=sgemm_    CMakeFiles/cmTC_d6f42.dir/CheckFunctionExists.c.o  -o cmTC_d6f42 
/usr/bin/ld: CMakeFiles/cmTC_d6f42.dir/CheckFunctionExists.c.o: in function `main':
CheckFunctionExists.c:(.text+0x10): undefined reference to `sgemm_'
collect2: error: ld returned 1 exit status
make[1]: *** [CMakeFiles/cmTC_d6f42.dir/build.make:87: cmTC_d6f42] Error 1
make[1]: Leaving directory '/media/jetson/home/selfdriving/build/zed_nodelets/CMakeFiles/CMakeTmp'
make: *** [Makefile:121: cmTC_d6f42/fast] Error 2



Performing C SOURCE FILE Test CMAKE_HAVE_LIBC_PTHREAD failed with the following output:
Change Dir: /media/jetson/home/selfdriving/build/zed_nodelets/CMakeFiles/CMakeTmp

Run Build Command(s):/usr/bin/make cmTC_0099e/fast && /usr/bin/make -f CMakeFiles/cmTC_0099e.dir/build.make CMakeFiles/cmTC_0099e.dir/build
make[1]: Entering directory '/media/jetson/home/selfdriving/build/zed_nodelets/CMakeFiles/CMakeTmp'
Building C object CMakeFiles/cmTC_0099e.dir/src.c.o
/usr/bin/cc   -DCMAKE_HAVE_LIBC_PTHREAD   -o CMakeFiles/cmTC_0099e.dir/src.c.o   -c /media/jetson/home/selfdriving/build/zed_nodelets/CMakeFiles/CMakeTmp/src.c
Linking C executable cmTC_0099e
/usr/bin/cmake -E cmake_link_script CMakeFiles/cmTC_0099e.dir/link.txt --verbose=1
/usr/bin/cc  -DCMAKE_HAVE_LIBC_PTHREAD    CMakeFiles/cmTC_0099e.dir/src.c.o  -o cmTC_0099e 
/usr/bin/ld: CMakeFiles/cmTC_0099e.dir/src.c.o: in function `main':
src.c:(.text+0x48): undefined reference to `pthread_create'
/usr/bin/ld: src.c:(.text+0x50): undefined reference to `pthread_detach'
/usr/bin/ld: src.c:(.text+0x5c): undefined reference to `pthread_join'
collect2: error: ld returned 1 exit status
make[1]: *** [CMakeFiles/cmTC_0099e.dir/build.make:87: cmTC_0099e] Error 1
make[1]: Leaving directory '/media/jetson/home/selfdriving/build/zed_nodelets/CMakeFiles/CMakeTmp'
make: *** [Makefile:121: cmTC_0099e/fast] Error 2


Source file was:
#include <pthread.h>

void* test_func(void* data)
{
  return data;
}

int main(void)
{
  pthread_t thread;
  pthread_create(&thread, NULL, test_func, NULL);
  pthread_detach(thread);
  pthread_join(thread, NULL);
  pthread_atfork(NULL, NULL, NULL);
  pthread_exit(NULL);

  return 0;
}

Determining if the function pthread_create exists in the pthreads failed with the following output:
Change Dir: /media/jetson/home/selfdriving/build/zed_nodelets/CMakeFiles/CMakeTmp

Run Build Command(s):/usr/bin/make cmTC_b4d36/fast && /usr/bin/make -f CMakeFiles/cmTC_b4d36.dir/build.make CMakeFiles/cmTC_b4d36.dir/build
make[1]: Entering directory '/media/jetson/home/selfdriving/build/zed_nodelets/CMakeFiles/CMakeTmp'
Building C object CMakeFiles/cmTC_b4d36.dir/CheckFunctionExists.c.o
/usr/bin/cc   -DCHECK_FUNCTION_EXISTS=pthread_create   -o CMakeFiles/cmTC_b4d36.dir/CheckFunctionExists.c.o   -c /usr/share/cmake-3.16/Modules/CheckFunctionExists.c
Linking C executable cmTC_b4d36
/usr/bin/cmake -E cmake_link_script CMakeFiles/cmTC_b4d36.dir/link.txt --verbose=1
/usr/bin/cc  -DCHECK_FUNCTION_EXISTS=pthread_create    CMakeFiles/cmTC_b4d36.dir/CheckFunctionExists.c.o  -o cmTC_b4d36  -lpthreads 
/usr/bin/ld: cannot find -lpthreads
collect2: error: ld returned 1 exit status
make[1]: *** [CMakeFiles/cmTC_b4d36.dir/build.make:87: cmTC_b4d36] Error 1
make[1]: Leaving directory '/media/jetson/home/selfdriving/build/zed_nodelets/CMakeFiles/CMakeTmp'
make: *** [Makefile:121: cmTC_b4d36/fast] Error 2



