Symlinking /media/jetson/home/selfdriving/devel/share/gennodejs/ros/realsense2_camera/_index.js
Symlinking /media/jetson/home/selfdriving/devel/share/gennodejs/ros/realsense2_camera/msg/Extrinsics.js
Symlinking /media/jetson/home/selfdriving/devel/share/gennodejs/ros/realsense2_camera/msg/_index.js
Symlinking /media/jetson/home/selfdriving/devel/share/gennodejs/ros/realsense2_camera/msg/Metadata.js
Symlinking /media/jetson/home/selfdriving/devel/share/gennodejs/ros/realsense2_camera/msg/IMUInfo.js
Symlinking /media/jetson/home/selfdriving/devel/share/gennodejs/ros/realsense2_camera/srv/_index.js
Symlinking /media/jetson/home/selfdriving/devel/share/gennodejs/ros/realsense2_camera/srv/DeviceInfo.js
Symlinking /media/jetson/home/selfdriving/devel/share/common-lisp/ros/realsense2_camera/msg/IMUInfo.lisp
Symlinking /media/jetson/home/selfdriving/devel/share/common-lisp/ros/realsense2_camera/msg/_package_Metadata.lisp
Symlinking /media/jetson/home/selfdriving/devel/share/common-lisp/ros/realsense2_camera/msg/realsense2_camera-msg.asd
Symlinking /media/jetson/home/selfdriving/devel/share/common-lisp/ros/realsense2_camera/msg/_package_IMUInfo.lisp
Symlinking /media/jetson/home/selfdriving/devel/share/common-lisp/ros/realsense2_camera/msg/_package_Extrinsics.lisp
Symlinking /media/jetson/home/selfdriving/devel/share/common-lisp/ros/realsense2_camera/msg/Extrinsics.lisp
Symlinking /media/jetson/home/selfdriving/devel/share/common-lisp/ros/realsense2_camera/msg/Metadata.lisp
Symlinking /media/jetson/home/selfdriving/devel/share/common-lisp/ros/realsense2_camera/msg/_package.lisp
Symlinking /media/jetson/home/selfdriving/devel/share/common-lisp/ros/realsense2_camera/srv/realsense2_camera-srv.asd
Symlinking /media/jetson/home/selfdriving/devel/share/common-lisp/ros/realsense2_camera/srv/DeviceInfo.lisp
Symlinking /media/jetson/home/selfdriving/devel/share/common-lisp/ros/realsense2_camera/srv/_package_DeviceInfo.lisp
Symlinking /media/jetson/home/selfdriving/devel/share/common-lisp/ros/realsense2_camera/srv/_package.lisp
Symlinking /media/jetson/home/selfdriving/devel/share/roseus/ros/realsense2_camera/manifest.l
Symlinking /media/jetson/home/selfdriving/devel/share/roseus/ros/realsense2_camera/msg/IMUInfo.l
Symlinking /media/jetson/home/selfdriving/devel/share/roseus/ros/realsense2_camera/msg/Metadata.l
Symlinking /media/jetson/home/selfdriving/devel/share/roseus/ros/realsense2_camera/msg/Extrinsics.l
Symlinking /media/jetson/home/selfdriving/devel/share/roseus/ros/realsense2_camera/srv/DeviceInfo.l
Symlinking /media/jetson/home/selfdriving/devel/share/realsense2_camera/cmake/realsense2_cameraConfig-version.cmake
Symlinking /media/jetson/home/selfdriving/devel/share/realsense2_camera/cmake/realsense2_cameraConfig.cmake
Symlinking /media/jetson/home/selfdriving/devel/share/realsense2_camera/cmake/realsense2_camera-msg-paths.cmake
Symlinking /media/jetson/home/selfdriving/devel/share/realsense2_camera/cmake/realsense2_camera-msg-extras.cmake
Symlinking /media/jetson/home/selfdriving/devel/include/realsense2_camera/DeviceInfo.h
Symlinking /media/jetson/home/selfdriving/devel/include/realsense2_camera/IMUInfo.h
Symlinking /media/jetson/home/selfdriving/devel/include/realsense2_camera/DeviceInfoRequest.h
Symlinking /media/jetson/home/selfdriving/devel/include/realsense2_camera/Extrinsics.h
Symlinking /media/jetson/home/selfdriving/devel/include/realsense2_camera/DeviceInfoResponse.h
Symlinking /media/jetson/home/selfdriving/devel/include/realsense2_camera/Metadata.h
Symlinking /media/jetson/home/selfdriving/devel/lib/librealsense2_camera.so
Symlinking /media/jetson/home/selfdriving/devel/lib/pkgconfig/realsense2_camera.pc
Symlinking /media/jetson/home/selfdriving/devel/lib/python3/dist-packages/realsense2_camera/__init__.py
Symlinking /media/jetson/home/selfdriving/devel/lib/python3/dist-packages/realsense2_camera/msg/_IMUInfo.py
Symlinking /media/jetson/home/selfdriving/devel/lib/python3/dist-packages/realsense2_camera/msg/_Extrinsics.py
Symlinking /media/jetson/home/selfdriving/devel/lib/python3/dist-packages/realsense2_camera/msg/_Metadata.py
Symlinking /media/jetson/home/selfdriving/devel/lib/python3/dist-packages/realsense2_camera/msg/__init__.py
Symlinking /media/jetson/home/selfdriving/devel/lib/python3/dist-packages/realsense2_camera/srv/_DeviceInfo.py
Symlinking /media/jetson/home/selfdriving/devel/lib/python3/dist-packages/realsense2_camera/srv/__init__.py
Cleaning: (/home/fachri/selfdriving/devel/.private/realsense2_camera/cmake.lock, /home/fachri/selfdriving/devel/./cmake.lock)
Cleaning: (/home/fachri/selfdriving/devel/.private/realsense2_camera/share/realsense2_camera/cmake/realsense2_camera-msg-extras.cmake, /home/fachri/selfdriving/devel/share/realsense2_camera/cmake/realsense2_camera-msg-extras.cmake)
Cleaning: (/home/fachri/selfdriving/devel/.private/realsense2_camera/share/realsense2_camera/cmake/realsense2_camera-msg-paths.cmake, /home/fachri/selfdriving/devel/share/realsense2_camera/cmake/realsense2_camera-msg-paths.cmake)
Cleaning: (/home/fachri/selfdriving/devel/.private/realsense2_camera/share/realsense2_camera/cmake/realsense2_cameraConfig-version.cmake, /home/fachri/selfdriving/devel/share/realsense2_camera/cmake/realsense2_cameraConfig-version.cmake)
Cleaning: (/home/fachri/selfdriving/devel/.private/realsense2_camera/share/realsense2_camera/cmake/realsense2_cameraConfig.cmake, /home/fachri/selfdriving/devel/share/realsense2_camera/cmake/realsense2_cameraConfig.cmake)
Cleaning: (/home/fachri/selfdriving/devel/.private/realsense2_camera/share/roseus/ros/realsense2_camera/manifest.l, /home/fachri/selfdriving/devel/share/roseus/ros/realsense2_camera/manifest.l)
Cleaning: (/home/fachri/selfdriving/devel/.private/realsense2_camera/share/roseus/ros/realsense2_camera/srv/DeviceInfo.l, /home/fachri/selfdriving/devel/share/roseus/ros/realsense2_camera/srv/DeviceInfo.l)
Cleaning: (/home/fachri/selfdriving/devel/.private/realsense2_camera/share/roseus/ros/realsense2_camera/msg/Extrinsics.l, /home/fachri/selfdriving/devel/share/roseus/ros/realsense2_camera/msg/Extrinsics.l)
Cleaning: (/home/fachri/selfdriving/devel/.private/realsense2_camera/share/roseus/ros/realsense2_camera/msg/IMUInfo.l, /home/fachri/selfdriving/devel/share/roseus/ros/realsense2_camera/msg/IMUInfo.l)
Cleaning: (/home/fachri/selfdriving/devel/.private/realsense2_camera/share/roseus/ros/realsense2_camera/msg/Metadata.l, /home/fachri/selfdriving/devel/share/roseus/ros/realsense2_camera/msg/Metadata.l)
Cleaning: (/home/fachri/selfdriving/devel/.private/realsense2_camera/share/common-lisp/ros/realsense2_camera/srv/_package_DeviceInfo.lisp, /home/fachri/selfdriving/devel/share/common-lisp/ros/realsense2_camera/srv/_package_DeviceInfo.lisp)
Cleaning: (/home/fachri/selfdriving/devel/.private/realsense2_camera/share/common-lisp/ros/realsense2_camera/srv/_package.lisp, /home/fachri/selfdriving/devel/share/common-lisp/ros/realsense2_camera/srv/_package.lisp)
Cleaning: (/home/fachri/selfdriving/devel/.private/realsense2_camera/share/common-lisp/ros/realsense2_camera/srv/DeviceInfo.lisp, /home/fachri/selfdriving/devel/share/common-lisp/ros/realsense2_camera/srv/DeviceInfo.lisp)
Cleaning: (/home/fachri/selfdriving/devel/.private/realsense2_camera/share/common-lisp/ros/realsense2_camera/srv/realsense2_camera-srv.asd, /home/fachri/selfdriving/devel/share/common-lisp/ros/realsense2_camera/srv/realsense2_camera-srv.asd)
Cleaning: (/home/fachri/selfdriving/devel/.private/realsense2_camera/share/common-lisp/ros/realsense2_camera/msg/_package_Extrinsics.lisp, /home/fachri/selfdriving/devel/share/common-lisp/ros/realsense2_camera/msg/_package_Extrinsics.lisp)
Cleaning: (/home/fachri/selfdriving/devel/.private/realsense2_camera/share/common-lisp/ros/realsense2_camera/msg/_package_Metadata.lisp, /home/fachri/selfdriving/devel/share/common-lisp/ros/realsense2_camera/msg/_package_Metadata.lisp)
Cleaning: (/home/fachri/selfdriving/devel/.private/realsense2_camera/share/common-lisp/ros/realsense2_camera/msg/_package.lisp, /home/fachri/selfdriving/devel/share/common-lisp/ros/realsense2_camera/msg/_package.lisp)
Cleaning: (/home/fachri/selfdriving/devel/.private/realsense2_camera/share/common-lisp/ros/realsense2_camera/msg/_package_IMUInfo.lisp, /home/fachri/selfdriving/devel/share/common-lisp/ros/realsense2_camera/msg/_package_IMUInfo.lisp)
Cleaning: (/home/fachri/selfdriving/devel/.private/realsense2_camera/share/common-lisp/ros/realsense2_camera/msg/realsense2_camera-msg.asd, /home/fachri/selfdriving/devel/share/common-lisp/ros/realsense2_camera/msg/realsense2_camera-msg.asd)
Cleaning: (/home/fachri/selfdriving/devel/.private/realsense2_camera/share/common-lisp/ros/realsense2_camera/msg/Metadata.lisp, /home/fachri/selfdriving/devel/share/common-lisp/ros/realsense2_camera/msg/Metadata.lisp)
Cleaning: (/home/fachri/selfdriving/devel/.private/realsense2_camera/share/common-lisp/ros/realsense2_camera/msg/Extrinsics.lisp, /home/fachri/selfdriving/devel/share/common-lisp/ros/realsense2_camera/msg/Extrinsics.lisp)
Cleaning: (/home/fachri/selfdriving/devel/.private/realsense2_camera/share/common-lisp/ros/realsense2_camera/msg/IMUInfo.lisp, /home/fachri/selfdriving/devel/share/common-lisp/ros/realsense2_camera/msg/IMUInfo.lisp)
Cleaning: (/home/fachri/selfdriving/devel/.private/realsense2_camera/share/gennodejs/ros/realsense2_camera/_index.js, /home/fachri/selfdriving/devel/share/gennodejs/ros/realsense2_camera/_index.js)
Cleaning: (/home/fachri/selfdriving/devel/.private/realsense2_camera/share/gennodejs/ros/realsense2_camera/srv/DeviceInfo.js, /home/fachri/selfdriving/devel/share/gennodejs/ros/realsense2_camera/srv/DeviceInfo.js)
Cleaning: (/home/fachri/selfdriving/devel/.private/realsense2_camera/share/gennodejs/ros/realsense2_camera/srv/_index.js, /home/fachri/selfdriving/devel/share/gennodejs/ros/realsense2_camera/srv/_index.js)
Cleaning: (/home/fachri/selfdriving/devel/.private/realsense2_camera/share/gennodejs/ros/realsense2_camera/msg/Metadata.js, /home/fachri/selfdriving/devel/share/gennodejs/ros/realsense2_camera/msg/Metadata.js)
Cleaning: (/home/fachri/selfdriving/devel/.private/realsense2_camera/share/gennodejs/ros/realsense2_camera/msg/IMUInfo.js, /home/fachri/selfdriving/devel/share/gennodejs/ros/realsense2_camera/msg/IMUInfo.js)
Cleaning: (/home/fachri/selfdriving/devel/.private/realsense2_camera/share/gennodejs/ros/realsense2_camera/msg/Extrinsics.js, /home/fachri/selfdriving/devel/share/gennodejs/ros/realsense2_camera/msg/Extrinsics.js)
Cleaning: (/home/fachri/selfdriving/devel/.private/realsense2_camera/share/gennodejs/ros/realsense2_camera/msg/_index.js, /home/fachri/selfdriving/devel/share/gennodejs/ros/realsense2_camera/msg/_index.js)
Cleaning: (/home/fachri/selfdriving/devel/.private/realsense2_camera/lib/librealsense2_camera.so, /home/fachri/selfdriving/devel/lib/librealsense2_camera.so)
Cleaning: (/home/fachri/selfdriving/devel/.private/realsense2_camera/lib/python3/dist-packages/realsense2_camera/__init__.py, /home/fachri/selfdriving/devel/lib/python3/dist-packages/realsense2_camera/__init__.py)
Cleaning: (/home/fachri/selfdriving/devel/.private/realsense2_camera/lib/python3/dist-packages/realsense2_camera/srv/_DeviceInfo.py, /home/fachri/selfdriving/devel/lib/python3/dist-packages/realsense2_camera/srv/_DeviceInfo.py)
Cleaning: (/home/fachri/selfdriving/devel/.private/realsense2_camera/lib/python3/dist-packages/realsense2_camera/srv/__init__.py, /home/fachri/selfdriving/devel/lib/python3/dist-packages/realsense2_camera/srv/__init__.py)
Cleaning: (/home/fachri/selfdriving/devel/.private/realsense2_camera/lib/python3/dist-packages/realsense2_camera/msg/_IMUInfo.py, /home/fachri/selfdriving/devel/lib/python3/dist-packages/realsense2_camera/msg/_IMUInfo.py)
Cleaning: (/home/fachri/selfdriving/devel/.private/realsense2_camera/lib/python3/dist-packages/realsense2_camera/msg/_Extrinsics.py, /home/fachri/selfdriving/devel/lib/python3/dist-packages/realsense2_camera/msg/_Extrinsics.py)
Cleaning: (/home/fachri/selfdriving/devel/.private/realsense2_camera/lib/python3/dist-packages/realsense2_camera/msg/__init__.py, /home/fachri/selfdriving/devel/lib/python3/dist-packages/realsense2_camera/msg/__init__.py)
Cleaning: (/home/fachri/selfdriving/devel/.private/realsense2_camera/lib/python3/dist-packages/realsense2_camera/msg/_Metadata.py, /home/fachri/selfdriving/devel/lib/python3/dist-packages/realsense2_camera/msg/_Metadata.py)
Cleaning: (/home/fachri/selfdriving/devel/.private/realsense2_camera/lib/pkgconfig/realsense2_camera.pc, /home/fachri/selfdriving/devel/lib/pkgconfig/realsense2_camera.pc)
Cleaning: (/home/fachri/selfdriving/devel/.private/realsense2_camera/include/realsense2_camera/DeviceInfo.h, /home/fachri/selfdriving/devel/include/realsense2_camera/DeviceInfo.h)
Cleaning: (/home/fachri/selfdriving/devel/.private/realsense2_camera/include/realsense2_camera/IMUInfo.h, /home/fachri/selfdriving/devel/include/realsense2_camera/IMUInfo.h)
Cleaning: (/home/fachri/selfdriving/devel/.private/realsense2_camera/include/realsense2_camera/DeviceInfoRequest.h, /home/fachri/selfdriving/devel/include/realsense2_camera/DeviceInfoRequest.h)
Cleaning: (/home/fachri/selfdriving/devel/.private/realsense2_camera/include/realsense2_camera/Metadata.h, /home/fachri/selfdriving/devel/include/realsense2_camera/Metadata.h)
Cleaning: (/home/fachri/selfdriving/devel/.private/realsense2_camera/include/realsense2_camera/Extrinsics.h, /home/fachri/selfdriving/devel/include/realsense2_camera/Extrinsics.h)
Cleaning: (/home/fachri/selfdriving/devel/.private/realsense2_camera/include/realsense2_camera/DeviceInfoResponse.h, /home/fachri/selfdriving/devel/include/realsense2_camera/DeviceInfoResponse.h)
Unlinking: /home/fachri/selfdriving/devel/share/realsense2_camera/cmake/realsense2_camera-msg-extras.cmake
Already unlinked: {}
Unlinking: /home/fachri/selfdriving/devel/share/realsense2_camera/cmake/realsense2_camera-msg-paths.cmake
Already unlinked: {}
Unlinking: /home/fachri/selfdriving/devel/share/realsense2_camera/cmake/realsense2_cameraConfig-version.cmake
Already unlinked: {}
Unlinking: /home/fachri/selfdriving/devel/share/realsense2_camera/cmake/realsense2_cameraConfig.cmake
Already unlinked: {}
Unlinking: /home/fachri/selfdriving/devel/share/roseus/ros/realsense2_camera/manifest.l
Already unlinked: {}
Unlinking: /home/fachri/selfdriving/devel/share/roseus/ros/realsense2_camera/srv/DeviceInfo.l
Already unlinked: {}
Unlinking: /home/fachri/selfdriving/devel/share/roseus/ros/realsense2_camera/msg/Extrinsics.l
Already unlinked: {}
Unlinking: /home/fachri/selfdriving/devel/share/roseus/ros/realsense2_camera/msg/IMUInfo.l
Already unlinked: {}
Unlinking: /home/fachri/selfdriving/devel/share/roseus/ros/realsense2_camera/msg/Metadata.l
Already unlinked: {}
Unlinking: /home/fachri/selfdriving/devel/share/common-lisp/ros/realsense2_camera/srv/_package_DeviceInfo.lisp
Already unlinked: {}
Unlinking: /home/fachri/selfdriving/devel/share/common-lisp/ros/realsense2_camera/srv/_package.lisp
Already unlinked: {}
Unlinking: /home/fachri/selfdriving/devel/share/common-lisp/ros/realsense2_camera/srv/DeviceInfo.lisp
Already unlinked: {}
Unlinking: /home/fachri/selfdriving/devel/share/common-lisp/ros/realsense2_camera/srv/realsense2_camera-srv.asd
Already unlinked: {}
Unlinking: /home/fachri/selfdriving/devel/share/common-lisp/ros/realsense2_camera/msg/_package_Extrinsics.lisp
Already unlinked: {}
Unlinking: /home/fachri/selfdriving/devel/share/common-lisp/ros/realsense2_camera/msg/_package_Metadata.lisp
Already unlinked: {}
Unlinking: /home/fachri/selfdriving/devel/share/common-lisp/ros/realsense2_camera/msg/_package.lisp
Already unlinked: {}
Unlinking: /home/fachri/selfdriving/devel/share/common-lisp/ros/realsense2_camera/msg/_package_IMUInfo.lisp
Already unlinked: {}
Unlinking: /home/fachri/selfdriving/devel/share/common-lisp/ros/realsense2_camera/msg/realsense2_camera-msg.asd
Already unlinked: {}
Unlinking: /home/fachri/selfdriving/devel/share/common-lisp/ros/realsense2_camera/msg/Metadata.lisp
Already unlinked: {}
Unlinking: /home/fachri/selfdriving/devel/share/common-lisp/ros/realsense2_camera/msg/Extrinsics.lisp
Already unlinked: {}
Unlinking: /home/fachri/selfdriving/devel/share/common-lisp/ros/realsense2_camera/msg/IMUInfo.lisp
Already unlinked: {}
Unlinking: /home/fachri/selfdriving/devel/share/gennodejs/ros/realsense2_camera/_index.js
Already unlinked: {}
Unlinking: /home/fachri/selfdriving/devel/share/gennodejs/ros/realsense2_camera/srv/DeviceInfo.js
Already unlinked: {}
Unlinking: /home/fachri/selfdriving/devel/share/gennodejs/ros/realsense2_camera/srv/_index.js
Already unlinked: {}
Unlinking: /home/fachri/selfdriving/devel/share/gennodejs/ros/realsense2_camera/msg/Metadata.js
Already unlinked: {}
Unlinking: /home/fachri/selfdriving/devel/share/gennodejs/ros/realsense2_camera/msg/IMUInfo.js
Already unlinked: {}
Unlinking: /home/fachri/selfdriving/devel/share/gennodejs/ros/realsense2_camera/msg/Extrinsics.js
Already unlinked: {}
Unlinking: /home/fachri/selfdriving/devel/share/gennodejs/ros/realsense2_camera/msg/_index.js
Already unlinked: {}
Unlinking: /home/fachri/selfdriving/devel/lib/librealsense2_camera.so
Already unlinked: {}
Unlinking: /home/fachri/selfdriving/devel/lib/python3/dist-packages/realsense2_camera/__init__.py
Already unlinked: {}
Unlinking: /home/fachri/selfdriving/devel/lib/python3/dist-packages/realsense2_camera/srv/_DeviceInfo.py
Already unlinked: {}
Unlinking: /home/fachri/selfdriving/devel/lib/python3/dist-packages/realsense2_camera/srv/__init__.py
Already unlinked: {}
Unlinking: /home/fachri/selfdriving/devel/lib/python3/dist-packages/realsense2_camera/msg/_IMUInfo.py
Already unlinked: {}
Unlinking: /home/fachri/selfdriving/devel/lib/python3/dist-packages/realsense2_camera/msg/_Extrinsics.py
Already unlinked: {}
Unlinking: /home/fachri/selfdriving/devel/lib/python3/dist-packages/realsense2_camera/msg/__init__.py
Already unlinked: {}
Unlinking: /home/fachri/selfdriving/devel/lib/python3/dist-packages/realsense2_camera/msg/_Metadata.py
Already unlinked: {}
Unlinking: /home/fachri/selfdriving/devel/lib/pkgconfig/realsense2_camera.pc
Already unlinked: {}
Unlinking: /home/fachri/selfdriving/devel/include/realsense2_camera/DeviceInfo.h
Already unlinked: {}
Unlinking: /home/fachri/selfdriving/devel/include/realsense2_camera/IMUInfo.h
Already unlinked: {}
Unlinking: /home/fachri/selfdriving/devel/include/realsense2_camera/DeviceInfoRequest.h
Already unlinked: {}
Unlinking: /home/fachri/selfdriving/devel/include/realsense2_camera/Metadata.h
Already unlinked: {}
Unlinking: /home/fachri/selfdriving/devel/include/realsense2_camera/Extrinsics.h
Already unlinked: {}
Unlinking: /home/fachri/selfdriving/devel/include/realsense2_camera/DeviceInfoResponse.h
Already unlinked: {}
