[  0%] Built target _realsense2_camera_generate_messages_check_deps_DeviceInfo
[  0%] Built target std_msgs_generate_messages_py
[  0%] Built target sensor_msgs_generate_messages_py
[  0%] Built target _realsense2_camera_generate_messages_check_deps_IMUInfo
[  0%] Built target _realsense2_camera_generate_messages_check_deps_Extrinsics
[  0%] Built target _realsense2_camera_generate_messages_check_deps_Metadata
[  0%] Built target std_msgs_generate_messages_cpp
[  0%] Built target sensor_msgs_generate_messages_cpp
[  0%] Built target std_msgs_generate_messages_eus
[  0%] Built target sensor_msgs_generate_messages_eus
[  0%] Built target std_msgs_generate_messages_lisp
[  0%] Built target sensor_msgs_generate_messages_lisp
[  0%] Built target std_msgs_generate_messages_nodejs
[  0%] Built target sensor_msgs_generate_messages_nodejs
[  0%] Built target nav_msgs_generate_messages_cpp
[  0%] Built target _catkin_empty_exported_target
[  0%] Built target nav_msgs_generate_messages_nodejs
[  0%] Built target nav_msgs_generate_messages_lisp
[  0%] Built target geometry_msgs_generate_messages_cpp
[  0%] Built target nav_msgs_generate_messages_py
[  0%] Built target nav_msgs_generate_messages_eus
[  0%] Built target geometry_msgs_generate_messages_eus
[  0%] Built target geometry_msgs_generate_messages_nodejs
[  0%] Built target geometry_msgs_generate_messages_py
[  0%] Built target geometry_msgs_generate_messages_lisp
[  0%] Built target actionlib_msgs_generate_messages_cpp
[  0%] Built target actionlib_msgs_generate_messages_eus
[  0%] Built target actionlib_msgs_generate_messages_nodejs
[  0%] Built target actionlib_msgs_generate_messages_py
[  0%] Built target actionlib_msgs_generate_messages_lisp
[  0%] Built target roscpp_generate_messages_eus
[  0%] Built target roscpp_generate_messages_lisp
[  0%] Built target roscpp_generate_messages_nodejs
[  0%] Built target roscpp_generate_messages_cpp
[  0%] Built target rosgraph_msgs_generate_messages_cpp
[  0%] Built target roscpp_generate_messages_py
[  0%] Built target rosgraph_msgs_generate_messages_eus
[  0%] Built target rosgraph_msgs_generate_messages_lisp
[  0%] Built target rosgraph_msgs_generate_messages_py
[  0%] Built target rosgraph_msgs_generate_messages_nodejs
[  0%] Built target std_srvs_generate_messages_eus
[  0%] Built target std_srvs_generate_messages_cpp
[  0%] Built target std_srvs_generate_messages_lisp
[  0%] Built target std_srvs_generate_messages_nodejs
[  0%] Built target std_srvs_generate_messages_py
[  0%] Built target nodelet_generate_messages_cpp
[  0%] Built target nodelet_generate_messages_lisp
[  0%] Built target nodelet_generate_messages_eus
[  0%] Built target nodelet_generate_messages_nodejs
[  0%] Built target nodelet_generate_messages_py
[  0%] Built target bond_generate_messages_cpp
[  0%] Built target bond_generate_messages_eus
[  0%] Built target bond_generate_messages_lisp
[  0%] Built target bond_generate_messages_nodejs
[  0%] Built target tf_generate_messages_cpp
[  0%] Built target bond_generate_messages_py
[  0%] Built target tf_generate_messages_eus
[  0%] Built target tf_generate_messages_nodejs
[  0%] Built target tf_generate_messages_lisp
[  0%] Built target tf_generate_messages_py
[  0%] Built target actionlib_generate_messages_cpp
[  0%] Built target actionlib_generate_messages_nodejs
[  0%] Built target actionlib_generate_messages_eus
[  0%] Built target actionlib_generate_messages_lisp
[  0%] Built target actionlib_generate_messages_py
[  0%] Built target tf2_msgs_generate_messages_eus
[  0%] Built target tf2_msgs_generate_messages_cpp
[  0%] Built target tf2_msgs_generate_messages_lisp
[  0%] Built target tf2_msgs_generate_messages_py
[  0%] Built target dynamic_reconfigure_generate_messages_cpp
[  0%] Built target dynamic_reconfigure_generate_messages_eus
[  0%] Built target tf2_msgs_generate_messages_nodejs
[  0%] Built target dynamic_reconfigure_generate_messages_lisp
[  0%] Built target dynamic_reconfigure_generate_messages_nodejs
[  0%] Built target dynamic_reconfigure_gencfg
[  0%] Built target dynamic_reconfigure_generate_messages_py
[  0%] Built target diagnostic_msgs_generate_messages_cpp
[  0%] Built target diagnostic_msgs_generate_messages_lisp
[  0%] Built target diagnostic_msgs_generate_messages_eus
[  0%] Built target diagnostic_msgs_generate_messages_nodejs
[  3%] [34m[1mGenerating Python from MSG realsense2_camera/IMUInfo[0m
[  3%] Built target diagnostic_msgs_generate_messages_py
[  7%] [34m[1mGenerating C++ code from realsense2_camera/IMUInfo.msg[0m
[ 11%] [34m[1mGenerating Lisp code from realsense2_camera/IMUInfo.msg[0m
[ 14%] [34m[1mGenerating EusLisp code from realsense2_camera/IMUInfo.msg[0m
[ 18%] [34m[1mGenerating Lisp code from realsense2_camera/Extrinsics.msg[0m
[ 22%] [34m[1mGenerating EusLisp code from realsense2_camera/Extrinsics.msg[0m
[ 25%] [34m[1mGenerating C++ code from realsense2_camera/Extrinsics.msg[0m
[ 29%] [34m[1mGenerating Javascript code from realsense2_camera/IMUInfo.msg[0m
[ 33%] [34m[1mGenerating Lisp code from realsense2_camera/Metadata.msg[0m
[ 37%] [34m[1mGenerating Python from MSG realsense2_camera/Extrinsics[0m
[ 40%] [34m[1mGenerating Javascript code from realsense2_camera/Extrinsics.msg[0m
[ 44%] [34m[1mGenerating Lisp code from realsense2_camera/DeviceInfo.srv[0m
[ 48%] [34m[1mGenerating EusLisp code from realsense2_camera/Metadata.msg[0m
[ 51%] [34m[1mGenerating C++ code from realsense2_camera/Metadata.msg[0m
[ 55%] [34m[1mGenerating Javascript code from realsense2_camera/Metadata.msg[0m
[ 55%] Built target realsense2_camera_generate_messages_lisp
[ 59%] [34m[1mGenerating Javascript code from realsense2_camera/DeviceInfo.srv[0m
[ 62%] [34m[1mGenerating EusLisp code from realsense2_camera/DeviceInfo.srv[0m
[ 66%] [34m[1mGenerating EusLisp manifest code for realsense2_camera[0m
[ 66%] Built target realsense2_camera_generate_messages_nodejs
[ 70%] [34m[1mGenerating C++ code from realsense2_camera/DeviceInfo.srv[0m
[ 74%] [34m[1mGenerating Python from MSG realsense2_camera/Metadata[0m
[ 77%] [34m[1mGenerating Python code from SRV realsense2_camera/DeviceInfo[0m
[ 77%] Built target realsense2_camera_generate_messages_cpp
[ 81%] [32mBuilding CXX object CMakeFiles/realsense2_camera.dir/src/realsense_node_factory.cpp.o[0m
[ 85%] [32mBuilding CXX object CMakeFiles/realsense2_camera.dir/src/base_realsense_node.cpp.o[0m
[ 88%] [34m[1mGenerating Python msg __init__.py for realsense2_camera[0m
[ 88%] Built target realsense2_camera_generate_messages_eus
[ 92%] [34m[1mGenerating Python srv __init__.py for realsense2_camera[0m
[ 92%] Built target realsense2_camera_generate_messages_py
[ 92%] Built target realsense2_camera_generate_messages
[ 96%] [32mBuilding CXX object CMakeFiles/realsense2_camera.dir/src/t265_realsense_node.cpp.o[0m
In file included from [01m[K/opt/ros/noetic/include/librealsense2/hpp/rs_sensor.hpp:8[m[K,
                 from [01m[K/opt/ros/noetic/include/librealsense2/hpp/rs_device.hpp:8[m[K,
                 from [01m[K/opt/ros/noetic/include/librealsense2/hpp/rs_record_playback.hpp:8[m[K,
                 from [01m[K/opt/ros/noetic/include/librealsense2/hpp/rs_context.hpp:8[m[K,
                 from [01m[K/opt/ros/noetic/include/librealsense2/rs.hpp:9[m[K,
                 from [01m[K/home/jetson/catkin_ws/src/ros-realsense/realsense2_camera/src/../include/realsense_node_factory.h:12[m[K,
                 from [01m[K/home/jetson/catkin_ws/src/ros-realsense/realsense2_camera/src/realsense_node_factory.cpp:4[m[K:
[01m[K/opt/ros/noetic/include/librealsense2/hpp/rs_frame.hpp:[m[K In lambda function:
[01m[K/opt/ros/noetic/include/librealsense2/hpp/rs_frame.hpp:1047:58:[m[K [01;35m[Kwarning: [m[Kcomparison of integer expressions of different signedness: ‘[01m[Kint[m[K’ and ‘[01m[Kconst size_t[m[K’ {aka ‘[01m[Kconst long unsigned int[m[K’} [[01;35m[K-Wsign-compare[m[K]
 1047 |                         [01;35m[Kfrm.get_profile().stream_index() == index[m[K) f = frm;
      |                         [01;35m[K~~~~~~~~~~~~~~~~~~~~~~~~~~~~~~~~~^~~~~~~~[m[K
[01m[K/opt/ros/noetic/include/librealsense2/hpp/rs_frame.hpp:[m[K In lambda function:
[01m[K/opt/ros/noetic/include/librealsense2/hpp/rs_frame.hpp:1069:58:[m[K [01;35m[Kwarning: [m[Kcomparison of integer expressions of different signedness: ‘[01m[Kint[m[K’ and ‘[01m[Kconst size_t[m[K’ {aka ‘[01m[Kconst long unsigned int[m[K’} [[01;35m[K-Wsign-compare[m[K]
 1069 |                         [01;35m[Kfrm.get_profile().stream_index() == index[m[K) f = frm;
      |                         [01;35m[K~~~~~~~~~~~~~~~~~~~~~~~~~~~~~~~~~^~~~~~~~[m[K
[01m[K/opt/ros/noetic/include/librealsense2/hpp/rs_frame.hpp:[m[K In lambda function:
[01m[K/opt/ros/noetic/include/librealsense2/hpp/rs_frame.hpp:1091:58:[m[K [01;35m[Kwarning: [m[Kcomparison of integer expressions of different signedness: ‘[01m[Kint[m[K’ and ‘[01m[Kconst size_t[m[K’ {aka ‘[01m[Kconst long unsigned int[m[K’} [[01;35m[K-Wsign-compare[m[K]
 1091 |                         [01;35m[Kfrm.get_profile().stream_index() == index[m[K) f = frm;
      |                         [01;35m[K~~~~~~~~~~~~~~~~~~~~~~~~~~~~~~~~~^~~~~~~~[m[K
In file included from [01m[K/opt/ros/noetic/include/librealsense2/hpp/rs_sensor.hpp:8[m[K,
                 from [01m[K/opt/ros/noetic/include/librealsense2/hpp/rs_device.hpp:8[m[K,
                 from [01m[K/opt/ros/noetic/include/librealsense2/hpp/rs_record_playback.hpp:8[m[K,
                 from [01m[K/opt/ros/noetic/include/librealsense2/hpp/rs_context.hpp:8[m[K,
                 from [01m[K/opt/ros/noetic/include/librealsense2/rs.hpp:9[m[K,
                 from [01m[K/home/jetson/catkin_ws/src/ros-realsense/realsense2_camera/src/../include/../include/realsense_node_factory.h:12[m[K,
                 from [01m[K/home/jetson/catkin_ws/src/ros-realsense/realsense2_camera/src/../include/base_realsense_node.h:6[m[K,
                 from [01m[K/home/jetson/catkin_ws/src/ros-realsense/realsense2_camera/src/base_realsense_node.cpp:1[m[K:
[01m[K/opt/ros/noetic/include/librealsense2/hpp/rs_frame.hpp:[m[K In lambda function:
[01m[K/opt/ros/noetic/include/librealsense2/hpp/rs_frame.hpp:1047:58:[m[K [01;35m[Kwarning: [m[Kcomparison of integer expressions of different signedness: ‘[01m[Kint[m[K’ and ‘[01m[Kconst size_t[m[K’ {aka ‘[01m[Kconst long unsigned int[m[K’} [[01;35m[K-Wsign-compare[m[K]
 1047 |                         [01;35m[Kfrm.get_profile().stream_index() == index[m[K) f = frm;
      |                         [01;35m[K~~~~~~~~~~~~~~~~~~~~~~~~~~~~~~~~~^~~~~~~~[m[K
[01m[K/opt/ros/noetic/include/librealsense2/hpp/rs_frame.hpp:[m[K In lambda function:
[01m[K/opt/ros/noetic/include/librealsense2/hpp/rs_frame.hpp:1069:58:[m[K [01;35m[Kwarning: [m[Kcomparison of integer expressions of different signedness: ‘[01m[Kint[m[K’ and ‘[01m[Kconst size_t[m[K’ {aka ‘[01m[Kconst long unsigned int[m[K’} [[01;35m[K-Wsign-compare[m[K]
 1069 |                         [01;35m[Kfrm.get_profile().stream_index() == index[m[K) f = frm;
      |                         [01;35m[K~~~~~~~~~~~~~~~~~~~~~~~~~~~~~~~~~^~~~~~~~[m[K
[01m[K/opt/ros/noetic/include/librealsense2/hpp/rs_frame.hpp:[m[K In lambda function:
[01m[K/opt/ros/noetic/include/librealsense2/hpp/rs_frame.hpp:1091:58:[m[K [01;35m[Kwarning: [m[Kcomparison of integer expressions of different signedness: ‘[01m[Kint[m[K’ and ‘[01m[Kconst size_t[m[K’ {aka ‘[01m[Kconst long unsigned int[m[K’} [[01;35m[K-Wsign-compare[m[K]
 1091 |                         [01;35m[Kfrm.get_profile().stream_index() == index[m[K) f = frm;
      |                         [01;35m[K~~~~~~~~~~~~~~~~~~~~~~~~~~~~~~~~~^~~~~~~~[m[K
In file included from [01m[K/opt/ros/noetic/include/librealsense2/hpp/rs_sensor.hpp:8[m[K,
                 from [01m[K/opt/ros/noetic/include/librealsense2/hpp/rs_device.hpp:8[m[K,
                 from [01m[K/opt/ros/noetic/include/librealsense2/hpp/rs_record_playback.hpp:8[m[K,
                 from [01m[K/opt/ros/noetic/include/librealsense2/hpp/rs_context.hpp:8[m[K,
                 from [01m[K/opt/ros/noetic/include/librealsense2/rs.hpp:9[m[K,
                 from [01m[K/home/jetson/catkin_ws/src/ros-realsense/realsense2_camera/include/../include/realsense_node_factory.h:12[m[K,
                 from [01m[K/home/jetson/catkin_ws/src/ros-realsense/realsense2_camera/include/base_realsense_node.h:6[m[K,
                 from [01m[K/home/jetson/catkin_ws/src/ros-realsense/realsense2_camera/src/../include/t265_realsense_node.h:3[m[K,
                 from [01m[K/home/jetson/catkin_ws/src/ros-realsense/realsense2_camera/src/t265_realsense_node.cpp:1[m[K:
[01m[K/opt/ros/noetic/include/librealsense2/hpp/rs_frame.hpp:[m[K In lambda function:
[01m[K/opt/ros/noetic/include/librealsense2/hpp/rs_frame.hpp:1047:58:[m[K [01;35m[Kwarning: [m[Kcomparison of integer expressions of different signedness: ‘[01m[Kint[m[K’ and ‘[01m[Kconst size_t[m[K’ {aka ‘[01m[Kconst long unsigned int[m[K’} [[01;35m[K-Wsign-compare[m[K]
 1047 |                         [01;35m[Kfrm.get_profile().stream_index() == index[m[K) f = frm;
      |                         [01;35m[K~~~~~~~~~~~~~~~~~~~~~~~~~~~~~~~~~^~~~~~~~[m[K
[01m[K/opt/ros/noetic/include/librealsense2/hpp/rs_frame.hpp:[m[K In lambda function:
[01m[K/opt/ros/noetic/include/librealsense2/hpp/rs_frame.hpp:1069:58:[m[K [01;35m[Kwarning: [m[Kcomparison of integer expressions of different signedness: ‘[01m[Kint[m[K’ and ‘[01m[Kconst size_t[m[K’ {aka ‘[01m[Kconst long unsigned int[m[K’} [[01;35m[K-Wsign-compare[m[K]
 1069 |                         [01;35m[Kfrm.get_profile().stream_index() == index[m[K) f = frm;
      |                         [01;35m[K~~~~~~~~~~~~~~~~~~~~~~~~~~~~~~~~~^~~~~~~~[m[K
[01m[K/opt/ros/noetic/include/librealsense2/hpp/rs_frame.hpp:[m[K In lambda function:
[01m[K/opt/ros/noetic/include/librealsense2/hpp/rs_frame.hpp:1091:58:[m[K [01;35m[Kwarning: [m[Kcomparison of integer expressions of different signedness: ‘[01m[Kint[m[K’ and ‘[01m[Kconst size_t[m[K’ {aka ‘[01m[Kconst long unsigned int[m[K’} [[01;35m[K-Wsign-compare[m[K]
 1091 |                         [01;35m[Kfrm.get_profile().stream_index() == index[m[K) f = frm;
      |                         [01;35m[K~~~~~~~~~~~~~~~~~~~~~~~~~~~~~~~~~^~~~~~~~[m[K
[100%] [32m[1mLinking CXX shared library /home/jetson/catkin_ws/devel/.private/realsense2_camera/lib/librealsense2_camera.so[0m
[100%] Built target realsense2_camera
