Symlinking /media/jetson/home/selfdriving/devel/share/hasil/cmake/hasilConfig.cmake
Symlinking /media/jetson/home/selfdriving/devel/share/hasil/cmake/hasilConfig-version.cmake
Symlinking /media/jetson/home/selfdriving/devel/lib/hasil/fps.py
Symlinking /media/jetson/home/selfdriving/devel/lib/hasil/cmake.lock
Symlinking /media/jetson/home/selfdriving/devel/lib/pkgconfig/hasil.pc
Cleaning: (/home/fachri/selfdriving/devel/.private/hasil/cmake.lock, /home/fachri/selfdriving/devel/./cmake.lock)
Cleaning: (/home/fachri/selfdriving/devel/.private/hasil/share/hasil/cmake/hasilConfig.cmake, /home/fachri/selfdriving/devel/share/hasil/cmake/hasilConfig.cmake)
Cleaning: (/home/fachri/selfdriving/devel/.private/hasil/share/hasil/cmake/hasilConfig-version.cmake, /home/fachri/selfdriving/devel/share/hasil/cmake/hasilConfig-version.cmake)
Cleaning: (/home/fachri/selfdriving/devel/.private/hasil/lib/pkgconfig/hasil.pc, /home/fachri/selfdriving/devel/lib/pkgconfig/hasil.pc)
Cleaning: (/home/fachri/selfdriving/devel/.private/hasil/lib/hasil/cmake.lock, /home/fachri/selfdriving/devel/lib/hasil/cmake.lock)
Cleaning: (/home/fachri/selfdriving/devel/.private/hasil/lib/hasil/fps.py, /home/fachri/selfdriving/devel/lib/hasil/fps.py)
Unlinking: /home/fachri/selfdriving/devel/share/hasil/cmake/hasilConfig.cmake
Already unlinked: {}
Unlinking: /home/fachri/selfdriving/devel/share/hasil/cmake/hasilConfig-version.cmake
Already unlinked: {}
Unlinking: /home/fachri/selfdriving/devel/lib/pkgconfig/hasil.pc
Already unlinked: {}
Unlinking: /home/fachri/selfdriving/devel/lib/hasil/cmake.lock
Already unlinked: {}
Unlinking: /home/fachri/selfdriving/devel/lib/hasil/fps.py
Already unlinked: {}
