Not searching for unused variables given on the command line.
[36m--[0m The C compiler identification is GNU 9.4.0
[36m--[0m The CXX compiler identification is GNU 9.4.0
[36m--[0m Check for working C compiler: /usr/bin/cc
[36m--[0m Check for working C compiler: /usr/bin/cc -- works
[36m--[0m Detecting C compiler ABI info
[36m--[0m Detecting C compiler ABI info - done
[36m--[0m Detecting C compile features
[36m--[0m Detecting C compile features - done
[36m--[0m Check for working CXX compiler: /usr/bin/c++
[36m--[0m Check for working CXX compiler: /usr/bin/c++ -- works
[36m--[0m Detecting CXX compiler ABI info
[36m--[0m Detecting CXX compiler ABI info - done
[36m--[0m Detecting CXX compile features
[36m--[0m Detecting CXX compile features - done
[36m--[0m Using CATKIN_DEVEL_PREFIX: /media/jetson/home/selfdriving/devel/.private/polylannet
[36m--[0m Using CMAKE_PREFIX_PATH: /media/jetson/home/selfdriving/devel;/opt/ros/noetic
[36m--[0m This workspace overlays: /media/jetson/home/selfdriving/devel;/opt/ros/noetic
[36m--[0m Found PythonInterp: /usr/bin/python3 (found suitable version "3.8.10", minimum required is "3")
[36m--[0m Using PYTHON_EXECUTABLE: /usr/bin/python3
[36m--[0m Using Debian Python package layout
[36m--[0m Found PY_em: /usr/lib/python3/dist-packages/em.py
[36m--[0m Using empy: /usr/lib/python3/dist-packages/em.py
[36m--[0m Using CATKIN_ENABLE_TESTING: ON
[36m--[0m Call enable_testing()
[36m--[0m Using CATKIN_TEST_RESULTS_DIR: /media/jetson/home/selfdriving/build/polylannet/test_results
[36m--[0m Forcing gtest/gmock from source, though one was otherwise available.
[36m--[0m Found gtest sources under '/usr/src/googletest': gtests will be built
[36m--[0m Found gmock sources under '/usr/src/googletest': gmock will be built
[36m--[0m Found PythonInterp: /usr/bin/python3 (found version "3.8.10")
[36m--[0m Found Threads: TRUE
[36m--[0m Using Python nosetests: /usr/bin/nosetests3
[36m--[0m catkin 0.8.10
[36m--[0m BUILD_SHARED_LIBS is on
CMake Warning (dev) at /opt/ros/noetic/share/catkin/cmake/catkin_python_setup.cmake:73 (if):
  Policy CMP0054 is not set: Only interpret if() arguments as variables or
  keywords when unquoted.  Run "cmake --help-policy CMP0054" for policy
  details.  Use the cmake_policy command to set the policy and suppress this
  warning.

  Quoted variables like "lib" will no longer be dereferenced when the policy
  is set to NEW.  Since the policy is not set the OLD behavior will be used.
[36mCall Stack (most recent call first):[0m
  CMakeLists.txt:23 (catkin_python_setup)
This warning is for project developers.  Use -Wno-dev to suppress it.

CMake Warning (dev) at /opt/ros/noetic/share/catkin/cmake/catkin_python_setup.cmake:80 (if):
  Policy CMP0054 is not set: Only interpret if() arguments as variables or
  keywords when unquoted.  Run "cmake --help-policy CMP0054" for policy
  details.  Use the cmake_policy command to set the policy and suppress this
  warning.

  Quoted variables like "lib" will no longer be dereferenced when the policy
  is set to NEW.  Since the policy is not set the OLD behavior will be used.
[36mCall Stack (most recent call first):[0m
  CMakeLists.txt:23 (catkin_python_setup)
This warning is for project developers.  Use -Wno-dev to suppress it.

[36m--[0m Installing devel-space wrapper /media/jetson/home/selfdriving/src/polylannet/src/test.py to /media/jetson/home/selfdriving/devel/.private/polylannet/lib/polylannet
[36m--[0m Installing devel-space wrapper /media/jetson/home/selfdriving/src/polylannet/src/infer.py to /media/jetson/home/selfdriving/devel/.private/polylannet/lib/polylannet
[36m--[0m Installing devel-space wrapper /media/jetson/home/selfdriving/src/polylannet/src/video-infer.py to /media/jetson/home/selfdriving/devel/.private/polylannet/lib/polylannet
[36m--[0m Configuring done
[36m--[0m Generating done
[36m--[0m Build files have been written to: /media/jetson/home/selfdriving/build/polylannet
