Symlinking /media/jetson/home/selfdriving/devel/share/gps/cmake/gpsConfig-version.cmake
Symlinking /media/jetson/home/selfdriving/devel/share/gps/cmake/gpsConfig.cmake
Symlinking /media/jetson/home/selfdriving/devel/lib/pkgconfig/gps.pc
Symlinking /media/jetson/home/selfdriving/devel/lib/gps/cmake.lock
Symlinking /media/jetson/home/selfdriving/devel/lib/gps/tcp_mevi.py
Cleaning: (/home/fachri/selfdriving/devel/.private/gps/cmake.lock, /home/fachri/selfdriving/devel/./cmake.lock)
Cleaning: (/home/fachri/selfdriving/devel/.private/gps/share/gps/cmake/gpsConfig.cmake, /home/fachri/selfdriving/devel/share/gps/cmake/gpsConfig.cmake)
Cleaning: (/home/fachri/selfdriving/devel/.private/gps/share/gps/cmake/gpsConfig-version.cmake, /home/fachri/selfdriving/devel/share/gps/cmake/gpsConfig-version.cmake)
Cleaning: (/home/fachri/selfdriving/devel/.private/gps/lib/pkgconfig/gps.pc, /home/fachri/selfdriving/devel/lib/pkgconfig/gps.pc)
Cleaning: (/home/fachri/selfdriving/devel/.private/gps/lib/gps/tcp_mevi.py, /home/fachri/selfdriving/devel/lib/gps/tcp_mevi.py)
Cleaning: (/home/fachri/selfdriving/devel/.private/gps/lib/gps/cmake.lock, /home/fachri/selfdriving/devel/lib/gps/cmake.lock)
Unlinking: /home/fachri/selfdriving/devel/share/gps/cmake/gpsConfig.cmake
Already unlinked: {}
Unlinking: /home/fachri/selfdriving/devel/share/gps/cmake/gpsConfig-version.cmake
Already unlinked: {}
Unlinking: /home/fachri/selfdriving/devel/lib/pkgconfig/gps.pc
Already unlinked: {}
Unlinking: /home/fachri/selfdriving/devel/lib/gps/tcp_mevi.py
Already unlinked: {}
Unlinking: /home/fachri/selfdriving/devel/lib/gps/cmake.lock
Already unlinked: {}
